Log file open, 08/30/18 13:46:40
LogWindows: Failed to load 'aqProf.dll' (GetLastError=126)
LogWindows: File 'aqProf.dll' does not exist
LogWindows: Failed to load 'VtuneApi.dll' (GetLastError=126)
LogWindows: File 'VtuneApi.dll' does not exist
LogWindows: Failed to load 'VtuneApi32e.dll' (GetLastError=126)
LogWindows: File 'VtuneApi32e.dll' does not exist
LogInit: Display: Running engine for game: FPSMultiPlayerBP
LogPlatformFile: Not using cached read wrapper
LogTaskGraph: Started task graph with 5 named threads and 23 total threads with 3 sets of task threads.
LogStats: Stats thread started at 0.309297
LogD3D11RHI: Loaded GFSDK_Aftermath_Lib.x64.dll
LogICUInternationalization: Display: ICU TimeZone Detection - Raw Offset: +12:00, Platform Override: ''
LogPluginManager: Mounting plugin Paper2D
LogPluginManager: Mounting plugin AISupport
LogPluginManager: Mounting plugin LightPropagationVolume
LogPluginManager: Mounting plugin CLionSourceCodeAccess
LogPluginManager: Mounting plugin CodeLiteSourceCodeAccess
LogPluginManager: Mounting plugin GitSourceControl
LogPluginManager: Mounting plugin KDevelopSourceCodeAccess
LogPluginManager: Mounting plugin NullSourceCodeAccess
LogPluginManager: Mounting plugin PerforceSourceControl
LogPluginManager: Mounting plugin SubversionSourceControl
LogPluginManager: Mounting plugin UObjectPlugin
LogPluginManager: Mounting plugin VisualStudioCodeSourceCodeAccess
LogPluginManager: Mounting plugin VisualStudioSourceCodeAccess
LogPluginManager: Mounting plugin XCodeSourceCodeAccess
LogPluginManager: Mounting plugin AssetManagerEditor
LogPluginManager: Mounting plugin CryptoKeys
LogPluginManager: Mounting plugin DataValidation
LogPluginManager: Mounting plugin FacialAnimation
LogPluginManager: Mounting plugin GameplayTagsEditor
LogPluginManager: Mounting plugin MacGraphicsSwitching
LogPluginManager: Mounting plugin MeshEditor
LogPluginManager: Mounting plugin MobileLauncherProfileWizard
LogPluginManager: Mounting plugin PluginBrowser
LogPluginManager: Mounting plugin SpeedTreeImporter
LogPluginManager: Mounting plugin DatasmithContent
LogPluginManager: Mounting plugin AlembicImporter
LogPluginManager: Mounting plugin AppleImageUtils
LogPluginManager: Mounting plugin AppleVision
LogPluginManager: Mounting plugin BackChannel
LogPluginManager: Mounting plugin CharacterAI
LogPluginManager: Mounting plugin GeometryCache
LogPluginManager: Mounting plugin HTML5Networking
LogPluginManager: Mounting plugin ProxyLODPlugin
LogPluginManager: Mounting plugin MagicLeap
LogPluginManager: Mounting plugin MagicLeapEmulator
LogPluginManager: Mounting plugin MagicLeapMedia
LogPluginManager: Mounting plugin AndroidMedia
LogPluginManager: Mounting plugin AvfMedia
LogPluginManager: Mounting plugin ImgMedia
LogPluginManager: Mounting plugin LinearTimecode
LogPluginManager: Mounting plugin MediaCompositing
LogPluginManager: Mounting plugin MediaPlayerEditor
LogPluginManager: Mounting plugin WmfMedia
LogPluginManager: Mounting plugin TcpMessaging
LogPluginManager: Mounting plugin UdpMessaging
LogPluginManager: Mounting plugin ActorSequence
LogPluginManager: Mounting plugin LevelSequenceEditor
LogPluginManager: Mounting plugin MatineeToLevelSequence
LogPluginManager: Mounting plugin NetcodeUnitTest
LogPluginManager: Mounting plugin NUTUnrealEngine4
LogPluginManager: Mounting plugin OnlineSubsystemGooglePlay
LogPluginManager: Mounting plugin OnlineSubsystemIOS
LogPluginManager: Mounting plugin OnlineSubsystem
LogPluginManager: Mounting plugin OnlineSubsystemNull
LogPluginManager: Mounting plugin OnlineSubsystemSteam
LogPluginManager: Mounting plugin OnlineSubsystemUtils
LogPluginManager: Mounting plugin LauncherChunkInstaller
LogPluginManager: Mounting plugin AndroidDeviceProfileSelector
LogPluginManager: Mounting plugin AndroidMoviePlayer
LogPluginManager: Mounting plugin AndroidPermission
LogPluginManager: Mounting plugin AppleMoviePlayer
LogPluginManager: Mounting plugin ArchVisCharacter
LogPluginManager: Mounting plugin AudioCapture
LogPluginManager: Mounting plugin CableComponent
LogPluginManager: Mounting plugin CustomMeshComponent
LogPluginManager: Mounting plugin EditableMesh
LogPluginManager: Mounting plugin ExampleDeviceProfileSelector
LogPluginManager: Mounting plugin GoogleCloudMessaging
LogPluginManager: Mounting plugin ImmediatePhysics
LogPluginManager: Mounting plugin IOSDeviceProfileSelector
LogPluginManager: Mounting plugin LinuxDeviceProfileSelector
LogPluginManager: Mounting plugin LocationServicesBPLibrary
LogPluginManager: Mounting plugin MobilePatchingUtils
LogPluginManager: Mounting plugin OculusVR
LogPluginManager: Plugin shader directory ../../../Engine/Plugins/Runtime/Oculus/OculusVR/Shaders found
LogPluginManager: Mapping shader source directory ../../../Engine/Plugins/Runtime/Oculus/OculusVR/Shaders to virtual directory /Plugin/OculusVR
LogPluginManager: Mounting plugin PhysXVehicles
LogPluginManager: Mounting plugin ProceduralMeshComponent
LogPluginManager: Mounting plugin RuntimePhysXCooking
LogPluginManager: Mounting plugin SteamVR
LogPluginManager: Mounting plugin WindowsMoviePlayer
LogStreaming: Display: Took  0.389s to configure plugins.
LogInit: Using libcurl 7.55.1-DEV
LogInit:  - built for x86_64-pc-win32
LogInit:  - supports SSL with OpenSSL/1.0.2h
LogInit:  - supports HTTP deflate (compression) using libz 1.2.8
LogInit:  - other features:
LogInit:      CURL_VERSION_SSL
LogInit:      CURL_VERSION_LIBZ
LogInit:      CURL_VERSION_IPV6
LogInit:      CURL_VERSION_ASYNCHDNS
LogInit:      CURL_VERSION_LARGEFILE
LogInit:      CURL_VERSION_IDN
LogInit:  CurlRequestOptions (configurable via config and command line):
LogInit:  - bVerifyPeer = false  - Libcurl will NOT verify peer certificate
LogInit:  - bUseHttpProxy = false  - Libcurl will NOT use HTTP proxy
LogInit:  - bDontReuseConnections = false  - Libcurl will reuse connections
LogInit:  - CertBundlePath = nullptr  - Libcurl will use whatever was configured at build time.
LogInit:  - MaxHostConnections = 16  - Libcurl will limit the number of connections to a host
LogInit:  - LocalHostAddr = Default
LogInit:  - BufferSize = 65536
LogOnline: Display: STEAM: Loading Steam SDK 1.39
LogOnline: Warning: STEAM: Steam API disabled!
LogOnline: Display: STEAM: OnlineSubsystemSteam::Shutdown()
LogInit: WinSock: version 1.1 (2.2), MaxSocks=32767, MaxUdp=65467
LogInit: Build: ++UE4+Release-4.20-CL-4233996
LogInit: Engine Version: 4.20.1-4233996+++UE4+Release-4.20
LogInit: Compatible Engine Version: 4.20.0-4212847+++UE4+Release-4.20
LogInit: Net CL: 4212847
LogInit: OS: Windows 10 (), CPU: Intel(R) Core(TM) i7-6700HQ CPU @ 2.60GHz, GPU: Intel(R) HD Graphics 530
LogInit: Compiled (64-bit): Jul 26 2018 10:07:30
LogInit: Compiled with Visual C++: 19.13.26129.00
LogInit: Build Configuration: Development
LogInit: Branch Name: ++UE4+Release-4.20
LogInit: Command Line: 
LogInit: Base Directory: C:/Program Files/Epic Games/UE_4.20/Engine/Binaries/Win64/
LogInit: Installed Engine Build: 1
LogDevObjectVersion: Number of dev versions registered: 20
LogDevObjectVersion:   Dev-Blueprints (B0D832E4-1F89-4F0D-ACCF-7EB736FD4AA2): 10
LogDevObjectVersion:   Dev-Build (E1C64328-A22C-4D53-A36C-8E866417BD8C): 0
LogDevObjectVersion:   Dev-Core (375EC13C-06E4-48FB-B500-84F0262A717E): 2
LogDevObjectVersion:   Dev-Editor (E4B068ED-F494-42E9-A231-DA0B2E46BB41): 24
LogDevObjectVersion:   Dev-Framework (CFFC743F-43B0-4480-9391-14DF171D2073): 34
LogDevObjectVersion:   Dev-Mobile (B02B49B5-BB20-44E9-A304-32B752E40360): 2
LogDevObjectVersion:   Dev-Networking (A4E4105C-59A1-49B5-A7C5-40C4547EDFEE): 0
LogDevObjectVersion:   Dev-Online (39C831C9-5AE6-47DC-9A44-9C173E1C8E7C): 0
LogDevObjectVersion:   Dev-Physics (78F01B33-EBEA-4F98-B9B4-84EACCB95AA2): 0
LogDevObjectVersion:   Dev-Platform (6631380F-2D4D-43E0-8009-CF276956A95A): 0
LogDevObjectVersion:   Dev-Rendering (12F88B9F-8875-4AFC-A67C-D90C383ABD29): 26
LogDevObjectVersion:   Dev-Sequencer (7B5AE74C-D270-4C10-A958-57980B212A5A): 9
LogDevObjectVersion:   Dev-VR (D7296918-1DD6-4BDD-9DE2-64A83CC13884): 2
LogDevObjectVersion:   Dev-LoadTimes (C2A15278-BFE7-4AFE-6C17-90FF531DF755): 1
LogDevObjectVersion:   Private-Geometry (6EACA3D4-40EC-4CC1-B786-8BED09428FC5): 3
LogDevObjectVersion:   Dev-AnimPhys (29E575DD-E0A3-4627-9D10-D276232CDCEA): 17
LogDevObjectVersion:   Dev-ReflectionCapture (6B266CEC-1EC7-4B8F-A30B-E4D90942FC07): 1
LogDevObjectVersion:   Dev-Automation (0DF73D61-A23F-47EA-B727-89E90C41499A): 1
LogDevObjectVersion:   FortniteMain (601D1886-AC64-4F84-AA16-D3DE0DEAC7D6): 12
LogDevObjectVersion:   Dev-Enterprise (9DFFBCD6-494F-0158-E221-12823C92A888): 1
LogStreaming: Display: Took  0.002s to delete old logs.
LogInit: Presizing for max 8388607 objects, including 0 objects not considered by GC, pre-allocating 0 bytes for permanent pool.
LogInit: Object subsystem initialized
[2018.08.30-01.46.40:840][  0]LogInit: Selected Device Profile: [Windows]
[2018.08.30-01.46.40:840][  0]LogInit: Applying CVar settings loaded from the selected device profile: [Windows]
[2018.08.30-01.46.40:852][  0]LogHAL: Display: Platform has ~ 16 GB [17079529472 / 17179869184 / 16], which maps to Larger [LargestMinGB=32, LargerMinGB=12, DefaultMinGB=8, SmallerMinGB=6, SmallestMinGB=0)
[2018.08.30-01.46.40:852][  0]LogInit: Setting Device Profile CVar: [[r.Vulkan.UseRealUBs:1]]
[2018.08.30-01.46.40:852][  0]LogInit: Going up to parent DeviceProfile []
[2018.08.30-01.46.40:853][  0]LogInit: Computer: A00696
[2018.08.30-01.46.40:853][  0]LogInit: User: RanjuRaveendran
[2018.08.30-01.46.40:853][  0]LogInit: CPU Page size=4096, Cores=4
[2018.08.30-01.46.40:853][  0]LogInit: High frequency timer resolution =2.531248 MHz
[2018.08.30-01.46.40:853][  0]LogMemory: Memory total: Physical=15.9GB (16GB approx)
[2018.08.30-01.46.40:853][  0]LogMemory: Platform Memory Stats for Windows
[2018.08.30-01.46.40:853][  0]LogMemory: Process Physical Memory: 102.18 MB used, 102.18 MB peak
[2018.08.30-01.46.40:853][  0]LogMemory: Process Virtual Memory: 96.69 MB used, 96.69 MB peak
[2018.08.30-01.46.40:853][  0]LogMemory: Physical Memory: 6497.25 MB used,  9791.06 MB free, 16288.31 MB total
[2018.08.30-01.46.40:853][  0]LogMemory: Virtual Memory: 549.54 MB used,  9791.06 MB free, 134217728.00 MB total
[2018.08.30-01.46.40:879][  0]LogInit: Using OS detected language (en-US).
[2018.08.30-01.46.40:879][  0]LogInit: Using OS detected locale (en-NZ).
[2018.08.30-01.46.40:880][  0]LogTextLocalizationManager: No specific localization for 'en-US' exists, so the 'en' localization will be used.
[2018.08.30-01.46.41:279][  0]LogStreaming: Display: Took  0.400s to InitEngineTextLocalization.
[2018.08.30-01.46.41:279][  0]LogInit: Setting process to per monitor DPI aware
[2018.08.30-01.46.41:325][  0]LogSlate: New Slate User Created.  User Index 0, Is Virtual User: 0
[2018.08.30-01.46.41:325][  0]LogSlate: Slate User Registered.  User Index 0, Is Virtual User: 0
[2018.08.30-01.46.41:803][  0]LogHMD: Failed to initialize OpenVR with code 110
[2018.08.30-01.46.41:803][  0]LogD3D11RHI: D3D11 adapters:
[2018.08.30-01.46.41:852][  0]LogD3D11RHI:    0. 'NVIDIA GeForce GTX 960M' (Feature Level 11_0)
[2018.08.30-01.46.41:852][  0]LogD3D11RHI:       4065/0/8144 MB DedicatedVideo/DedicatedSystem/SharedSystem, Outputs:2, VendorId:0x10de
[2018.08.30-01.46.41:863][  0]LogD3D11RHI:    1. 'Intel(R) HD Graphics 530' (Feature Level 11_0)
[2018.08.30-01.46.41:863][  0]LogD3D11RHI:       128/0/8144 MB DedicatedVideo/DedicatedSystem/SharedSystem, Outputs:0, VendorId:0x8086
[2018.08.30-01.46.41:865][  0]LogD3D11RHI:    2. 'Microsoft Basic Render Driver' (Feature Level 11_0)
[2018.08.30-01.46.41:865][  0]LogD3D11RHI:       0/0/8144 MB DedicatedVideo/DedicatedSystem/SharedSystem, Outputs:0, VendorId:0x1414
[2018.08.30-01.46.41:865][  0]LogD3D11RHI: Chosen D3D11 Adapter: 0
[2018.08.30-01.46.41:871][  0]LogD3D11RHI: Creating new Direct3DDevice
[2018.08.30-01.46.41:871][  0]LogD3D11RHI:     GPU DeviceId: 0x139b (for the marketing name, search the web for "GPU Device Id")
[2018.08.30-01.46.41:871][  0]LogWindows: EnumDisplayDevices:
[2018.08.30-01.46.41:871][  0]LogWindows:    0. 'Intel(R) HD Graphics 530' (P:1 D:1)
[2018.08.30-01.46.41:872][  0]LogWindows:    1. 'Intel(R) HD Graphics 530' (P:0 D:1)
[2018.08.30-01.46.41:872][  0]LogWindows:    2. 'Intel(R) HD Graphics 530' (P:0 D:0)
[2018.08.30-01.46.41:872][  0]LogWindows: DebugString: PrimaryIsNotTheChoosenAdapter PrimaryIsNotTheChoosenAdapter PrimaryIsNotTheChoosenAdapter FoundDriverCount:0 
[2018.08.30-01.46.41:872][  0]LogD3D11RHI:     Adapter Name: NVIDIA GeForce GTX 960M
[2018.08.30-01.46.41:872][  0]LogD3D11RHI:   Driver Version: Unknown (internal:Unknown, unified:Unknown)
[2018.08.30-01.46.41:872][  0]LogD3D11RHI:      Driver Date: Unknown
[2018.08.30-01.46.41:872][  0]LogRHI: Texture pool is 2846 MB (70% of 4065 MB)
[2018.08.30-01.46.41:899][  0]LogD3D11RHI: Async texture creation enabled
[2018.08.30-01.46.41:916][  0]LogD3D11RHI: GPU Timing Frequency: 1000.000000 (Debug: 2 1)
[2018.08.30-01.46.41:917][  0]LogShaderCompilers: Guid format shader working directory is 31 characters bigger than the processId version (D:/Unreal/FPSMultiPlayerBP/Intermediate/Shaders/WorkingDirectory/8692/).
[2018.08.30-01.46.41:917][  0]LogShaderCompilers: Cleaned the shader compiler working directory 'C:/Users/ranju.raveendran/AppData/Local/Temp/UnrealShaderWorkingDir/7CAC21754020345BFFF6A4A2FDF6A1B6/'.
[2018.08.30-01.46.42:232][  0]LogTemp: Display: Loaded TP AllDesktopTargetPlatform
[2018.08.30-01.46.42:248][  0]LogTemp: Display: Loaded TP MacClientTargetPlatform
[2018.08.30-01.46.42:263][  0]LogTemp: Display: Loaded TP MacNoEditorTargetPlatform
[2018.08.30-01.46.42:280][  0]LogTemp: Display: Loaded TP MacServerTargetPlatform
[2018.08.30-01.46.42:297][  0]LogTemp: Display: Loaded TP MacTargetPlatform
[2018.08.30-01.46.42:313][  0]LogTemp: Display: Loaded TP WindowsClientTargetPlatform
[2018.08.30-01.46.42:330][  0]LogTemp: Display: Loaded TP WindowsNoEditorTargetPlatform
[2018.08.30-01.46.42:345][  0]LogTemp: Display: Loaded TP WindowsServerTargetPlatform
[2018.08.30-01.46.42:353][  0]LogTemp: Display: Loaded TP WindowsTargetPlatform
[2018.08.30-01.46.42:442][  0]LogTemp: Display: Loaded TP AndroidTargetPlatform
[2018.08.30-01.46.42:442][  0]LogTemp: Display: Loaded TP AndroidTargetPlatform
[2018.08.30-01.46.42:442][  0]LogTemp: Display: Loaded TP AndroidTargetPlatform
[2018.08.30-01.46.42:442][  0]LogTemp: Display: Loaded TP AndroidTargetPlatform
[2018.08.30-01.46.42:442][  0]LogTemp: Display: Loaded TP AndroidTargetPlatform
[2018.08.30-01.46.42:442][  0]LogTemp: Display: Loaded TP AndroidTargetPlatform
[2018.08.30-01.46.42:442][  0]LogTemp: Display: Loaded TP AndroidTargetPlatform
[2018.08.30-01.46.42:442][  0]LogTemp: Display: Loaded TP AndroidTargetPlatform
[2018.08.30-01.46.42:442][  0]LogTemp: Display: Loaded TP AndroidTargetPlatform
[2018.08.30-01.46.42:442][  0]LogTemp: Display: Loaded TP AndroidTargetPlatform
[2018.08.30-01.46.42:442][  0]LogTemp: Display: Loaded TP AndroidTargetPlatform
[2018.08.30-01.46.42:442][  0]LogTemp: Display: Loaded TP AndroidTargetPlatform
[2018.08.30-01.46.42:442][  0]LogTemp: Display: Loaded TP AndroidTargetPlatform
[2018.08.30-01.46.42:442][  0]LogTemp: Display: Loaded TP AndroidTargetPlatform
[2018.08.30-01.46.42:442][  0]LogTemp: Display: Loaded TP AndroidTargetPlatform
[2018.08.30-01.46.42:442][  0]LogTemp: Display: Loaded TP AndroidTargetPlatform
[2018.08.30-01.46.42:442][  0]LogTemp: Display: Loaded TP AndroidTargetPlatform
[2018.08.30-01.46.42:442][  0]LogTemp: Display: Loaded TP AndroidTargetPlatform
[2018.08.30-01.46.42:446][  0]LogTemp: Display: Loaded TP HTML5TargetPlatform
[2018.08.30-01.46.42:516][  0]LogTemp: Display: Loaded TP IOSTargetPlatform
[2018.08.30-01.46.42:516][  0]LogTemp: Display: Loaded TP IOSTargetPlatform
[2018.08.30-01.46.42:544][  0]LogTemp: Display: Loaded TP TVOSTargetPlatform
[2018.08.30-01.46.42:544][  0]LogTemp: Display: Loaded TP TVOSTargetPlatform
[2018.08.30-01.46.42:561][  0]LogTemp: Display: Loaded TP LinuxClientTargetPlatform
[2018.08.30-01.46.42:577][  0]LogTemp: Display: Loaded TP LinuxNoEditorTargetPlatform
[2018.08.30-01.46.42:592][  0]LogTemp: Display: Loaded TP LinuxServerTargetPlatform
[2018.08.30-01.46.42:609][  0]LogTemp: Display: Loaded TP LinuxTargetPlatform
[2018.08.30-01.46.42:620][  0]LogTemp: Display: Loaded TP LuminTargetPlatform
[2018.08.30-01.46.42:620][  0]LogTargetPlatformManager: Display: Building Assets For Windows
[2018.08.30-01.46.42:714][  0]LogXGEController: Cannot use XGE Controller as Incredibuild is not installed on this machine.
[2018.08.30-01.46.42:714][  0]LogShaderCompilers: Cannot use XGE Shader Compiler as Incredibuild is not installed on this machine.
[2018.08.30-01.46.42:714][  0]LogShaderCompilers: Display: Using Local Shader Compiler.
[2018.08.30-01.46.43:917][  0]LogDerivedDataCache: Display: Max Cache Size: 512 MB
[2018.08.30-01.46.43:980][  0]LogDerivedDataCache: Loaded boot cache 0.06s 71MB C:/Users/ranju.raveendran/AppData/Local/UnrealEngine/4.20/DerivedDataCache/Boot.ddc.
[2018.08.30-01.46.43:980][  0]LogDerivedDataCache: Display: Loaded Boot cache: C:/Users/ranju.raveendran/AppData/Local/UnrealEngine/4.20/DerivedDataCache/Boot.ddc
[2018.08.30-01.46.43:980][  0]LogDerivedDataCache: FDerivedDataBackendGraph:  Pak pak cache file D:/Unreal/FPSMultiPlayerBP/DerivedDataCache/DDC.ddp not found, will not use a pak cache.
[2018.08.30-01.46.43:980][  0]LogDerivedDataCache: Unable to find inner node Pak for hierarchical cache Hierarchy.
[2018.08.30-01.46.43:980][  0]LogDerivedDataCache: FDerivedDataBackendGraph:  CompressedPak pak cache file D:/Unreal/FPSMultiPlayerBP/DerivedDataCache/Compressed.ddp not found, will not use a pak cache.
[2018.08.30-01.46.43:980][  0]LogDerivedDataCache: Unable to find inner node CompressedPak for hierarchical cache Hierarchy.
[2018.08.30-01.46.43:996][  0]LogDerivedDataCache: Display: Pak cache opened for reading ../../../Engine/DerivedDataCache/Compressed.ddp.
[2018.08.30-01.46.44:009][  0]LogDerivedDataCache: Using Local data cache path C:/Users/ranju.raveendran/AppData/Local/UnrealEngine/Common/DerivedDataCache: Writable
[2018.08.30-01.46.44:009][  0]LogDerivedDataCache: Shared data cache path not found in *engine.ini, will not use an Shared cache.
[2018.08.30-01.46.44:009][  0]LogDerivedDataCache: Unable to find inner node Shared for hierarchical cache Hierarchy.
[2018.08.30-01.46.44:033][  0]LogMaterial: Verifying Global Shaders for PCD3D_SM5
[2018.08.30-01.46.44:035][  0]LogSlate: Using FreeType 2.6.0
[2018.08.30-01.46.44:038][  0]LogSlate: SlateFontServices - WITH_FREETYPE: 1, WITH_HARFBUZZ: 1
[2018.08.30-01.46.44:151][  0]LogAssetRegistry: FAssetRegistry took 0.0278 seconds to start up
[2018.08.30-01.46.44:529][  0]LogInit: Selected Device Profile: [Windows]
[2018.08.30-01.46.44:696][  0]LogSimplygon: Simplygon DLL not present - disabling.
[2018.08.30-01.46.44:702][  0]LogMeshReduction: Using SimplygonSwarm for distributed automatic mesh merging
[2018.08.30-01.46.44:702][  0]LogMeshReduction: Using ProxyLODMeshReduction for automatic mesh merging
[2018.08.30-01.46.44:702][  0]LogMeshReduction: Using QuadricMeshReduction for automatic static mesh reduction
[2018.08.30-01.46.44:702][  0]LogMeshReduction: No automatic skeletal mesh reduction module available
[2018.08.30-01.46.44:722][  0]LogNetVersion: FPSMultiPlayerBP 1.0.0, NetCL: 4212847, EngineNetVer: 5, GameNetVer: 0 (Checksum: 3398490363)
[2018.08.30-01.46.45:311][  0]LogPackageLocalizationCache: Processed 11 localized package path(s) for 2 prioritized culture(s) in 0.079204 seconds
[2018.08.30-01.46.45:317][  0]LogUObjectArray: 38434 objects as part of root set at end of initial load.
[2018.08.30-01.46.45:317][  0]LogUObjectAllocator: 6701144 out of 0 bytes used by permanent object pool.
[2018.08.30-01.46.45:317][  0]LogUObjectArray: CloseDisregardForGC: 0/0 objects in disregard for GC pool
[2018.08.30-01.46.46:899][  0]LogTcpMessaging: Initializing TcpMessaging bridge
[2018.08.30-01.46.46:915][  0]LogUdpMessaging: Initializing bridge on interface 0.0.0.0:0 to multicast group 230.0.0.1:6666.
[2018.08.30-01.46.47:084][  0]SourceControl: Source control is disabled
[2018.08.30-01.46.47:084][  0]SourceControl: Source control is disabled
[2018.08.30-01.46.47:086][  0]SourceControl: Source control is disabled
[2018.08.30-01.46.47:088][  0]SourceControl: Source control is disabled
[2018.08.30-01.46.47:281][  0]LogAndroidPermission: UAndroidPermissionCallbackProxy::GetInstance
[2018.08.30-01.46.47:337][  0]LogOcInput: OculusInput pre-init called
[2018.08.30-01.46.47:413][  0]LogEngine: Initializing Engine...
[2018.08.30-01.46.47:414][  0]LogHMD: Failed to initialize OpenVR with code 110
[2018.08.30-01.46.47:415][  0]LogStats: UGameplayTagsManager::ConstructGameplayTagTree: ImportINI prefixes -  0.000 s
[2018.08.30-01.46.47:415][  0]LogStats: UGameplayTagsManager::ConstructGameplayTagTree: Construct from data asset -  0.000 s
[2018.08.30-01.46.47:415][  0]LogStats: UGameplayTagsManager::ConstructGameplayTagTree: ImportINI -  0.000 s
[2018.08.30-01.46.47:415][  0]LogStats: UGameplayTagsManager::ConstructGameplayTagTree: GameplayTagTreeChangedEvent.Broadcast -  0.000 s
[2018.08.30-01.46.47:675][  0]LogInit: Initializing FReadOnlyCVARCache
[2018.08.30-01.46.47:692][  0]LogAIModule: Creating AISystem for world Untitled
[2018.08.30-01.46.47:699][  0]LogInit: XAudio2 using 'Speakers (Realtek High Definition Audio)' : 2 channels at 48 kHz using 32 bits per sample (channel mask 0x3)
[2018.08.30-01.46.47:797][  0]LogInit: FAudioDevice initialized.
[2018.08.30-01.46.47:797][  0]LogNetVersion: Set ProjectVersion to 1.0.0.0. Version Checksum will be recalculated on next use.
[2018.08.30-01.46.47:878][  0]LogDerivedDataCache: Saved boot cache 0.08s 71MB C:/Users/ranju.raveendran/AppData/Local/UnrealEngine/4.20/DerivedDataCache/Boot.ddc.
[2018.08.30-01.46.47:881][  0]LogInit: Texture streaming: Enabled
[2018.08.30-01.46.47:904][  0]LogEngineSessionManager: EngineSessionManager initialized
[2018.08.30-01.46.47:921][  0]LogInit: Transaction tracking system initialized
[2018.08.30-01.46.47:952][  0]BlueprintLog: New page: Editor Load
[2018.08.30-01.46.48:057][  0]LocalizationService: Localization service is disabled
[2018.08.30-01.46.48:466][  0]LogLinker: Warning: Can't find file '/Game/PuzzleBP/PuzzleOverview'
[2018.08.30-01.46.48:466][  0]LogLinker: Warning: Can't find file '/Game/PuzzleBP/PuzzleOverview'
[2018.08.30-01.46.48:466][  0]LogUObjectGlobals: Warning: Failed to find object 'Class /Game/PuzzleBP/PuzzleOverview.PuzzleOverview_C'
[2018.08.30-01.46.48:466][  0]LogLinker: Warning: Can't find file '/Game/PuzzleBP/Tutorial/Part2b-BlockBLueprintComponents'
[2018.08.30-01.46.48:467][  0]LogLinker: Warning: Can't find file '/Game/PuzzleBP/Tutorial/Part2b-BlockBLueprintComponents'
[2018.08.30-01.46.48:467][  0]LogUObjectGlobals: Warning: Failed to find object 'Class /Game/PuzzleBP/Tutorial/Part2b-BlockBLueprintComponents.Part2b-BlockBLueprintComponents_C'
[2018.08.30-01.46.48:467][  0]LogLinker: Warning: Can't find file '/Game/PuzzleBP/Tutorial/Part3-GridBlueprint'
[2018.08.30-01.46.48:467][  0]LogLinker: Warning: Can't find file '/Game/PuzzleBP/Tutorial/Part3-GridBlueprint'
[2018.08.30-01.46.48:467][  0]LogUObjectGlobals: Warning: Failed to find object 'Class /Game/PuzzleBP/Tutorial/Part3-GridBlueprint.Part3-GridBlueprint_C'
[2018.08.30-01.46.48:467][  0]LogLinker: Warning: Can't find file '/Game/PuzzleBP/Tutorial/Part4-GridBluepint2'
[2018.08.30-01.46.48:467][  0]LogLinker: Warning: Can't find file '/Game/PuzzleBP/Tutorial/Part4-GridBluepint2'
[2018.08.30-01.46.48:467][  0]LogUObjectGlobals: Warning: Failed to find object 'Class /Game/PuzzleBP/Tutorial/Part4-GridBluepint2.Part4-GridBluepint2_C'
[2018.08.30-01.46.48:467][  0]LogLinker: Warning: Can't find file '/Game/PuzzleBP/Tutorial/Part5-GameMode'
[2018.08.30-01.46.48:467][  0]LogLinker: Warning: Can't find file '/Game/PuzzleBP/Tutorial/Part5-GameMode'
[2018.08.30-01.46.48:467][  0]LogUObjectGlobals: Warning: Failed to find object 'Class /Game/PuzzleBP/Tutorial/Part5-GameMode.Part5-GameMode_C'
[2018.08.30-01.46.48:467][  0]LogLinker: Warning: Can't find file '/Game/PuzzleBP/Tutorial/Part6-Controller'
[2018.08.30-01.46.48:467][  0]LogLinker: Warning: Can't find file '/Game/PuzzleBP/Tutorial/Part6-Controller'
[2018.08.30-01.46.48:467][  0]LogUObjectGlobals: Warning: Failed to find object 'Class /Game/PuzzleBP/Tutorial/Part6-Controller.Part6-Controller_C'
[2018.08.30-01.46.48:468][  0]LogLinker: Warning: Can't find file '/Game/PuzzleBP/Tutorial/Part7-LevelBlueprint'
[2018.08.30-01.46.48:468][  0]LogLinker: Warning: Can't find file '/Game/PuzzleBP/Tutorial/Part7-LevelBlueprint'
[2018.08.30-01.46.48:468][  0]LogUObjectGlobals: Warning: Failed to find object 'Class /Game/PuzzleBP/Tutorial/Part7-LevelBlueprint.Part7-LevelBlueprint_C'
[2018.08.30-01.46.48:468][  0]LogLinker: Warning: Can't find file '/Game/PuzzleBP/Tutorial/Part8-EverythingElse'
[2018.08.30-01.46.48:468][  0]LogLinker: Warning: Can't find file '/Game/PuzzleBP/Tutorial/Part8-EverythingElse'
[2018.08.30-01.46.48:468][  0]LogUObjectGlobals: Warning: Failed to find object 'Class /Game/PuzzleBP/Tutorial/Part8-EverythingElse.Part8-EverythingElse_C'
[2018.08.30-01.46.48:736][  0]LogCook: Display: Max memory allowance for cook 16384mb min free memory 0mb
[2018.08.30-01.46.48:736][  0]LogCook: Display: Mobile HDR setting 1
[2018.08.30-01.46.48:736][  0]LogGameplayTags: Display: UGameplayTagsManager::DoneAddingNativeTags. DelegateIsBound: 0
[2018.08.30-01.46.48:736][  0]LogStats: UGameplayTagsManager::ConstructGameplayTagTree: ImportINI prefixes -  0.000 s
[2018.08.30-01.46.48:736][  0]LogStats: UGameplayTagsManager::ConstructGameplayTagTree: Construct from data asset -  0.000 s
[2018.08.30-01.46.48:736][  0]LogStats: UGameplayTagsManager::ConstructGameplayTagTree: ImportINI -  0.000 s
[2018.08.30-01.46.48:736][  0]LogStats: UGameplayTagsManager::ConstructGameplayTagTree: GameplayTagTreeChangedEvent.Broadcast -  0.000 s
[2018.08.30-01.46.48:904][  0]LogFileCache: Scanning file cache for directory 'D:/Unreal/FPSMultiPlayerBP/Content/' took 0.02s
[2018.08.30-01.46.48:904][  0]SourceControl: Source control is disabled
[2018.08.30-01.46.48:904][  0]Cmd: MAP LOAD FILE="D:/Unreal/FPSMultiPlayerBP/Content/Maps/MainMenu.umap" TEMPLATE=0 SHOWPROGRESS=1 FEATURELEVEL=3
[2018.08.30-01.46.48:905][  0]LightingResults: New page: Lighting Build
[2018.08.30-01.46.48:909][  0]MapCheck: New page: Map Check
[2018.08.30-01.46.48:909][  0]LightingResults: New page: Lighting Build
[2018.08.30-01.46.49:248][  0]LogAIModule: Creating AISystem for world MainMenu
[2018.08.30-01.46.49:249][  0]LogEditorServer: Finished looking for orphan Actors (0.000 secs)
[2018.08.30-01.46.49:277][  0]Cmd: MAP CHECKDEP NOCLEARLOG
[2018.08.30-01.46.49:444][  0]MapCheck: Map check complete: 0 Error(s), 0 Warning(s), took 166.449ms to complete.
[2018.08.30-01.46.49:444][  0]LogFileHelpers: Loading map 'MainMenu' took 0.540
[2018.08.30-01.46.49:521][  0]LogWindowsTextInputMethodSystem: Display: IME system now deactivated.
[2018.08.30-01.46.49:564][  0]LogSlate: Updating window title bar state: overlay mode, drag disabled, window buttons hidden, title bar hidden
[2018.08.30-01.46.49:572][  0]LogSlate: Updating window title bar state: overlay mode, drag disabled, window buttons hidden, title bar hidden
[2018.08.30-01.46.49:582][  0]LogSlate: Updating window title bar state: overlay mode, drag disabled, window buttons hidden, title bar hidden
[2018.08.30-01.46.49:594][  0]LogSlate: Updating window title bar state: overlay mode, drag disabled, window buttons hidden, title bar hidden
[2018.08.30-01.46.49:603][  0]LogCollectionManager: Loaded 0 collections in 0.001693 seconds
[2018.08.30-01.46.49:649][  0]LogFileCache: Scanning file cache for directory 'D:/Unreal/FPSMultiPlayerBP/Saved/Collections/' took 0.01s
[2018.08.30-01.46.49:649][  0]LogFileCache: Scanning file cache for directory 'D:/Unreal/FPSMultiPlayerBP/Content/Developers/RanjuRaveendran/Collections/' took 0.01s
[2018.08.30-01.46.49:649][  0]LogFileCache: Scanning file cache for directory 'D:/Unreal/FPSMultiPlayerBP/Content/Collections/' took 0.01s
[2018.08.30-01.46.49:649][  0]LogCollectionManager: Rebuilt the GUID cache for 0 collections in 0.000000 seconds
[2018.08.30-01.46.49:659][  0]LogContentBrowser: Native class hierarchy populated in 0.0100 seconds. Added 2575 classes and 607 folders.
[2018.08.30-01.46.49:666][  0]LogContentBrowser: Native class hierarchy updated for 'WidgetCarousel' in 0.0004 seconds. Added 0 classes and 0 folders.
[2018.08.30-01.46.49:749][  0]LogContentBrowser: Native class hierarchy updated for 'AddContentDialog' in 0.0003 seconds. Added 0 classes and 0 folders.
[2018.08.30-01.46.49:755][  0]LogContentBrowser: Native class hierarchy updated for 'SceneOutliner' in 0.0002 seconds. Added 1 classes and 2 folders.
[2018.08.30-01.46.49:834][  0]LogSlate: Took 0.000261 seconds to synchronously load lazily loaded font '../../../Engine/Content/Slate/Fonts/Roboto-Regular.ttf' (155K)
[2018.08.30-01.46.49:837][  0]LogSlate: Took 0.000272 seconds to synchronously load lazily loaded font '../../../Engine/Content/Slate/Fonts/Roboto-Bold.ttf' (160K)
[2018.08.30-01.46.49:846][  0]LogSlate: Took 0.001307 seconds to synchronously load lazily loaded font '../../../Engine/Content/Editor/Slate/Fonts/FontAwesome.ttf' (139K)
[2018.08.30-01.46.49:945][  0]LogRenderer: Reallocating scene render targets to support 1224x536 Format 10 NumSamples 1 (Frame:1).
[2018.08.30-01.46.50:095][  0]LogContentBrowser: Native class hierarchy updated for 'HierarchicalLODOutliner' in 0.0003 seconds. Added 0 classes and 0 folders.
[2018.08.30-01.46.50:095][  0]LogLoad: (Engine Initialization) Total time: 11.45 seconds
[2018.08.30-01.46.50:095][  0]LogLoad: (Engine Initialization) Total Blueprint compile time: 0.00 seconds
[2018.08.30-01.46.50:134][  0]LogContentStreaming: Texture pool size now 3000 MB
[2018.08.30-01.46.50:158][  0]LogSlate: Took 0.000917 seconds to synchronously load lazily loaded font '../../../Engine/Content/Slate/Fonts/Roboto-Light.ttf' (167K)
[2018.08.30-01.46.50:181][  1]LogAssetRegistry: Asset discovery search completed in 6.0519 seconds
[2018.08.30-01.46.50:183][  1]LogCollectionManager: Rebuilt the object cache for 0 collections in 0.000000 seconds (found 0 objects)
[2018.08.30-01.46.50:183][  1]LogCollectionManager: Fixed up redirectors for 0 collections in 0.000060 seconds (updated 0 objects)
[2018.08.30-01.46.51:140][ 39]LogSlate: Took 0.000217 seconds to synchronously load lazily loaded font '../../../Engine/Content/Slate/Fonts/Roboto-Light.ttf' (167K)
[2018.08.30-01.46.55:788][318]LogSlate: FSceneViewport::OnFocusLost() reason 0
[2018.08.30-01.47.04:700][825]LogAssetEditorManager: Opening Asset editor for WidgetBlueprint /Game/UI/Lobby/GameSettings.GameSettings
[2018.08.30-01.47.05:201][825]LogContentBrowser: Native class hierarchy updated for 'BlueprintGraph' in 0.0006 seconds. Added 116 classes and 0 folders.
[2018.08.30-01.47.06:078][825]LogSlate: Took 0.000249 seconds to synchronously load lazily loaded font '../../../Engine/Content/Slate/Fonts/Roboto-BoldCondensed.ttf' (158K)
[2018.08.30-01.47.23:879][889]LogTemp: Repeating last play command: New Editor Window (PIE)
[2018.08.30-01.47.23:894][889]LogBlueprintUserMessages: Early PlayInEditor Detection: Level '/Game/Maps/MainMenu.MainMenu:PersistentLevel' has LevelScriptBlueprint '/Game/Maps/MainMenu.MainMenu:PersistentLevel.MainMenu' with GeneratedClass '/Game/Maps/MainMenu.MainMenu_C' with ClassGeneratedBy '/Game/Maps/MainMenu.MainMenu:PersistentLevel.MainMenu'
[2018.08.30-01.47.23:894][889]LogPlayLevel: PlayLevel: No blueprints needed recompiling
[2018.08.30-01.47.23:895][889]LogOnline: Warning: STEAM: Steam API disabled!
[2018.08.30-01.47.23:895][889]LogOnline: Display: STEAM: OnlineSubsystemSteam::Shutdown()
[2018.08.30-01.47.23:912][889]PIE: New page: PIE session: MainMenu (31/08/2018 1:47:23 am)
[2018.08.30-01.47.23:913][889]LogPlayLevel: Creating play world package: /Game/Maps/UEDPIE_1_MainMenu
[2018.08.30-01.47.23:914][889]LogPlayLevel: PIE: StaticDuplicateObject took: (0.000922s)
[2018.08.30-01.47.23:914][889]LogAIModule: Creating AISystem for world MainMenu
[2018.08.30-01.47.23:914][889]LogPlayLevel: PIE: World Init took: (0.000595s)
[2018.08.30-01.47.23:915][889]LogPlayLevel: PIE: Created PIE world by copying editor world from /Game/Maps/MainMenu.MainMenu to /Game/Maps/UEDPIE_1_MainMenu.MainMenu (0.001628s)
[2018.08.30-01.47.23:957][889]LogInit: XAudio2 using 'Speakers (Realtek High Definition Audio)' : 2 channels at 48 kHz using 32 bits per sample (channel mask 0x3)
[2018.08.30-01.47.23:998][889]LogInit: FAudioDevice initialized.
[2018.08.30-01.47.24:010][889]LogSlate: Updating window title bar state: overlay mode, drag disabled, window buttons hidden, title bar hidden
[2018.08.30-01.47.24:303][889]LogLoad: Game class is 'ThirdPersonGameMode_C'
[2018.08.30-01.47.24:304][889]LogWorld: Bringing World /Game/Maps/UEDPIE_1_MainMenu.MainMenu up for play (max tick rate 60) at 2018.08.30-13.47.24
[2018.08.30-01.47.24:305][889]LogWorld: Bringing up level for play took: 0.000395
[2018.08.30-01.47.24:317][889]LogGameMode: FindPlayerStart: PATHS NOT DEFINED or NO PLAYERSTART with positive rating
[2018.08.30-01.47.24:323][889]LogContentBrowser: Native class hierarchy updated for 'MovieSceneCapture' in 0.0003 seconds. Added 10 classes and 0 folders.
[2018.08.30-01.47.24:326][889]LogTemp: Display: ParseSettings for GameNetDriver
[2018.08.30-01.47.24:326][889]LogTemp: Display: ParseSettings for IpNetDriver_0
[2018.08.30-01.47.24:326][889]LogTemp: Display: ParseSettings for GameNetDriver
[2018.08.30-01.47.24:326][889]LogNet: ReplicationDriverClass is null! Not using ReplicationDriver.
[2018.08.30-01.47.24:326][889]LogInit: WinSock: Socket queue 131072 / 131072
[2018.08.30-01.47.24:329][889]LogInit: WinSock: I am A00696 (10.0.0.134:0)
[2018.08.30-01.47.24:329][889]PacketHandlerLog: Loaded PacketHandler component: Engine.EngineHandlerComponentFactory (StatelessConnectHandlerComponent)
[2018.08.30-01.47.24:329][889]LogNet: GameNetDriver IpNetDriver_0 IpNetDriver listening on port 17777
[2018.08.30-01.47.24:332][889]PIE: Play in editor start time for /Game/Maps/UEDPIE_1_MainMenu -0.053
[2018.08.30-01.47.24:337][889]PIE: New page: PIE session: MainMenu (31/08/2018 1:47:24 am)
[2018.08.30-01.47.24:349][889]LogSlate: FSceneViewport::OnFocusLost() reason 2
[2018.08.30-01.47.24:353][889]LogSlate: Updating window title bar state: overlay mode, drag disabled, window buttons hidden, title bar hidden
[2018.08.30-01.47.24:398][889]LogNet: Browse: 127.0.0.1:17777//Game/Maps/MainMenu
[2018.08.30-01.47.24:398][889]LogTemp: Display: ParseSettings for GameNetDriver
[2018.08.30-01.47.24:398][889]LogTemp: Display: ParseSettings for IpNetDriver_1
[2018.08.30-01.47.24:398][889]LogTemp: Display: ParseSettings for PendingNetDriver
[2018.08.30-01.47.24:398][889]LogInit: WinSock: Socket queue 32768 / 32768
[2018.08.30-01.47.24:399][889]PacketHandlerLog: Loaded PacketHandler component: Engine.EngineHandlerComponentFactory (StatelessConnectHandlerComponent)
[2018.08.30-01.47.24:399][889]LogNet: Game client on port 17777, rate 10000
[2018.08.30-01.47.24:400][889]PIE: Play in editor start time for /Game/Maps/MainMenu 0.016
[2018.08.30-01.47.24:410][889]LogBlueprintUserMessages: Late PlayInEditor Detection: Level '/Game/Maps/MainMenu.MainMenu:PersistentLevel' has LevelScriptBlueprint '/Game/Maps/MainMenu.MainMenu:PersistentLevel.MainMenu' with GeneratedClass '/Game/Maps/MainMenu.MainMenu_C' with ClassGeneratedBy '/Game/Maps/MainMenu.MainMenu:PersistentLevel.MainMenu'
[2018.08.30-01.47.24:411][889]LogNet: NotifyAcceptingConnection accepted from: 127.0.0.1:59372
[2018.08.30-01.47.24:411][889]LogHandshake: SendConnectChallenge. Timestamp: 0.016667, Cookie: 245232048160250038132173219033180139028042161035031023231240
[2018.08.30-01.47.24:416][889]LogHandshake: SendChallengeResponse. Timestamp: 0.016667, Cookie: 245232048160250038132173219033180139028042161035031023231240
[2018.08.30-01.47.24:519][890]LogNet: NotifyAcceptingConnection accepted from: 127.0.0.1:59372
[2018.08.30-01.47.24:519][890]LogHandshake: SendChallengeAck. InCookie: 245232048160250038132173219033180139028042161035031023231240
[2018.08.30-01.47.24:519][890]LogNet: Server accepting post-challenge connection from: 127.0.0.1:59372
[2018.08.30-01.47.24:520][890]PacketHandlerLog: Loaded PacketHandler component: Engine.EngineHandlerComponentFactory (StatelessConnectHandlerComponent)
[2018.08.30-01.47.24:520][890]LogNet: NotifyAcceptedConnection: Name: MainMenu, TimeStamp: 08/30/18 13:47:24, [UNetConnection] RemoteAddr: 127.0.0.1:59372, Name: IpConnection_1, Driver: GameNetDriver IpNetDriver_0, IsServer: YES, PC: NULL, Owner: NULL, UniqueId: INVALID
[2018.08.30-01.47.24:520][890]LogNet: AddClientConnection: Added client connection: [UNetConnection] RemoteAddr: 127.0.0.1:59372, Name: IpConnection_1, Driver: GameNetDriver IpNetDriver_0, IsServer: YES, PC: NULL, Owner: NULL, UniqueId: INVALID
[2018.08.30-01.47.24:521][890]LogNetVersion: FPSMultiPlayerBP 1.0.0.0, NetCL: 4212847, EngineNetVer: 5, GameNetVer: 0 (Checksum: 676270042)
[2018.08.30-01.47.24:521][890]LogNet: UPendingNetGame::SendInitialJoin: Sending hello. [UNetConnection] RemoteAddr: 127.0.0.1:17777, Name: IpConnection_0, Driver: PendingNetDriver IpNetDriver_1, IsServer: NO, PC: NULL, Owner: NULL, UniqueId: INVALID
[2018.08.30-01.47.24:541][891]LogNet: NotifyAcceptingChannel Control 0 server World /Game/Maps/UEDPIE_1_MainMenu.MainMenu: Accepted
[2018.08.30-01.47.24:541][891]LogNet: Remote platform little endian=1
[2018.08.30-01.47.24:541][891]LogNet: This platform little endian=1
[2018.08.30-01.47.24:612][892]LogNet: Login request: /Game/Maps/MainMenu?Name=A00696-ED3B975C4FD0C047BE4146AA1ADF9D69 userId: A00696-ED3B975C4FD0C047BE4146AA1ADF9D69
[2018.08.30-01.47.24:613][892]LogNet: Welcomed by server (Level: /Game/Maps/UEDPIE_1_MainMenu, Game: /Game/ThirdPersonBP/Blueprints/ThirdPersonGameMode.ThirdPersonGameMode_C)
[2018.08.30-01.47.24:650][892]LogLoad: LoadMap: 127.0.0.1:17777//Game/Maps/UEDPIE_1_MainMenu?game=/Game/ThirdPersonBP/Blueprints/ThirdPersonGameMode.ThirdPersonGameMode_C
[2018.08.30-01.47.24:683][892]LogAIModule: Creating AISystem for world MainMenu
[2018.08.30-01.47.24:683][892]LogTemp: Display: ParseSettings for GameNetDriver
[2018.08.30-01.47.24:685][892]LogWorld: Bringing World /Game/Maps/UEDPIE_2_MainMenu.MainMenu up for play (max tick rate 60) at 2018.08.30-13.47.24
[2018.08.30-01.47.24:685][892]LogWorld: Bringing up level for play took: 0.000589
[2018.08.30-01.47.24:686][892]LogLoad: Took 0.035467 seconds to LoadMap(/Game/Maps/UEDPIE_1_MainMenu)
[2018.08.30-01.47.24:700][893]LogNet: Client netspeed is 10000
[2018.08.30-01.47.24:700][893]LogNet: Join request: /Game/Maps/MainMenu?Name=A00696-ED3B975C4FD0C047BE4146AA1ADF9D69?SplitscreenCount=1
[2018.08.30-01.47.24:701][893]LogOnline: Warning: OSS: No game present to join for session (GameSession)
[2018.08.30-01.47.24:701][893]LogGameMode: FindPlayerStart: PATHS NOT DEFINED or NO PLAYERSTART with positive rating
[2018.08.30-01.47.24:703][893]LogNet: Join succeeded: A00696-ED3B975C4FD0C
[2018.08.30-01.47.24:767][894]LogOnline: Warning: OSS: No game present to join for session (GameSession)
[2018.08.30-01.47.24:790][895]LogOnline: Warning: OSS: No game present to join for session (GameSession)
[2018.08.30-01.47.25:692][948]LogSlate: FSceneViewport::OnFocusLost() reason 0
[2018.08.30-01.47.30:650][242]LogNet: Browse: /Game/Maps/Lobby?listen
[2018.08.30-01.47.30:650][242]LogLoad: LoadMap: /Game/Maps/Lobby?listen
[2018.08.30-01.47.30:650][242]LogNet: World NetDriver shutdown IpNetDriver_0 [GameNetDriver]
[2018.08.30-01.47.30:650][242]LogNet: DestroyNamedNetDriver IpNetDriver_0 [GameNetDriver]
[2018.08.30-01.47.30:651][242]LogNet: UNetConnection::Cleanup: Closing open connection. [UNetConnection] RemoteAddr: 127.0.0.1:59372, Name: IpConnection_1, Driver: GameNetDriver IpNetDriver_0, IsServer: YES, PC: PlayerController_1, Owner: PlayerController_1, UniqueId: NULL:A00696-ED3B975C4FD0C047BE4146AA1ADF9D69
[2018.08.30-01.47.30:651][242]LogNet: UNetConnection::Close: [UNetConnection] RemoteAddr: 127.0.0.1:59372, Name: IpConnection_1, Driver: GameNetDriver IpNetDriver_0, IsServer: YES, PC: PlayerController_1, Owner: PlayerController_1, UniqueId: NULL:A00696-ED3B975C4FD0C047BE4146AA1ADF9D69, Channels: 11, Time: 2018.08.30-01.47.30
[2018.08.30-01.47.30:651][242]LogNet: UChannel::Close: Sending CloseBunch. ChIndex == 0. Name: [UChannel] ChIndex: 0, Closing: 0 [UNetConnection] RemoteAddr: 127.0.0.1:59372, Name: IpConnection_1, Driver: GameNetDriver IpNetDriver_0, IsServer: YES, PC: PlayerController_1, Owner: PlayerController_1, UniqueId: NULL:A00696-ED3B975C4FD0C047BE4146AA1ADF9D69
[2018.08.30-01.47.30:651][242]LogExit: GameNetDriver IpNetDriver_0 shut down
[2018.08.30-01.47.31:208][242]LogAIModule: Creating AISystem for world Lobby
[2018.08.30-01.47.31:208][242]LogLoad: Game class is 'LobbyGM_C'
[2018.08.30-01.47.31:208][242]LogTemp: Display: ParseSettings for GameNetDriver
[2018.08.30-01.47.31:208][242]LogTemp: Display: ParseSettings for IpNetDriver_2
[2018.08.30-01.47.31:208][242]LogTemp: Display: ParseSettings for GameNetDriver
[2018.08.30-01.47.31:208][242]LogNet: ReplicationDriverClass is null! Not using ReplicationDriver.
[2018.08.30-01.47.31:208][242]LogInit: WinSock: Socket queue 131072 / 131072
[2018.08.30-01.47.31:209][242]PacketHandlerLog: Loaded PacketHandler component: Engine.EngineHandlerComponentFactory (StatelessConnectHandlerComponent)
[2018.08.30-01.47.31:209][242]LogNet: GameNetDriver IpNetDriver_2 IpNetDriver listening on port 7777
[2018.08.30-01.47.31:211][242]LogWorld: Bringing World /Game/Maps/UEDPIE_1_Lobby.Lobby up for play (max tick rate 60) at 2018.08.30-13.47.31
[2018.08.30-01.47.31:212][242]LogWorld: Bringing up level for play took: 0.002024
[2018.08.30-01.47.31:219][242]LogGameMode: Display: Match State Changed from EnteringMap to WaitingToStart
[2018.08.30-01.47.31:219][242]LogGameState: Match State Changed from EnteringMap to WaitingToStart
[2018.08.30-01.47.31:219][242]LogGameMode: Display: Match State Changed from WaitingToStart to InProgress
[2018.08.30-01.47.31:219][242]LogGameState: Match State Changed from WaitingToStart to InProgress
[2018.08.30-01.47.31:219][242]LogLoad: Took 0.568830 seconds to LoadMap(/Game/Maps/Lobby)
[2018.08.30-01.47.31:220][242]LogNet: Warning: Network Failure: GameNetDriver[FailureReceived]: Host closed the connection.
[2018.08.30-01.47.31:220][242]LogNet: Warning: Network Failure: GameNetDriver[FailureReceived]: Host closed the connection.
[2018.08.30-01.47.31:220][242]LogNet: NetworkFailure: FailureReceived, Error: 'Host closed the connection.'
[2018.08.30-01.47.31:220][242]LogGameMode: Display: Match State Changed from InProgress to Aborted
[2018.08.30-01.47.31:220][242]LogGameState: Match State Changed from InProgress to Aborted
[2018.08.30-01.47.31:220][242]LogNet: UNetConnection::Close: [UNetConnection] RemoteAddr: 127.0.0.1:17777, Name: IpConnection_0, Driver: GameNetDriver IpNetDriver_1, IsServer: NO, PC: PlayerController_1, Owner: PlayerController_1, UniqueId: NULL:A00696-ED3B975C4FD0C047BE4146AA1ADF9D69, Channels: 11, Time: 2018.08.30-01.47.31
[2018.08.30-01.47.31:220][242]LogNet: UChannel::Close: Sending CloseBunch. ChIndex == 0. Name: [UChannel] ChIndex: 0, Closing: 0 [UNetConnection] RemoteAddr: 127.0.0.1:17777, Name: IpConnection_0, Driver: GameNetDriver IpNetDriver_1, IsServer: NO, PC: PlayerController_1, Owner: PlayerController_1, UniqueId: NULL:A00696-ED3B975C4FD0C047BE4146AA1ADF9D69
[2018.08.30-01.47.31:220][242]LogNet: Warning: Network Failure: GameNetDriver[ConnectionLost]: Your connection to the host has been lost.
[2018.08.30-01.47.31:220][242]LogNet: Warning: Network Failure: GameNetDriver[ConnectionLost]: Your connection to the host has been lost.
[2018.08.30-01.47.31:221][242]LogNet: NetworkFailure: ConnectionLost, Error: 'Your connection to the host has been lost.'
[2018.08.30-01.47.31:251][243]LogSlate: FSceneViewport::OnFocusLost() reason 2
[2018.08.30-01.47.31:254][243]LogNet: Browse: /Game/Maps/MainMenu?closed
[2018.08.30-01.47.31:254][243]LogNet: Connection failed; returning to Entry
[2018.08.30-01.47.31:276][243]LogLoad: LoadMap: /Game/Maps/MainMenu?closed
[2018.08.30-01.47.31:276][243]LogNet: World NetDriver shutdown IpNetDriver_1 [GameNetDriver]
[2018.08.30-01.47.31:276][243]LogNet: DestroyNamedNetDriver IpNetDriver_1 [GameNetDriver]
[2018.08.30-01.47.31:276][243]LogExit: GameNetDriver IpNetDriver_1 shut down
[2018.08.30-01.47.31:305][243]LogPlayLevel: Creating play world package: /Game/Maps/UEDPIE_2_MainMenu
[2018.08.30-01.47.31:306][243]LogPlayLevel: PIE: StaticDuplicateObject took: (0.001314s)
[2018.08.30-01.47.31:307][243]LogAIModule: Creating AISystem for world MainMenu
[2018.08.30-01.47.31:307][243]LogPlayLevel: PIE: World Init took: (0.001036s)
[2018.08.30-01.47.31:308][243]LogPlayLevel: PIE: Created PIE world by copying editor world from /Game/Maps/MainMenu.MainMenu to /Game/Maps/UEDPIE_2_MainMenu.MainMenu (0.002535s)
[2018.08.30-01.47.31:308][243]LogLoad: Game class is 'ThirdPersonGameMode_C'
[2018.08.30-01.47.31:309][243]LogWorld: Bringing World /Game/Maps/UEDPIE_2_MainMenu.MainMenu up for play (max tick rate 60) at 2018.08.30-13.47.31
[2018.08.30-01.47.31:310][243]LogWorld: Bringing up level for play took: 0.000550
[2018.08.30-01.47.31:310][243]LogGameMode: FindPlayerStart: PATHS NOT DEFINED or NO PLAYERSTART with positive rating
[2018.08.30-01.47.31:312][243]LogLoad: Took 0.036305 seconds to LoadMap(/Game/Maps/UEDPIE_2_MainMenu)
[2018.08.30-01.47.32:931][338]LogSlate: FSceneViewport::OnFocusLost() reason 0
[2018.08.30-01.47.40:340][722]LogNet: Browse: 10.0.0.134//Game/Maps/MainMenu
[2018.08.30-01.47.40:340][722]LogTemp: Display: ParseSettings for GameNetDriver
[2018.08.30-01.47.40:340][722]LogTemp: Display: ParseSettings for IpNetDriver_3
[2018.08.30-01.47.40:340][722]LogTemp: Display: ParseSettings for PendingNetDriver
[2018.08.30-01.47.40:340][722]LogInit: WinSock: Socket queue 32768 / 32768
[2018.08.30-01.47.40:341][722]PacketHandlerLog: Loaded PacketHandler component: Engine.EngineHandlerComponentFactory (StatelessConnectHandlerComponent)
[2018.08.30-01.47.40:341][722]LogNet: Game client on port 7777, rate 10000
[2018.08.30-01.47.40:356][723]LogNet: NotifyAcceptingConnection accepted from: 10.0.0.134:56391
[2018.08.30-01.47.40:356][723]LogHandshake: SendConnectChallenge. Timestamp: 9.723517, Cookie: 200193047053187147210168033244017227223043181206197202065098
[2018.08.30-01.47.40:356][723]LogHandshake: SendChallengeResponse. Timestamp: 9.723517, Cookie: 200193047053187147210168033244017227223043181206197202065098
[2018.08.30-01.47.40:372][724]LogNet: NotifyAcceptingConnection accepted from: 10.0.0.134:56391
[2018.08.30-01.47.40:372][724]LogHandshake: SendChallengeAck. InCookie: 200193047053187147210168033244017227223043181206197202065098
[2018.08.30-01.47.40:372][724]LogNet: Server accepting post-challenge connection from: 10.0.0.134:56391
[2018.08.30-01.47.40:372][724]PacketHandlerLog: Loaded PacketHandler component: Engine.EngineHandlerComponentFactory (StatelessConnectHandlerComponent)
[2018.08.30-01.47.40:373][724]LogNet: NotifyAcceptedConnection: Name: Lobby, TimeStamp: 08/30/18 13:47:40, [UNetConnection] RemoteAddr: 10.0.0.134:56391, Name: IpConnection_3, Driver: GameNetDriver IpNetDriver_2, IsServer: YES, PC: NULL, Owner: NULL, UniqueId: INVALID
[2018.08.30-01.47.40:373][724]LogNet: AddClientConnection: Added client connection: [UNetConnection] RemoteAddr: 10.0.0.134:56391, Name: IpConnection_3, Driver: GameNetDriver IpNetDriver_2, IsServer: YES, PC: NULL, Owner: NULL, UniqueId: INVALID
[2018.08.30-01.47.40:373][724]LogNet: UPendingNetGame::SendInitialJoin: Sending hello. [UNetConnection] RemoteAddr: 10.0.0.134:7777, Name: IpConnection_2, Driver: PendingNetDriver IpNetDriver_3, IsServer: NO, PC: NULL, Owner: NULL, UniqueId: INVALID
[2018.08.30-01.47.40:389][725]LogNet: NotifyAcceptingChannel Control 0 server World /Game/Maps/UEDPIE_1_Lobby.Lobby: Accepted
[2018.08.30-01.47.40:389][725]LogNet: Remote platform little endian=1
[2018.08.30-01.47.40:389][725]LogNet: This platform little endian=1
[2018.08.30-01.47.40:405][726]LogNet: Login request: /Game/Maps/MainMenu?Name=A00696-ED3B975C4FD0C047BE4146AA1ADF9D69 userId: A00696-ED3B975C4FD0C047BE4146AA1ADF9D69
[2018.08.30-01.47.40:406][726]LogNet: Welcomed by server (Level: /Game/Maps/UEDPIE_1_Lobby, Game: /Game/Blueprints/Lobby/LobbyGM.LobbyGM_C)
[2018.08.30-01.47.40:411][726]LogLoad: LoadMap: 10.0.0.134//Game/Maps/UEDPIE_1_Lobby?game=/Game/Blueprints/Lobby/LobbyGM.LobbyGM_C
[2018.08.30-01.47.40:625][726]LogAIModule: Creating AISystem for world Lobby
[2018.08.30-01.47.40:625][726]LogTemp: Display: ParseSettings for GameNetDriver
[2018.08.30-01.47.40:628][726]LogWorld: Bringing World /Game/Maps/UEDPIE_2_Lobby.Lobby up for play (max tick rate 60) at 2018.08.30-13.47.40
[2018.08.30-01.47.40:628][726]LogWorld: Bringing up level for play took: 0.001193
[2018.08.30-01.47.40:628][726]LogLoad: Took 0.216859 seconds to LoadMap(/Game/Maps/UEDPIE_1_Lobby)
[2018.08.30-01.47.40:645][727]LogNet: Client netspeed is 10000
[2018.08.30-01.47.40:645][727]LogNet: Join request: /Game/Maps/MainMenu?Name=A00696-ED3B975C4FD0C047BE4146AA1ADF9D69?SplitscreenCount=1
[2018.08.30-01.47.40:650][727]LogNet: Join succeeded: A00696-ED3B975C4FD0C
[2018.08.30-01.47.50:571][304]LogSlate: FSceneViewport::OnFocusLost() reason 0
[2018.08.30-01.47.54:290][501]LogGameMode: Display: Match State Changed from Aborted to LeavingMap
[2018.08.30-01.47.54:290][501]LogGameState: Match State Changed from Aborted to LeavingMap
[2018.08.30-01.47.54:290][501]LogNet: Browse: /Game/Maps/MainMenu
[2018.08.30-01.47.54:294][501]LogLoad: LoadMap: /Game/Maps/MainMenu
[2018.08.30-01.47.54:294][501]LogNet: World NetDriver shutdown IpNetDriver_2 [GameNetDriver]
[2018.08.30-01.47.54:294][501]LogNet: DestroyNamedNetDriver IpNetDriver_2 [GameNetDriver]
[2018.08.30-01.47.54:294][501]LogNet: UNetConnection::Cleanup: Closing open connection. [UNetConnection] RemoteAddr: 10.0.0.134:56391, Name: IpConnection_3, Driver: GameNetDriver IpNetDriver_2, IsServer: YES, PC: LobbyPC_C_1, Owner: LobbyPC_C_1, UniqueId: NULL:A00696-ED3B975C4FD0C047BE4146AA1ADF9D69
[2018.08.30-01.47.54:294][501]LogNet: UNetConnection::Close: [UNetConnection] RemoteAddr: 10.0.0.134:56391, Name: IpConnection_3, Driver: GameNetDriver IpNetDriver_2, IsServer: YES, PC: LobbyPC_C_1, Owner: LobbyPC_C_1, UniqueId: NULL:A00696-ED3B975C4FD0C047BE4146AA1ADF9D69, Channels: 10, Time: 2018.08.30-01.47.54
[2018.08.30-01.47.54:294][501]LogNet: UChannel::Close: Sending CloseBunch. ChIndex == 0. Name: [UChannel] ChIndex: 0, Closing: 0 [UNetConnection] RemoteAddr: 10.0.0.134:56391, Name: IpConnection_3, Driver: GameNetDriver IpNetDriver_2, IsServer: YES, PC: LobbyPC_C_1, Owner: LobbyPC_C_1, UniqueId: NULL:A00696-ED3B975C4FD0C047BE4146AA1ADF9D69
[2018.08.30-01.47.54:295][501]LogScript: Warning: Script Msg: DestroySession - Invalid player state
[2018.08.30-01.47.54:295][501]LogExit: GameNetDriver IpNetDriver_2 shut down
[2018.08.30-01.47.54:296][501]LogScript: Warning: Script Msg: DestroySession - Invalid player state
[2018.08.30-01.47.54:333][501]LogPlayLevel: Creating play world package: /Game/Maps/UEDPIE_1_MainMenu
[2018.08.30-01.47.54:334][501]LogPlayLevel: PIE: StaticDuplicateObject took: (0.001413s)
[2018.08.30-01.47.54:335][501]LogAIModule: Creating AISystem for world MainMenu
[2018.08.30-01.47.54:335][501]LogPlayLevel: PIE: World Init took: (0.000753s)
[2018.08.30-01.47.54:335][501]LogPlayLevel: PIE: Created PIE world by copying editor world from /Game/Maps/MainMenu.MainMenu to /Game/Maps/UEDPIE_1_MainMenu.MainMenu (0.002431s)
[2018.08.30-01.47.54:335][501]LogLoad: Game class is 'ThirdPersonGameMode_C'
[2018.08.30-01.47.54:336][501]LogWorld: Bringing World /Game/Maps/UEDPIE_1_MainMenu.MainMenu up for play (max tick rate 60) at 2018.08.30-13.47.54
[2018.08.30-01.47.54:336][501]LogWorld: Bringing up level for play took: 0.000492
[2018.08.30-01.47.54:337][501]LogGameMode: FindPlayerStart: PATHS NOT DEFINED or NO PLAYERSTART with positive rating
[2018.08.30-01.47.54:339][501]LogLoad: Took 0.045279 seconds to LoadMap(/Game/Maps/UEDPIE_1_MainMenu)
[2018.08.30-01.47.54:340][501]LogNet: Warning: Network Failure: GameNetDriver[FailureReceived]: Host closed the connection.
[2018.08.30-01.47.54:340][501]LogNet: Warning: Network Failure: GameNetDriver[FailureReceived]: Host closed the connection.
[2018.08.30-01.47.54:340][501]LogNet: NetworkFailure: FailureReceived, Error: 'Host closed the connection.'
[2018.08.30-01.47.54:340][501]LogNet: UNetConnection::Close: [UNetConnection] RemoteAddr: 10.0.0.134:7777, Name: IpConnection_2, Driver: GameNetDriver IpNetDriver_3, IsServer: NO, PC: LobbyPC_C_0, Owner: LobbyPC_C_0, UniqueId: NULL:A00696-ED3B975C4FD0C047BE4146AA1ADF9D69, Channels: 10, Time: 2018.08.30-01.47.54
[2018.08.30-01.47.54:340][501]LogNet: UChannel::Close: Sending CloseBunch. ChIndex == 0. Name: [UChannel] ChIndex: 0, Closing: 0 [UNetConnection] RemoteAddr: 10.0.0.134:7777, Name: IpConnection_2, Driver: GameNetDriver IpNetDriver_3, IsServer: NO, PC: LobbyPC_C_0, Owner: LobbyPC_C_0, UniqueId: NULL:A00696-ED3B975C4FD0C047BE4146AA1ADF9D69
[2018.08.30-01.47.54:340][501]LogNet: Warning: Network Failure: GameNetDriver[ConnectionLost]: Your connection to the host has been lost.
[2018.08.30-01.47.54:340][501]LogNet: Warning: Network Failure: GameNetDriver[ConnectionLost]: Your connection to the host has been lost.
[2018.08.30-01.47.54:340][501]LogNet: NetworkFailure: ConnectionLost, Error: 'Your connection to the host has been lost.'
[2018.08.30-01.47.54:353][502]LogNet: Browse: /Game/Maps/MainMenu?closed
[2018.08.30-01.47.54:354][502]LogNet: Connection failed; returning to Entry
[2018.08.30-01.47.54:359][502]LogLoad: LoadMap: /Game/Maps/MainMenu?closed
[2018.08.30-01.47.54:359][502]LogNet: World NetDriver shutdown IpNetDriver_3 [GameNetDriver]
[2018.08.30-01.47.54:359][502]LogNet: DestroyNamedNetDriver IpNetDriver_3 [GameNetDriver]
[2018.08.30-01.47.54:359][502]LogExit: GameNetDriver IpNetDriver_3 shut down
[2018.08.30-01.47.54:395][502]LogPlayLevel: Creating play world package: /Game/Maps/UEDPIE_2_MainMenu
[2018.08.30-01.47.54:396][502]LogPlayLevel: PIE: StaticDuplicateObject took: (0.001272s)
[2018.08.30-01.47.54:397][502]LogAIModule: Creating AISystem for world MainMenu
[2018.08.30-01.47.54:398][502]LogPlayLevel: PIE: World Init took: (0.001004s)
[2018.08.30-01.47.54:398][502]LogPlayLevel: PIE: Created PIE world by copying editor world from /Game/Maps/MainMenu.MainMenu to /Game/Maps/UEDPIE_2_MainMenu.MainMenu (0.002490s)
[2018.08.30-01.47.54:398][502]LogLoad: Game class is 'ThirdPersonGameMode_C'
[2018.08.30-01.47.54:399][502]LogWorld: Bringing World /Game/Maps/UEDPIE_2_MainMenu.MainMenu up for play (max tick rate 60) at 2018.08.30-13.47.54
[2018.08.30-01.47.54:399][502]LogWorld: Bringing up level for play took: 0.000519
[2018.08.30-01.47.54:400][502]LogGameMode: FindPlayerStart: PATHS NOT DEFINED or NO PLAYERSTART with positive rating
[2018.08.30-01.47.54:401][502]LogLoad: Took 0.042701 seconds to LoadMap(/Game/Maps/UEDPIE_2_MainMenu)
[2018.08.30-01.47.56:194][607]LogSlate: Window 'FPSMultiPlayerBP Game Preview Server (64-bit/PCD3D_SM5)' being destroyed
[2018.08.30-01.47.56:198][607]LogBlueprintUserMessages: Early EndPlayMap Detection: Level '/Game/Maps/MainMenu.MainMenu:PersistentLevel' has LevelScriptBlueprint '/Game/Maps/MainMenu.MainMenu:PersistentLevel.MainMenu' with GeneratedClass '/Game/Maps/MainMenu.MainMenu_C' with ClassGeneratedBy '/Game/Maps/MainMenu.MainMenu:PersistentLevel.MainMenu'
[2018.08.30-01.47.56:198][607]LogSlate: Updating window title bar state: overlay mode, drag disabled, window buttons hidden, title bar hidden
[2018.08.30-01.47.56:212][607]LogSlate: Window 'FPSMultiPlayerBP Game Preview Client 1 (64-bit/PCD3D_SM5)' being destroyed
[2018.08.30-01.47.56:267][607]LogPlayLevel: Display: Shutting down PIE online subsystems
[2018.08.30-01.47.56:267][607]LogBlueprintUserMessages: Late EndPlayMap Detection: Level '/Game/Maps/MainMenu.MainMenu:PersistentLevel' has LevelScriptBlueprint '/Game/Maps/MainMenu.MainMenu:PersistentLevel.MainMenu' with GeneratedClass '/Game/Maps/MainMenu.MainMenu_C' with ClassGeneratedBy '/Game/Maps/MainMenu.MainMenu:PersistentLevel.MainMenu'
[2018.08.30-01.47.56:350][608]LogPlayLevel: Display: Destroying online subsystem :Context_4
[2018.08.30-01.47.56:350][608]LogPlayLevel: Display: Destroying online subsystem :Context_3
[2018.08.30-01.47.59:580][786]LogSlate: Window 'FPSMultiPlayerBP - Unreal Editor' being destroyed
[2018.08.30-01.47.59:581][786]LogWindowsTextInputMethodSystem: Display: IME system now deactivated.
[2018.08.30-01.47.59:766][787]Cmd: QUIT_EDITOR
[2018.08.30-01.48.00:103][787]LogExit: Preparing to exit.
[2018.08.30-01.48.01:034][787]LogExit: Editor shut down
[2018.08.30-01.48.01:034][787]LogExit: Transaction tracking system shut down
[2018.08.30-01.48.01:376][787]LogExit: Object subsystem successfully closed.
[2018.08.30-01.48.01:388][787]LogShaderCompilers: Display: Shaders left to compile 0
[2018.08.30-01.48.01:392][787]LogD3D11RHI: Shutdown
[2018.08.30-01.48.01:392][787]LogD3D11RHI: CleanupD3DDevice
[2018.08.30-01.48.01:393][787]LogD3D11RHI: ~FD3D11DynamicRHI
[2018.08.30-01.48.01:435][787]LogModuleManager: Shutting down and abandoning module MovieSceneCapture (620)
[2018.08.30-01.48.01:435][787]LogModuleManager: Shutting down and abandoning module Voice (618)
[2018.08.30-01.48.01:435][787]LogModuleManager: Shutting down and abandoning module SequencerWidgets (616)
[2018.08.30-01.48.01:435][787]LogModuleManager: Shutting down and abandoning module BlueprintGraph (614)
[2018.08.30-01.48.01:435][787]LogModuleManager: Shutting down and abandoning module HierarchicalLODOutliner (612)
[2018.08.30-01.48.01:435][787]LogModuleManager: Shutting down and abandoning module SceneOutliner (610)
[2018.08.30-01.48.01:435][787]LogModuleManager: Shutting down and abandoning module AddContentDialog (608)
[2018.08.30-01.48.01:435][787]LogModuleManager: Shutting down and abandoning module WidgetCarousel (607)
[2018.08.30-01.48.01:435][787]LogModuleManager: Shutting down and abandoning module EditorWidgets (604)
[2018.08.30-01.48.01:435][787]LogModuleManager: Shutting down and abandoning module CollectionManager (602)
[2018.08.30-01.48.01:436][787]LogModuleManager: Shutting down and abandoning module StatsViewer (600)
[2018.08.30-01.48.01:436][787]LogModuleManager: Shutting down and abandoning module FoliageEdit (598)
[2018.08.30-01.48.01:436][787]LogModuleManager: Shutting down and abandoning module LandscapeEditor (596)
[2018.08.30-01.48.01:436][787]LogModuleManager: Shutting down and abandoning module MeshPaintMode (594)
[2018.08.30-01.48.01:436][787]LogModuleManager: Shutting down and abandoning module SceneDepthPickerMode (592)
[2018.08.30-01.48.01:436][787]LogModuleManager: Shutting down and abandoning module ActorPickerMode (590)
[2018.08.30-01.48.01:436][787]LogModuleManager: Shutting down and abandoning module GeometryMode (588)
[2018.08.30-01.48.01:436][787]LogModuleManager: Shutting down and abandoning module TextureAlignMode (586)
[2018.08.30-01.48.01:436][787]LogModuleManager: Shutting down and abandoning module BspMode (584)
[2018.08.30-01.48.01:436][787]LogModuleManager: Shutting down and abandoning module PIEPreviewDeviceProfileSelector (582)
[2018.08.30-01.48.01:436][787]LogModuleManager: Shutting down and abandoning module SequenceRecorderSections (580)
[2018.08.30-01.48.01:436][787]LogModuleManager: Shutting down and abandoning module AutomationWorker (578)
[2018.08.30-01.48.01:436][787]LogModuleManager: Shutting down and abandoning module AudioCaptureEditor (576)
[2018.08.30-01.48.01:436][787]LogModuleManager: Shutting down and abandoning module SequenceRecorder (575)
[2018.08.30-01.48.01:436][787]LogModuleManager: Shutting down and abandoning module MatineeToLevelSequence (572)
[2018.08.30-01.48.01:436][787]LogModuleManager: Shutting down and abandoning module LevelSequenceEditor (570)
[2018.08.30-01.48.01:436][787]LogModuleManager: Shutting down and abandoning module PlacementMode (569)
[2018.08.30-01.48.01:436][787]LogModuleManager: Shutting down and abandoning module MaterialEditor (568)
[2018.08.30-01.48.01:436][787]LogModuleManager: Shutting down and abandoning module WmfMediaFactory (564)
[2018.08.30-01.48.01:436][787]LogModuleManager: Shutting down and abandoning module WmfMediaEditor (562)
[2018.08.30-01.48.01:436][787]LogModuleManager: Shutting down and abandoning module MediaPlayerEditor (560)
[2018.08.30-01.48.01:436][787]LogModuleManager: Shutting down and abandoning module OpenExrWrapper (558)
[2018.08.30-01.48.01:436][787]LogModuleManager: Shutting down and abandoning module ImgMediaFactory (556)
[2018.08.30-01.48.01:436][787]LogModuleManager: Shutting down and abandoning module ImgMediaEditor (554)
[2018.08.30-01.48.01:436][787]LogModuleManager: Shutting down and abandoning module AvfMediaFactory (552)
[2018.08.30-01.48.01:436][787]LogModuleManager: Shutting down and abandoning module AvfMediaEditor (550)
[2018.08.30-01.48.01:436][787]LogModuleManager: Shutting down and abandoning module AndroidMediaFactory (548)
[2018.08.30-01.48.01:436][787]LogModuleManager: Shutting down and abandoning module AndroidMediaEditor (546)
[2018.08.30-01.48.01:436][787]LogModuleManager: Shutting down and abandoning module MagicLeapCameraPreviewFactory (544)
[2018.08.30-01.48.01:436][787]LogModuleManager: Shutting down and abandoning module MagicLeapMediaFactory (542)
[2018.08.30-01.48.01:436][787]LogModuleManager: Shutting down and abandoning module MagicLeapMediaEditor (540)
[2018.08.30-01.48.01:436][787]LogModuleManager: Shutting down and abandoning module CharacterAI (538)
[2018.08.30-01.48.01:436][787]LogModuleManager: Shutting down and abandoning module SmartSnapping (536)
[2018.08.30-01.48.01:436][787]LogModuleManager: Shutting down and abandoning module SessionServices (534)
[2018.08.30-01.48.01:436][787]LogModuleManager: Shutting down and abandoning module ViewportSnapping (532)
[2018.08.30-01.48.01:437][787]LogModuleManager: Shutting down and abandoning module ViewportInteraction (530)
[2018.08.30-01.48.01:437][787]LogModuleManager: Shutting down and abandoning module ClothPainter (528)
[2018.08.30-01.48.01:437][787]LogModuleManager: Shutting down and abandoning module SkeletalMeshEditor (527)
[2018.08.30-01.48.01:437][787]LogModuleManager: Shutting down and abandoning module LogVisualizer (524)
[2018.08.30-01.48.01:437][787]LogModuleManager: Shutting down and abandoning module IntroTutorials (522)
[2018.08.30-01.48.01:437][787]LogModuleManager: Shutting down and abandoning module GameProjectGeneration (521)
[2018.08.30-01.48.01:437][787]LogModuleManager: Shutting down and abandoning module LuminPlatformEditor (518)
[2018.08.30-01.48.01:437][787]LogModuleManager: Shutting down and abandoning module IOSPlatformEditor (516)
[2018.08.30-01.48.01:437][787]LogModuleManager: Shutting down and abandoning module HTML5PlatformEditor (514)
[2018.08.30-01.48.01:437][787]LogModuleManager: Shutting down and abandoning module AndroidPlatformEditor (512)
[2018.08.30-01.48.01:437][787]LogModuleManager: Shutting down and abandoning module AndroidDeviceDetection (511)
[2018.08.30-01.48.02:445][787]LogModuleManager: Shutting down and abandoning module WindowsPlatformEditor (508)
[2018.08.30-01.48.02:445][787]LogModuleManager: Shutting down and abandoning module LuminRuntimeSettings (506)
[2018.08.30-01.48.02:445][787]LogModuleManager: Shutting down and abandoning module IOSRuntimeSettings (504)
[2018.08.30-01.48.02:445][787]LogModuleManager: Shutting down and abandoning module AndroidRuntimeSettings (502)
[2018.08.30-01.48.02:445][787]LogModuleManager: Shutting down and abandoning module InputBindingEditor (500)
[2018.08.30-01.48.02:446][787]LogModuleManager: Shutting down and abandoning module MergeActors (498)
[2018.08.30-01.48.02:446][787]LogModuleManager: Shutting down and abandoning module LocalizationDashboard (496)
[2018.08.30-01.48.02:446][787]LogModuleManager: Shutting down and abandoning module LocalizationService (495)
[2018.08.30-01.48.02:446][787]LogModuleManager: Shutting down and abandoning module HardwareTargeting (492)
[2018.08.30-01.48.02:446][787]LogModuleManager: Shutting down and abandoning module DeviceProfileEditor (490)
[2018.08.30-01.48.02:446][787]LogModuleManager: Shutting down and abandoning module UndoHistory (488)
[2018.08.30-01.48.02:446][787]LogModuleManager: Shutting down and abandoning module XmlParser (486)
[2018.08.30-01.48.02:446][787]LogModuleManager: Shutting down and abandoning module Blutility (484)
[2018.08.30-01.48.02:446][787]LogModuleManager: Shutting down and abandoning module ProjectSettingsViewer (482)
[2018.08.30-01.48.02:446][787]LogModuleManager: Shutting down and abandoning module ProjectTargetPlatformEditor (481)
[2018.08.30-01.48.02:447][787]LogModuleManager: Shutting down and abandoning module EditorSettingsViewer (478)
[2018.08.30-01.48.02:447][787]LogModuleManager: Shutting down and abandoning module SettingsEditor (476)
[2018.08.30-01.48.02:447][787]LogModuleManager: Shutting down and abandoning module ProjectLauncher (474)
[2018.08.30-01.48.02:447][787]LogModuleManager: Shutting down and abandoning module SessionFrontend (472)
[2018.08.30-01.48.02:447][787]LogModuleManager: Shutting down and abandoning module ProfilerClient (470)
[2018.08.30-01.48.02:447][787]LogModuleManager: Shutting down and abandoning module DeviceManager (468)
[2018.08.30-01.48.02:447][787]LogModuleManager: Shutting down and abandoning module TargetDeviceServices (467)
[2018.08.30-01.48.02:502][787]LogModuleManager: Shutting down and abandoning module AutomationController (464)
[2018.08.30-01.48.02:502][787]LogModuleManager: Shutting down and abandoning module AutomationWindow (462)
[2018.08.30-01.48.02:502][787]LogModuleManager: Shutting down and abandoning module Layers (460)
[2018.08.30-01.48.02:502][787]LogModuleManager: Shutting down and abandoning module ComponentVisualizers (458)
[2018.08.30-01.48.02:502][787]LogModuleManager: Shutting down and abandoning module DetailCustomizations (456)
[2018.08.30-01.48.02:502][787]LogModuleManager: Shutting down and abandoning module PackagesDialog (454)
[2018.08.30-01.48.02:502][787]LogModuleManager: Shutting down and abandoning module Persona (452)
[2018.08.30-01.48.02:503][787]LogModuleManager: Shutting down and abandoning module AdvancedPreviewScene (451)
[2018.08.30-01.48.02:503][787]LogModuleManager: Shutting down and abandoning module AnimGraph (449)
[2018.08.30-01.48.02:503][787]LogModuleManager: Shutting down and abandoning module Kismet (446)
[2018.08.30-01.48.02:516][787]LogModuleManager: Shutting down and abandoning module GraphEditor (444)
[2018.08.30-01.48.02:516][787]LogModuleManager: Shutting down and abandoning module ClassViewer (442)
[2018.08.30-01.48.02:517][787]LogModuleManager: Shutting down and abandoning module Toolbox (440)
[2018.08.30-01.48.02:517][787]LogModuleManager: Shutting down and abandoning module ModuleUI (438)
[2018.08.30-01.48.02:517][787]LogModuleManager: Shutting down and abandoning module MovieSceneTools (436)
[2018.08.30-01.48.02:517][787]LogModuleManager: Shutting down and abandoning module OutputLog (434)
[2018.08.30-01.48.02:517][787]LogModuleManager: Shutting down and abandoning module GammaUI (432)
[2018.08.30-01.48.02:517][787]LogModuleManager: Shutting down and abandoning module Documentation (430)
[2018.08.30-01.48.02:517][787]LogModuleManager: Shutting down and abandoning module MovieSceneTracks (428)
[2018.08.30-01.48.02:517][787]LogModuleManager: Shutting down and abandoning module MovieScene (426)
[2018.08.30-01.48.02:517][787]LogModuleManager: Shutting down and abandoning module StreamingPauseRendering (424)
[2018.08.30-01.48.02:517][787]LogModuleManager: Shutting down and abandoning module LauncherPlatform (422)
[2018.08.30-01.48.02:517][787]LogModuleManager: Shutting down and abandoning module AnalyticsET (420)
[2018.08.30-01.48.02:517][787]LogModuleManager: Shutting down and abandoning module PortalServices (418)
[2018.08.30-01.48.02:517][787]LogModuleManager: Shutting down and abandoning module PortalRpc (416)
[2018.08.30-01.48.02:518][787]LogModuleManager: Shutting down and abandoning module MessagingRpc (414)
[2018.08.30-01.48.02:518][787]LogModuleManager: Shutting down and abandoning module AIModule (412)
[2018.08.30-01.48.02:518][787]LogModuleManager: Shutting down and abandoning module GameplayDebugger (411)
[2018.08.30-01.48.02:518][787]LogModuleManager: Shutting down and abandoning module AITestSuite (409)
[2018.08.30-01.48.02:518][787]LogModuleManager: Shutting down and abandoning module NavigationSystem (407)
[2018.08.30-01.48.02:518][787]LogModuleManager: Shutting down and abandoning module DesktopPlatform (404)
[2018.08.30-01.48.02:518][787]LogModuleManager: Shutting down and abandoning module ProfilerService (402)
[2018.08.30-01.48.02:713][787]LogModuleManager: Shutting down and abandoning module TaskGraph (400)
[2018.08.30-01.48.02:713][787]LogModuleManager: Shutting down and abandoning module SteamVRController (398)
[2018.08.30-01.48.02:713][787]LogModuleManager: Shutting down and abandoning module ProceduralMeshComponentEditor (396)
[2018.08.30-01.48.02:713][787]LogModuleManager: Shutting down and abandoning module ProceduralMeshComponent (394)
[2018.08.30-01.48.02:714][787]LogModuleManager: Shutting down and abandoning module OculusInput (392)
[2018.08.30-01.48.02:714][787]LogModuleManager: Shutting down and abandoning module MobilePatchingUtils (390)
[2018.08.30-01.48.02:714][787]LogModuleManager: Shutting down and abandoning module EditableMesh (388)
[2018.08.30-01.48.02:714][787]LogModuleManager: Shutting down and abandoning module CustomMeshComponent (386)
[2018.08.30-01.48.02:714][787]LogModuleManager: Shutting down and abandoning module CableComponent (384)
[2018.08.30-01.48.02:714][787]LogModuleManager: Shutting down and abandoning module AudioCapture (382)
[2018.08.30-01.48.02:714][787]LogModuleManager: Shutting down and abandoning module ArchVisCharacter (380)
[2018.08.30-01.48.02:714][787]LogModuleManager: Shutting down and abandoning module AndroidPermission (378)
[2018.08.30-01.48.02:714][787]LogModuleManager: Shutting down and abandoning module NUTUnrealEngine4 (376)
[2018.08.30-01.48.02:714][787]LogModuleManager: Shutting down and abandoning module NetcodeUnitTest (374)
[2018.08.30-01.48.02:714][787]LogModuleManager: Shutting down and abandoning module MediaCompositingEditor (372)
[2018.08.30-01.48.02:714][787]LogModuleManager: Shutting down and abandoning module MediaCompositing (370)
[2018.08.30-01.48.02:714][787]LogModuleManager: Shutting down and abandoning module LinearTimecode (368)
[2018.08.30-01.48.02:714][787]LogModuleManager: Shutting down and abandoning module ImgMedia (366)
[2018.08.30-01.48.02:724][787]LogModuleManager: Shutting down and abandoning module HTML5Networking (364)
[2018.08.30-01.48.02:724][787]LogModuleManager: Shutting down and abandoning module GeometryCacheTracks (362)
[2018.08.30-01.48.02:724][787]LogModuleManager: Shutting down and abandoning module GeometryCacheSequencer (360)
[2018.08.30-01.48.02:724][787]LogModuleManager: Shutting down and abandoning module BackChannel (358)
[2018.08.30-01.48.02:724][787]LogModuleManager: Shutting down and abandoning module AppleVision (356)
[2018.08.30-01.48.02:724][787]LogModuleManager: Shutting down and abandoning module AppleImageUtils (354)
[2018.08.30-01.48.02:724][787]LogModuleManager: Shutting down and abandoning module AlembicImporter (352)
[2018.08.30-01.48.02:724][787]LogModuleManager: Shutting down and abandoning module AlembicLibrary (351)
[2018.08.30-01.48.02:725][787]LogModuleManager: Shutting down and abandoning module GeometryCache (350)
[2018.08.30-01.48.02:725][787]LogModuleManager: Shutting down and abandoning module GeometryCacheEd (349)
[2018.08.30-01.48.02:725][787]LogModuleManager: Shutting down and abandoning module DatasmithContentEditor (344)
[2018.08.30-01.48.02:725][787]LogModuleManager: Shutting down and abandoning module DatasmithContent (342)
[2018.08.30-01.48.02:726][787]LogModuleManager: Shutting down and abandoning module SpeedTreeImporter (340)
[2018.08.30-01.48.02:726][787]LogModuleManager: Shutting down and abandoning module PluginBrowser (338)
[2018.08.30-01.48.02:726][787]LogModuleManager: Shutting down and abandoning module MobileLauncherProfileWizard (336)
[2018.08.30-01.48.02:726][787]LogModuleManager: Shutting down and abandoning module PolygonModeling (334)
[2018.08.30-01.48.02:726][787]LogModuleManager: Shutting down and abandoning module MeshEditor (332)
[2018.08.30-01.48.02:726][787]LogModuleManager: Shutting down and abandoning module CryptoKeysOpenSSL (330)
[2018.08.30-01.48.02:726][787]LogModuleManager: Shutting down and abandoning module CryptoKeys (328)
[2018.08.30-01.48.02:726][787]LogModuleManager: Shutting down and abandoning module VisualStudioSourceCodeAccess (326)
[2018.08.30-01.48.02:726][787]LogModuleManager: Shutting down and abandoning module VisualStudioCodeSourceCodeAccess (324)
[2018.08.30-01.48.02:726][787]LogModuleManager: Shutting down and abandoning module UObjectPlugin (322)
[2018.08.30-01.48.02:727][787]LogModuleManager: Shutting down and abandoning module SubversionSourceControl (320)
[2018.08.30-01.48.02:727][787]LogModuleManager: Shutting down and abandoning module PerforceSourceControl (318)
[2018.08.30-01.48.02:727][787]LogModuleManager: Shutting down and abandoning module GitSourceControl (316)
[2018.08.30-01.48.02:727][787]LogModuleManager: Shutting down and abandoning module SourceControl (315)
[2018.08.30-01.48.02:727][787]LogModuleManager: Shutting down and abandoning module CLionSourceCodeAccess (312)
[2018.08.30-01.48.02:727][787]LogModuleManager: Shutting down and abandoning module LightPropagationVolumeEditor (310)
[2018.08.30-01.48.02:727][787]LogModuleManager: Shutting down and abandoning module PaperTiledImporter (308)
[2018.08.30-01.48.02:727][787]LogModuleManager: Shutting down and abandoning module PaperSpriteSheetImporter (306)
[2018.08.30-01.48.02:727][787]LogModuleManager: Shutting down and abandoning module Paper2DEditor (304)
[2018.08.30-01.48.02:727][787]LogModuleManager: Shutting down and abandoning module MeshPaint (303)
[2018.08.30-01.48.02:727][787]LogModuleManager: Shutting down and abandoning module RuntimePhysXCooking (300)
[2018.08.30-01.48.02:728][787]LogModuleManager: Shutting down and abandoning module PhysXVehiclesEditor (298)
[2018.08.30-01.48.02:728][787]LogModuleManager: Shutting down and abandoning module PhysXVehicles (296)
[2018.08.30-01.48.02:728][787]LogModuleManager: Shutting down and abandoning module OculusEditor (294)
[2018.08.30-01.48.02:728][787]LogModuleManager: Shutting down and abandoning module LocationServicesBPLibrary (292)
[2018.08.30-01.48.02:728][787]LogModuleManager: Shutting down and abandoning module ImmediatePhysicsEditor (290)
[2018.08.30-01.48.02:728][787]LogModuleManager: Shutting down and abandoning module ImmediatePhysics (288)
[2018.08.30-01.48.02:728][787]LogModuleManager: Shutting down and abandoning module ActorSequence (286)
[2018.08.30-01.48.02:728][787]LogModuleManager: Shutting down and abandoning module UdpMessaging (284)
[2018.08.30-01.48.02:829][787]LogModuleManager: Shutting down and abandoning module TcpMessaging (282)
[2018.08.30-01.48.02:930][787]LogModuleManager: Shutting down and abandoning module MagicLeapAudio (280)
[2018.08.30-01.48.02:930][787]LogModuleManager: Shutting down and abandoning module GameplayTagsEditor (278)
[2018.08.30-01.48.02:930][787]LogModuleManager: Shutting down and abandoning module FacialAnimationEditor (276)
[2018.08.30-01.48.02:930][787]LogModuleManager: Shutting down and abandoning module FacialAnimation (274)
[2018.08.30-01.48.02:930][787]LogModuleManager: Shutting down and abandoning module DataValidation (272)
[2018.08.30-01.48.02:930][787]LogModuleManager: Shutting down and abandoning module AssetManagerEditor (270)
[2018.08.30-01.48.02:930][787]LogModuleManager: Shutting down and abandoning module LevelEditor (269)
[2018.08.30-01.48.02:932][787]LogModuleManager: Shutting down and abandoning module PixelInspectorModule (268)
[2018.08.30-01.48.02:932][787]LogModuleManager: Shutting down and abandoning module CommonMenuExtensions (266)
[2018.08.30-01.48.02:932][787]LogModuleManager: Shutting down and abandoning module MainFrame (264)
[2018.08.30-01.48.02:932][787]LogModuleManager: Shutting down and abandoning module HotReload (263)
[2018.08.30-01.48.02:933][787]LogModuleManager: Shutting down and abandoning module ContentBrowser (259)
[2018.08.30-01.48.02:934][787]LogModuleManager: Shutting down and abandoning module TreeMap (257)
[2018.08.30-01.48.02:935][787]LogModuleManager: Shutting down and abandoning module LightPropagationVolumeRuntime (254)
[2018.08.30-01.48.02:935][787]LogModuleManager: Shutting down and abandoning module AISupportModule (252)
[2018.08.30-01.48.02:935][787]LogModuleManager: Shutting down and abandoning module Paper2D (250)
[2018.08.30-01.48.02:935][787]LogModuleManager: Shutting down and abandoning module WindowsMoviePlayer (248)
[2018.08.30-01.48.02:935][787]LogModuleManager: Shutting down and abandoning module WmfMedia (246)
[2018.08.30-01.48.02:936][787]LogModuleManager: Shutting down and abandoning module Media (245)
[2018.08.30-01.48.02:942][787]LogModuleManager: Shutting down and abandoning module PacketHandler (242)
[2018.08.30-01.48.02:942][787]LogModuleManager: Shutting down and abandoning module ClothingSystemEditor (240)
[2018.08.30-01.48.02:943][787]LogModuleManager: Shutting down and abandoning module ClothingSystemRuntime (238)
[2018.08.30-01.48.02:943][787]LogModuleManager: Shutting down and abandoning module MediaAssets (236)
[2018.08.30-01.48.02:943][787]LogModuleManager: Shutting down and abandoning module Overlay (234)
[2018.08.30-01.48.02:943][787]LogModuleManager: Shutting down and abandoning module OverlayEditor (233)
[2018.08.30-01.48.02:943][787]LogModuleManager: Shutting down and abandoning module VREditor (230)
[2018.08.30-01.48.02:943][787]LogModuleManager: Shutting down and abandoning module StringTableEditor (228)
[2018.08.30-01.48.02:943][787]LogModuleManager: Shutting down and abandoning module GameplayTasksEditor (226)
[2018.08.30-01.48.02:943][787]LogModuleManager: Shutting down and abandoning module BehaviorTreeEditor (224)
[2018.08.30-01.48.02:943][787]LogModuleManager: Shutting down and abandoning module FunctionalTesting (222)
[2018.08.30-01.48.02:943][787]LogModuleManager: Shutting down and abandoning module CollisionAnalyzer (220)
[2018.08.30-01.48.02:943][787]LogModuleManager: Shutting down and abandoning module WorkspaceMenuStructure (219)
[2018.08.30-01.48.02:943][787]LogModuleManager: Shutting down and abandoning module UMG (216)
[2018.08.30-01.48.02:943][787]LogModuleManager: Shutting down and abandoning module UMGEditor (215)
[2018.08.30-01.48.02:943][787]LogModuleManager: Shutting down and abandoning module Sequencer (214)
[2018.08.30-01.48.02:943][787]LogModuleManager: Shutting down and abandoning module MessageLog (211)
[2018.08.30-01.48.02:943][787]LogModuleManager: Shutting down and abandoning module SlateReflector (206)
[2018.08.30-01.48.02:943][787]LogModuleManager: Shutting down and abandoning module Slate (204)
[2018.08.30-01.48.02:943][787]LogModuleManager: Shutting down and abandoning module EditorStyle (202)
[2018.08.30-01.48.02:946][787]LogModuleManager: Shutting down and abandoning module MRMesh (200)
[2018.08.30-01.48.02:946][787]LogModuleManager: Shutting down and abandoning module SourceCodeAccess (198)
[2018.08.30-01.48.02:946][787]LogModuleManager: Shutting down and abandoning module HeadMountedDisplay (196)
[2018.08.30-01.48.02:946][787]LogModuleManager: Shutting down and abandoning module XAudio2 (194)
[2018.08.30-01.48.02:946][787]LogModuleManager: Shutting down and abandoning module Networking (192)
[2018.08.30-01.48.02:946][787]LogModuleManager: Shutting down and abandoning module Core (190)
[2018.08.30-01.48.02:946][787]LogModuleManager: Shutting down and abandoning module LevelSequence (188)
[2018.08.30-01.48.02:946][787]LogModuleManager: Shutting down and abandoning module KismetCompiler (186)
[2018.08.30-01.48.02:946][787]LogModuleManager: Shutting down and abandoning module MeshUtilities (184)
[2018.08.30-01.48.02:946][787]LogModuleManager: Shutting down and abandoning module MeshMergeUtilities (183)
[2018.08.30-01.48.02:946][787]LogModuleManager: Shutting down and abandoning module MeshReductionInterface (182)
[2018.08.30-01.48.02:946][787]LogModuleManager: Shutting down and abandoning module SimplygonSwarm (181)
[2018.08.30-01.48.02:946][787]LogModuleManager: Shutting down and abandoning module ProxyLODMeshReduction (179)
[2018.08.30-01.48.02:946][787]LogModuleManager: Shutting down and abandoning module SimplygonMeshReduction (177)
[2018.08.30-01.48.02:946][787]LogModuleManager: Shutting down and abandoning module QuadricMeshReduction (175)
[2018.08.30-01.48.02:946][787]LogModuleManager: Shutting down and abandoning module MaterialBaking (171)
[2018.08.30-01.48.02:946][787]LogModuleManager: Shutting down and abandoning module DirectoryWatcher (167)
[2018.08.30-01.48.02:947][787]LogModuleManager: Shutting down and abandoning module DerivedDataCache (164)
[2018.08.30-01.48.03:064][787]LogDerivedDataCache: Shutdown
[2018.08.30-01.48.03:064][787]LogModuleManager: Shutting down and abandoning module XGEController (162)
[2018.08.30-01.48.03:064][787]LogModuleManager: Shutting down and abandoning module TargetPlatform (160)
[2018.08.30-01.48.03:064][787]LogModuleManager: Shutting down and abandoning module VulkanShaderFormat (159)
[2018.08.30-01.48.03:064][787]LogModuleManager: Shutting down and abandoning module ShaderFormatVectorVM (157)
[2018.08.30-01.48.03:064][787]LogModuleManager: Shutting down and abandoning module ShaderFormatOpenGL (155)
[2018.08.30-01.48.03:064][787]LogModuleManager: Shutting down and abandoning module ShaderFormatD3D (153)
[2018.08.30-01.48.03:064][787]LogModuleManager: Shutting down and abandoning module MetalShaderFormat (151)
[2018.08.30-01.48.03:065][787]LogModuleManager: Shutting down and abandoning module TextureFormatUncompressed (149)
[2018.08.30-01.48.03:065][787]LogModuleManager: Shutting down and abandoning module TextureFormatPVR (147)
[2018.08.30-01.48.03:065][787]LogModuleManager: Shutting down and abandoning module TextureFormatDXT (145)
[2018.08.30-01.48.03:065][787]LogModuleManager: Shutting down and abandoning module TextureFormatIntelISPCTexComp (143)
[2018.08.30-01.48.03:065][787]LogModuleManager: Shutting down and abandoning module TextureFormatASTC (141)
[2018.08.30-01.48.03:065][787]LogModuleManager: Shutting down and abandoning module ImageWrapper (140)
[2018.08.30-01.48.03:065][787]LogModuleManager: Shutting down and abandoning module TextureFormatAndroid (137)
[2018.08.30-01.48.03:065][787]LogModuleManager: Shutting down and abandoning module AudioFormatOpus (135)
[2018.08.30-01.48.03:065][787]LogModuleManager: Shutting down and abandoning module AudioFormatOgg (133)
[2018.08.30-01.48.03:065][787]LogModuleManager: Shutting down and abandoning module AudioFormatADPCM (131)
[2018.08.30-01.48.03:065][787]LogModuleManager: Shutting down and abandoning module LuminTargetPlatform (129)
[2018.08.30-01.48.03:065][787]LogModuleManager: Shutting down and abandoning module LinuxTargetPlatform (127)
[2018.08.30-01.48.03:066][787]LogModuleManager: Shutting down and abandoning module LinuxServerTargetPlatform (125)
[2018.08.30-01.48.03:066][787]LogModuleManager: Shutting down and abandoning module LinuxNoEditorTargetPlatform (123)
[2018.08.30-01.48.03:066][787]LogModuleManager: Shutting down and abandoning module LinuxClientTargetPlatform (121)
[2018.08.30-01.48.03:066][787]LogModuleManager: Shutting down and abandoning module TVOSTargetPlatform (119)
[2018.08.30-01.48.03:068][787]LogModuleManager: Shutting down and abandoning module Messaging (117)
[2018.08.30-01.48.03:068][787]LogModuleManager: Shutting down and abandoning module IOSTargetPlatform (115)
[2018.08.30-01.48.03:072][787]LogModuleManager: Shutting down and abandoning module HTML5TargetPlatform (113)
[2018.08.30-01.48.03:072][787]LogModuleManager: Shutting down and abandoning module AndroidTargetPlatform (111)
[2018.08.30-01.48.03:089][787]LogModuleManager: Shutting down and abandoning module WindowsTargetPlatform (109)
[2018.08.30-01.48.03:089][787]LogModuleManager: Shutting down and abandoning module WindowsServerTargetPlatform (107)
[2018.08.30-01.48.03:089][787]LogModuleManager: Shutting down and abandoning module WindowsNoEditorTargetPlatform (105)
[2018.08.30-01.48.03:089][787]LogModuleManager: Shutting down and abandoning module WindowsClientTargetPlatform (103)
[2018.08.30-01.48.03:089][787]LogModuleManager: Shutting down and abandoning module MacTargetPlatform (101)
[2018.08.30-01.48.03:089][787]LogModuleManager: Shutting down and abandoning module MacServerTargetPlatform (99)
[2018.08.30-01.48.03:089][787]LogModuleManager: Shutting down and abandoning module MacNoEditorTargetPlatform (97)
[2018.08.30-01.48.03:089][787]LogModuleManager: Shutting down and abandoning module MacClientTargetPlatform (95)
[2018.08.30-01.48.03:089][787]LogModuleManager: Shutting down and abandoning module AllDesktopTargetPlatform (93)
[2018.08.30-01.48.03:089][787]LogModuleManager: Shutting down and abandoning module InputCore (90)
[2018.08.30-01.48.03:090][787]LogModuleManager: Shutting down and abandoning module Settings (88)
[2018.08.30-01.48.03:090][787]LogModuleManager: Shutting down and abandoning module PhysXCooking (86)
[2018.08.30-01.48.03:090][787]LogModuleManager: Shutting down and abandoning module SteamVR (84)
[2018.08.30-01.48.03:090][787]LogModuleManager: Shutting down and abandoning module OculusHMD (82)
[2018.08.30-01.48.03:090][787]LogModuleManager: Shutting down and abandoning module ExampleDeviceProfileSelector (80)
[2018.08.30-01.48.03:090][787]LogModuleManager: Shutting down and abandoning module LauncherChunkInstaller (78)
[2018.08.30-01.48.03:090][787]LogModuleManager: Shutting down and abandoning module OnlineBlueprintSupport (76)
[2018.08.30-01.48.03:090][787]LogModuleManager: Shutting down and abandoning module OnlineSubsystem (72)
[2018.08.30-01.48.03:092][787]LogModuleManager: Shutting down and abandoning module XMPP (65)
[2018.08.30-01.48.03:092][787]LogModuleManager: Shutting down and abandoning module WebSockets (64)
[2018.08.30-01.48.03:112][787]LogModuleManager: Shutting down and abandoning module HTTP (61)
[2018.08.30-01.48.03:112][787]LogHttp: Display: Http module shutting down, but needs to wait on 1 outstanding Http requests:
[2018.08.30-01.48.03:112][787]LogHttp: Display: 	verb=[POST] url=[https://datarouter.ol.epicgames.com/datarouter/api/v1/public/data?SessionID=%7BE0656FB2-42AB-FA2A-4C69-B988762A621D%7D&AppID=UEEditor.Rocket.Release&AppVersion=4.20.1-4233996%2B%2B%2BUE4%2BRelease-4.20&UserID=982d83224dea9eda8e9739a8090c26ed%7C08792cf5e0cd451eb35aca10518a0cb2%7C1d36900e-61a0-4595-abb7-b51c197616b2&AppEnvironment=datacollector-binary&UploadType=eteventstream] status=Processing
[2018.08.30-01.48.03:132][787]LogModuleManager: Shutting down and abandoning module SSL (60)
[2018.08.30-01.48.03:136][787]LogModuleManager: Shutting down and abandoning module MagicLeapEmulator (56)
[2018.08.30-01.48.03:136][787]LogModuleManager: Shutting down and abandoning module MagicLeapPrivileges (54)
[2018.08.30-01.48.03:137][787]LogModuleManager: Shutting down and abandoning module MagicLeapIdentity (52)
[2018.08.30-01.48.03:137][787]LogModuleManager: Shutting down and abandoning module MagicLeapHelperVulkan (50)
[2018.08.30-01.48.03:137][787]LogModuleManager: Shutting down and abandoning module MagicLeapHelperOpenGL (48)
[2018.08.30-01.48.03:137][787]LogModuleManager: Shutting down and abandoning module MagicLeapSecureStorage (46)
[2018.08.30-01.48.03:137][787]LogModuleManager: Shutting down and abandoning module MagicLeapGestures (44)
[2018.08.30-01.48.03:137][787]LogModuleManager: Shutting down and abandoning module MagicLeapEyeTracker (42)
[2018.08.30-01.48.03:137][787]LogModuleManager: Shutting down and abandoning module MagicLeapController (40)
[2018.08.30-01.48.03:137][787]LogSlate: Slate User Destroyed.  User Index 0, Is Virtual User: 0
[2018.08.30-01.48.03:137][787]LogModuleManager: Shutting down and abandoning module MagicLeap (38)
[2018.08.30-01.48.03:137][787]LogModuleManager: Shutting down and abandoning module AnimationModifiers (36)
[2018.08.30-01.48.03:138][787]LogModuleManager: Shutting down and abandoning module PropertyEditor (35)
[2018.08.30-01.48.03:138][787]LogModuleManager: Shutting down and abandoning module AudioEditor (32)
[2018.08.30-01.48.03:138][787]LogModuleManager: Shutting down and abandoning module TextureCompressor (30)
[2018.08.30-01.48.03:138][787]LogModuleManager: Shutting down and abandoning module ShaderCore (28)
[2018.08.30-01.48.03:138][787]LogModuleManager: Shutting down and abandoning module Landscape (26)
[2018.08.30-01.48.03:138][787]LogModuleManager: Shutting down and abandoning module SlateRHIRenderer (24)
[2018.08.30-01.48.03:140][787]LogModuleManager: Shutting down and abandoning module OpenGLDrv (22)
[2018.08.30-01.48.03:140][787]LogModuleManager: Shutting down and abandoning module D3D11RHI (20)
[2018.08.30-01.48.03:140][787]LogModuleManager: Shutting down and abandoning module AnimGraphRuntime (18)
[2018.08.30-01.48.03:140][787]LogModuleManager: Shutting down and abandoning module Renderer (16)
[2018.08.30-01.48.03:140][787]LogModuleManager: Shutting down and abandoning module Engine (14)
[2018.08.30-01.48.03:140][787]LogModuleManager: Shutting down and abandoning module CoreUObject (12)
[2018.08.30-01.48.03:140][787]LogModuleManager: Shutting down and abandoning module NetworkFile (10)
[2018.08.30-01.48.03:140][787]LogModuleManager: Shutting down and abandoning module CookedIterativeFile (8)
[2018.08.30-01.48.03:140][787]LogModuleManager: Shutting down and abandoning module StreamingFile (6)
[2018.08.30-01.48.03:140][787]LogModuleManager: Shutting down and abandoning module SandboxFile (4)
[2018.08.30-01.48.03:140][787]LogModuleManager: Shutting down and abandoning module PakFile (2)
[2018.08.30-01.48.03:159][787]LogExit: Exiting.
[2018.08.30-01.48.03:173][787]Log file closed, 08/30/18 13:48:03
