Log file open, 08/25/18 09:22:01
LogWindows: Failed to load 'aqProf.dll' (GetLastError=126)
LogWindows: File 'aqProf.dll' does not exist
LogWindows: Failed to load 'VSPerf140.dll' (GetLastError=126)
LogWindows: File 'VSPerf140.dll' does not exist
LogWindows: Failed to load 'VtuneApi.dll' (GetLastError=126)
LogWindows: File 'VtuneApi.dll' does not exist
LogWindows: Failed to load 'VtuneApi32e.dll' (GetLastError=126)
LogWindows: File 'VtuneApi32e.dll' does not exist
LogInit: Display: Running engine for game: FPSMultiPlayerBP
LogPlatformFile: Not using cached read wrapper
LogTaskGraph: Started task graph with 5 named threads and 35 total threads with 3 sets of task threads.
LogStats: Stats thread started at 0.403284
LogD3D11RHI: Loaded GFSDK_Aftermath_Lib.x64.dll
LogICUInternationalization: Display: ICU TimeZone Detection - Raw Offset: +12:00, Platform Override: ''
LogPluginManager: Mounting plugin Paper2D
LogPluginManager: Mounting plugin AISupport
LogPluginManager: Mounting plugin LightPropagationVolume
LogPluginManager: Mounting plugin CLionSourceCodeAccess
LogPluginManager: Mounting plugin CodeLiteSourceCodeAccess
LogPluginManager: Mounting plugin GitSourceControl
LogPluginManager: Mounting plugin KDevelopSourceCodeAccess
LogPluginManager: Mounting plugin NullSourceCodeAccess
LogPluginManager: Mounting plugin PerforceSourceControl
LogPluginManager: Mounting plugin SubversionSourceControl
LogPluginManager: Mounting plugin UObjectPlugin
LogPluginManager: Mounting plugin VisualStudioCodeSourceCodeAccess
LogPluginManager: Mounting plugin VisualStudioSourceCodeAccess
LogPluginManager: Mounting plugin XCodeSourceCodeAccess
LogPluginManager: Mounting plugin AssetManagerEditor
LogPluginManager: Mounting plugin CryptoKeys
LogPluginManager: Mounting plugin DataValidation
LogPluginManager: Mounting plugin FacialAnimation
LogPluginManager: Mounting plugin GameplayTagsEditor
LogPluginManager: Mounting plugin MacGraphicsSwitching
LogPluginManager: Mounting plugin MeshEditor
LogPluginManager: Mounting plugin MobileLauncherProfileWizard
LogPluginManager: Mounting plugin PluginBrowser
LogPluginManager: Mounting plugin SpeedTreeImporter
LogPluginManager: Mounting plugin DatasmithContent
LogPluginManager: Mounting plugin AlembicImporter
LogPluginManager: Mounting plugin AppleImageUtils
LogPluginManager: Mounting plugin AppleVision
LogPluginManager: Mounting plugin BackChannel
LogPluginManager: Mounting plugin CharacterAI
LogPluginManager: Mounting plugin GeometryCache
LogPluginManager: Mounting plugin HTML5Networking
LogPluginManager: Mounting plugin ProxyLODPlugin
LogPluginManager: Mounting plugin MagicLeap
LogPluginManager: Mounting plugin MagicLeapEmulator
LogPluginManager: Mounting plugin MagicLeapMedia
LogPluginManager: Mounting plugin AndroidMedia
LogPluginManager: Mounting plugin AvfMedia
LogPluginManager: Mounting plugin ImgMedia
LogPluginManager: Mounting plugin LinearTimecode
LogPluginManager: Mounting plugin MediaCompositing
LogPluginManager: Mounting plugin MediaPlayerEditor
LogPluginManager: Mounting plugin WmfMedia
LogPluginManager: Mounting plugin TcpMessaging
LogPluginManager: Mounting plugin UdpMessaging
LogPluginManager: Mounting plugin ActorSequence
LogPluginManager: Mounting plugin LevelSequenceEditor
LogPluginManager: Mounting plugin MatineeToLevelSequence
LogPluginManager: Mounting plugin NetcodeUnitTest
LogPluginManager: Mounting plugin NUTUnrealEngine4
LogPluginManager: Mounting plugin OnlineSubsystemGooglePlay
LogPluginManager: Mounting plugin OnlineSubsystemIOS
LogPluginManager: Mounting plugin OnlineSubsystem
LogPluginManager: Mounting plugin OnlineSubsystemNull
LogPluginManager: Mounting plugin OnlineSubsystemSteam
LogPluginManager: Mounting plugin OnlineSubsystemUtils
LogPluginManager: Mounting plugin LauncherChunkInstaller
LogPluginManager: Mounting plugin AndroidDeviceProfileSelector
LogPluginManager: Mounting plugin AndroidMoviePlayer
LogPluginManager: Mounting plugin AndroidPermission
LogPluginManager: Mounting plugin AppleMoviePlayer
LogPluginManager: Mounting plugin ArchVisCharacter
LogPluginManager: Mounting plugin AudioCapture
LogPluginManager: Mounting plugin CableComponent
LogPluginManager: Mounting plugin CustomMeshComponent
LogPluginManager: Mounting plugin EditableMesh
LogPluginManager: Mounting plugin ExampleDeviceProfileSelector
LogPluginManager: Mounting plugin GoogleCloudMessaging
LogPluginManager: Mounting plugin ImmediatePhysics
LogPluginManager: Mounting plugin IOSDeviceProfileSelector
LogPluginManager: Mounting plugin LinuxDeviceProfileSelector
LogPluginManager: Mounting plugin LocationServicesBPLibrary
LogPluginManager: Mounting plugin MobilePatchingUtils
LogPluginManager: Mounting plugin OculusVR
LogPluginManager: Plugin shader directory ../../../Engine/Plugins/Runtime/Oculus/OculusVR/Shaders found
LogPluginManager: Mapping shader source directory ../../../Engine/Plugins/Runtime/Oculus/OculusVR/Shaders to virtual directory /Plugin/OculusVR
LogPluginManager: Mounting plugin PhysXVehicles
LogPluginManager: Mounting plugin ProceduralMeshComponent
LogPluginManager: Mounting plugin RuntimePhysXCooking
LogPluginManager: Mounting plugin SteamVR
LogPluginManager: Mounting plugin WindowsMoviePlayer
LogStreaming: Display: Took  0.037s to configure plugins.
LogInit: Using libcurl 7.55.1-DEV
LogInit:  - built for x86_64-pc-win32
LogInit:  - supports SSL with OpenSSL/1.0.2h
LogInit:  - supports HTTP deflate (compression) using libz 1.2.8
LogInit:  - other features:
LogInit:      CURL_VERSION_SSL
LogInit:      CURL_VERSION_LIBZ
LogInit:      CURL_VERSION_IPV6
LogInit:      CURL_VERSION_ASYNCHDNS
LogInit:      CURL_VERSION_LARGEFILE
LogInit:      CURL_VERSION_IDN
LogInit:  CurlRequestOptions (configurable via config and command line):
LogInit:  - bVerifyPeer = false  - Libcurl will NOT verify peer certificate
LogInit:  - bUseHttpProxy = false  - Libcurl will NOT use HTTP proxy
LogInit:  - bDontReuseConnections = false  - Libcurl will reuse connections
LogInit:  - CertBundlePath = nullptr  - Libcurl will use whatever was configured at build time.
LogInit:  - MaxHostConnections = 16  - Libcurl will limit the number of connections to a host
LogInit:  - LocalHostAddr = Default
LogInit:  - BufferSize = 65536
LogOnline: Display: STEAM: Loading Steam SDK 1.39
LogInit: WinSock: version 1.1 (2.2), MaxSocks=32767, MaxUdp=65467
LogInit: Build: ++UE4+Release-4.20-CL-4233996
LogInit: Engine Version: 4.20.1-4233996+++UE4+Release-4.20
LogInit: Compatible Engine Version: 4.20.0-4212847+++UE4+Release-4.20
LogInit: Net CL: 4212847
LogInit: OS: Windows 10 (), CPU: Intel(R) Core(TM) i7-8700 CPU @ 3.20GHz, GPU: Radeon RX 580 Series
LogInit: Compiled (64-bit): Jul 26 2018 10:07:30
LogInit: Compiled with Visual C++: 19.13.26129.00
LogInit: Build Configuration: Development
LogInit: Branch Name: ++UE4+Release-4.20
LogInit: Command Line:  /Game/Maps/MainMenu -game -PIEVIACONSOLE -ResX=1280 -ResY=720  -Multiprocess -messaging -SessionName="Play in Standalone Game" -windowed 
LogInit: Base Directory: C:/Program Files/Epic Games/UE_4.20/Engine/Binaries/Win64/
LogInit: Installed Engine Build: 1
LogDevObjectVersion: Number of dev versions registered: 20
LogDevObjectVersion:   Dev-Blueprints (B0D832E4-1F89-4F0D-ACCF-7EB736FD4AA2): 10
LogDevObjectVersion:   Dev-Build (E1C64328-A22C-4D53-A36C-8E866417BD8C): 0
LogDevObjectVersion:   Dev-Core (375EC13C-06E4-48FB-B500-84F0262A717E): 2
LogDevObjectVersion:   Dev-Editor (E4B068ED-F494-42E9-A231-DA0B2E46BB41): 24
LogDevObjectVersion:   Dev-Framework (CFFC743F-43B0-4480-9391-14DF171D2073): 34
LogDevObjectVersion:   Dev-Mobile (B02B49B5-BB20-44E9-A304-32B752E40360): 2
LogDevObjectVersion:   Dev-Networking (A4E4105C-59A1-49B5-A7C5-40C4547EDFEE): 0
LogDevObjectVersion:   Dev-Online (39C831C9-5AE6-47DC-9A44-9C173E1C8E7C): 0
LogDevObjectVersion:   Dev-Physics (78F01B33-EBEA-4F98-B9B4-84EACCB95AA2): 0
LogDevObjectVersion:   Dev-Platform (6631380F-2D4D-43E0-8009-CF276956A95A): 0
LogDevObjectVersion:   Dev-Rendering (12F88B9F-8875-4AFC-A67C-D90C383ABD29): 26
LogDevObjectVersion:   Dev-Sequencer (7B5AE74C-D270-4C10-A958-57980B212A5A): 9
LogDevObjectVersion:   Dev-VR (D7296918-1DD6-4BDD-9DE2-64A83CC13884): 2
LogDevObjectVersion:   Dev-LoadTimes (C2A15278-BFE7-4AFE-6C17-90FF531DF755): 1
LogDevObjectVersion:   Private-Geometry (6EACA3D4-40EC-4CC1-B786-8BED09428FC5): 3
LogDevObjectVersion:   Dev-AnimPhys (29E575DD-E0A3-4627-9D10-D276232CDCEA): 17
LogDevObjectVersion:   Dev-ReflectionCapture (6B266CEC-1EC7-4B8F-A30B-E4D90942FC07): 1
LogDevObjectVersion:   Dev-Automation (0DF73D61-A23F-47EA-B727-89E90C41499A): 1
LogDevObjectVersion:   FortniteMain (601D1886-AC64-4F84-AA16-D3DE0DEAC7D6): 12
LogDevObjectVersion:   Dev-Enterprise (9DFFBCD6-494F-0158-E221-12823C92A888): 1
LogStreaming: Display: Took  0.001s to delete old logs.
LogInit: Presizing for max 8388607 objects, including 0 objects not considered by GC, pre-allocating 0 bytes for permanent pool.
LogInit: Object subsystem initialized
[2018.08.24-21.22.02:365][  0]LogInit: Selected Device Profile: [Windows]
[2018.08.24-21.22.02:365][  0]LogInit: Applying CVar settings loaded from the selected device profile: [Windows]
[2018.08.24-21.22.02:368][  0]LogHAL: Display: Platform has ~ 16 GB [17098670080 / 17179869184 / 16], which maps to Larger [LargestMinGB=32, LargerMinGB=12, DefaultMinGB=8, SmallerMinGB=6, SmallestMinGB=0)
[2018.08.24-21.22.02:368][  0]LogInit: Setting Device Profile CVar: [[r.Vulkan.UseRealUBs:1]]
[2018.08.24-21.22.02:368][  0]LogInit: Going up to parent DeviceProfile []
[2018.08.24-21.22.02:368][  0]LogInit: Computer: RANJU
[2018.08.24-21.22.02:368][  0]LogInit: User: OEM
[2018.08.24-21.22.02:368][  0]LogInit: CPU Page size=4096, Cores=6
[2018.08.24-21.22.02:368][  0]LogInit: High frequency timer resolution =3.117184 MHz
[2018.08.24-21.22.02:368][  0]LogMemory: Memory total: Physical=15.9GB (16GB approx)
[2018.08.24-21.22.02:369][  0]LogMemory: Platform Memory Stats for Windows
[2018.08.24-21.22.02:369][  0]LogMemory: Process Physical Memory: 129.48 MB used, 129.48 MB peak
[2018.08.24-21.22.02:369][  0]LogMemory: Process Virtual Memory: 103.37 MB used, 103.37 MB peak
[2018.08.24-21.22.02:369][  0]LogMemory: Physical Memory: 6131.54 MB used,  10175.02 MB free, 16306.56 MB total
[2018.08.24-21.22.02:369][  0]LogMemory: Virtual Memory: 4762.84 MB used,  10175.02 MB free, 134217728.00 MB total
[2018.08.24-21.22.02:396][  0]LogInit: Using OS detected language (en-US).
[2018.08.24-21.22.02:396][  0]LogInit: Using OS detected locale (en-NZ).
[2018.08.24-21.22.02:397][  0]LogTextLocalizationManager: No specific localization for 'en-US' exists, so the 'en' localization will be used.
[2018.08.24-21.22.02:668][  0]LogStreaming: Display: Took  0.271s to InitEngineTextLocalization.
[2018.08.24-21.22.02:759][  0]LogSlate: New Slate User Created.  User Index 0, Is Virtual User: 0
[2018.08.24-21.22.02:759][  0]LogSlate: Slate User Registered.  User Index 0, Is Virtual User: 0
[2018.08.24-21.22.02:829][  0]LogHMD: Failed to initialize OpenVR with code 110
[2018.08.24-21.22.02:829][  0]LogD3D11RHI: D3D11 adapters:
[2018.08.24-21.22.02:871][  0]LogD3D11RHI:    0. 'Radeon RX 580 Series' (Feature Level 11_0)
[2018.08.24-21.22.02:871][  0]LogD3D11RHI:       8137/0/8153 MB DedicatedVideo/DedicatedSystem/SharedSystem, Outputs:3, VendorId:0x1002
[2018.08.24-21.22.02:875][  0]LogD3D11RHI:    1. 'Microsoft Basic Render Driver' (Feature Level 11_0)
[2018.08.24-21.22.02:875][  0]LogD3D11RHI:       0/0/8153 MB DedicatedVideo/DedicatedSystem/SharedSystem, Outputs:0, VendorId:0x1414
[2018.08.24-21.22.02:875][  0]LogD3D11RHI: Chosen D3D11 Adapter: 0
[2018.08.24-21.22.02:882][  0]LogD3D11RHI: Creating new Direct3DDevice
[2018.08.24-21.22.02:882][  0]LogD3D11RHI:     GPU DeviceId: 0x67df (for the marketing name, search the web for "GPU Device Id")
[2018.08.24-21.22.02:882][  0]LogWindows: EnumDisplayDevices:
[2018.08.24-21.22.02:882][  0]LogWindows:    0. 'Radeon RX 580 Series' (P:1 D:1)
[2018.08.24-21.22.02:883][  0]LogWindows:    1. 'Radeon RX 580 Series' (P:0 D:1)
[2018.08.24-21.22.02:883][  0]LogWindows:    2. 'Radeon RX 580 Series' (P:0 D:1)
[2018.08.24-21.22.02:883][  0]LogWindows:    3. 'Radeon RX 580 Series' (P:0 D:0)
[2018.08.24-21.22.02:884][  0]LogWindows:    4. 'Radeon RX 580 Series' (P:0 D:0)
[2018.08.24-21.22.02:884][  0]LogWindows:    5. 'Radeon RX 580 Series' (P:0 D:0)
[2018.08.24-21.22.02:884][  0]LogWindows:    6. 'Radeon RX 580 Series' (P:0 D:0)
[2018.08.24-21.22.02:885][  0]LogWindows:    7. 'Radeon RX 580 Series' (P:0 D:0)
[2018.08.24-21.22.02:885][  0]LogWindows:    8. 'Radeon RX 580 Series' (P:0 D:0)
[2018.08.24-21.22.02:885][  0]LogWindows:    9. 'Radeon RX 580 Series' (P:0 D:0)
[2018.08.24-21.22.02:886][  0]LogWindows:    10. 'Radeon RX 580 Series' (P:0 D:0)
[2018.08.24-21.22.02:886][  0]LogWindows:    11. 'Radeon RX 580 Series' (P:0 D:0)
[2018.08.24-21.22.02:886][  0]LogWindows:    12. 'Radeon RX 580 Series' (P:0 D:0)
[2018.08.24-21.22.02:887][  0]LogWindows:    13. 'Radeon RX 580 Series' (P:0 D:0)
[2018.08.24-21.22.02:887][  0]LogWindows:    14. 'Radeon RX 580 Series' (P:0 D:0)
[2018.08.24-21.22.02:887][  0]LogWindows:    15. 'Radeon RX 580 Series' (P:0 D:0)
[2018.08.24-21.22.02:888][  0]LogWindows: DebugString: FoundDriverCount:16 
[2018.08.24-21.22.02:888][  0]LogD3D11RHI:     Adapter Name: Radeon RX 580 Series
[2018.08.24-21.22.02:888][  0]LogD3D11RHI:   Driver Version: Adrenalin 18.5.2 (internal:24.20.11019.1004, unified:24.20.11019.1004)
[2018.08.24-21.22.02:888][  0]LogD3D11RHI:      Driver Date: 5-29-2018
[2018.08.24-21.22.02:888][  0]LogRHI: Texture pool is 5695 MB (70% of 8137 MB)
[2018.08.24-21.22.03:988][  0]LogD3D11RHI: Async texture creation enabled
[2018.08.24-21.22.03:998][  0]LogD3D11RHI: GPU Timing Frequency: 25.000000 (Debug: 2 1)
[2018.08.24-21.22.04:000][  0]LogShaderCompilers: Guid format shader working directory is 9 characters bigger than the processId version (D:/Unreal Projects/FPSMultiPlayerBP/Intermediate/Shaders/WorkingDirectory/7960/).
[2018.08.24-21.22.04:000][  0]LogShaderCompilers: Cleaned the shader compiler working directory 'C:/Users/OEM/AppData/Local/Temp/UnrealShaderWorkingDir/1D5371214AEF31D5421CD9AFC02F1208/'.
[2018.08.24-21.22.04:289][  0]LogTemp: Display: Loaded TP WindowsClientTargetPlatform
[2018.08.24-21.22.04:300][  0]LogTemp: Display: Loaded TP WindowsNoEditorTargetPlatform
[2018.08.24-21.22.04:311][  0]LogTemp: Display: Loaded TP WindowsServerTargetPlatform
[2018.08.24-21.22.04:317][  0]LogTemp: Display: Loaded TP WindowsTargetPlatform
[2018.08.24-21.22.04:317][  0]LogTargetPlatformManager: Display: Building Assets For Windows
[2018.08.24-21.22.04:381][  0]LogXGEController: Cannot use XGE Controller as Incredibuild is not installed on this machine.
[2018.08.24-21.22.04:382][  0]LogShaderCompilers: Cannot use XGE Shader Compiler as Incredibuild is not installed on this machine.
[2018.08.24-21.22.04:382][  0]LogShaderCompilers: Display: Using Local Shader Compiler.
[2018.08.24-21.22.04:943][  0]LogDerivedDataCache: Display: Max Cache Size: 512 MB
[2018.08.24-21.22.04:984][  0]LogDerivedDataCache: Loaded boot cache 0.04s 71MB C:/Users/OEM/AppData/Local/UnrealEngine/4.20/DerivedDataCache/Boot.ddc.
[2018.08.24-21.22.04:985][  0]LogDerivedDataCache: Display: Loaded Boot cache: C:/Users/OEM/AppData/Local/UnrealEngine/4.20/DerivedDataCache/Boot.ddc
[2018.08.24-21.22.04:985][  0]LogDerivedDataCache: FDerivedDataBackendGraph:  Pak pak cache file D:/Unreal Projects/FPSMultiPlayerBP/DerivedDataCache/DDC.ddp not found, will not use a pak cache.
[2018.08.24-21.22.04:985][  0]LogDerivedDataCache: Unable to find inner node Pak for hierarchical cache Hierarchy.
[2018.08.24-21.22.04:985][  0]LogDerivedDataCache: FDerivedDataBackendGraph:  CompressedPak pak cache file D:/Unreal Projects/FPSMultiPlayerBP/DerivedDataCache/Compressed.ddp not found, will not use a pak cache.
[2018.08.24-21.22.04:985][  0]LogDerivedDataCache: Unable to find inner node CompressedPak for hierarchical cache Hierarchy.
[2018.08.24-21.22.04:995][  0]LogDerivedDataCache: Display: Pak cache opened for reading ../../../Engine/DerivedDataCache/Compressed.ddp.
[2018.08.24-21.22.05:006][  0]LogDerivedDataCache: Using Local data cache path C:/Users/OEM/AppData/Local/UnrealEngine/Common/DerivedDataCache: Writable
[2018.08.24-21.22.05:006][  0]LogDerivedDataCache: Shared data cache path not found in *engine.ini, will not use an Shared cache.
[2018.08.24-21.22.05:006][  0]LogDerivedDataCache: Unable to find inner node Shared for hierarchical cache Hierarchy.
[2018.08.24-21.22.05:020][  0]LogMaterial: Verifying Global Shaders for PCD3D_SM5
[2018.08.24-21.22.05:021][  0]LogSlate: Using FreeType 2.6.0
[2018.08.24-21.22.05:021][  0]LogSlate: SlateFontServices - WITH_FREETYPE: 1, WITH_HARFBUZZ: 1
[2018.08.24-21.22.05:059][  0]LogInit: Using OS detected language (en-US).
[2018.08.24-21.22.05:059][  0]LogInit: Using OS detected locale (en-NZ).
[2018.08.24-21.22.05:059][  0]LogTextLocalizationManager: No localization for 'en-US' exists, so 'en' will be used for the language.
[2018.08.24-21.22.05:059][  0]LogTextLocalizationManager: No localization for 'en-NZ' exists, so 'en' will be used for the locale.
[2018.08.24-21.22.05:275][  0]LogStreaming: Display: Took  0.216s to InitGameTextLocalization.
[2018.08.24-21.22.05:281][  0]LogAssetRegistry: FAssetRegistry took 0.0032 seconds to start up
[2018.08.24-21.22.05:424][  0]LogPackageLocalizationCache: Processed 11 localized package path(s) for 1 prioritized culture(s) in 0.008017 seconds
[2018.08.24-21.22.05:501][  0]LogInit: Selected Device Profile: [Windows]
[2018.08.24-21.22.05:604][  0]LogSimplygon: Simplygon DLL not present - disabling.
[2018.08.24-21.22.05:609][  0]LogMeshReduction: Using SimplygonSwarm for distributed automatic mesh merging
[2018.08.24-21.22.05:609][  0]LogMeshReduction: Using ProxyLODMeshReduction for automatic mesh merging
[2018.08.24-21.22.05:609][  0]LogMeshReduction: Using QuadricMeshReduction for automatic static mesh reduction
[2018.08.24-21.22.05:609][  0]LogMeshReduction: No automatic skeletal mesh reduction module available
[2018.08.24-21.22.05:689][  0]LogNetVersion: FPSMultiPlayerBP 1.0.0, NetCL: 4212847, EngineNetVer: 5, GameNetVer: 0 (Checksum: 3398490363)
[2018.08.24-21.22.06:116][  0]LogMoviePlayer: Initializing movie player
[2018.08.24-21.22.06:356][  0]LogTcpMessaging: Initializing TcpMessaging bridge
[2018.08.24-21.22.06:370][  0]LogUdpMessaging: Initializing bridge on interface 0.0.0.0:0 to multicast group 230.0.0.1:6666.
[2018.08.24-21.22.06:457][  0]SourceControl: Source control is disabled
[2018.08.24-21.22.06:457][  0]SourceControl: Source control is disabled
[2018.08.24-21.22.06:459][  0]SourceControl: Source control is disabled
[2018.08.24-21.22.06:598][  0]LogAndroidPermission: UAndroidPermissionCallbackProxy::GetInstance
[2018.08.24-21.22.06:701][  0]LogOcInput: OculusInput pre-init called
[2018.08.24-21.22.06:709][  0]LogUObjectArray: 42177 objects as part of root set at end of initial load.
[2018.08.24-21.22.06:709][  0]LogUObjectAllocator: 7442624 out of 0 bytes used by permanent object pool.
[2018.08.24-21.22.06:709][  0]LogUObjectArray: CloseDisregardForGC: 0/0 objects in disregard for GC pool
[2018.08.24-21.22.06:756][  0]LogEngine: Initializing Engine...
[2018.08.24-21.22.06:757][  0]LogHMD: Failed to initialize OpenVR with code 110
[2018.08.24-21.22.06:768][  0]LogStats: UGameplayTagsManager::ConstructGameplayTagTree: ImportINI prefixes -  0.000 s
[2018.08.24-21.22.06:768][  0]LogStats: UGameplayTagsManager::ConstructGameplayTagTree: Construct from data asset -  0.000 s
[2018.08.24-21.22.06:768][  0]LogStats: UGameplayTagsManager::ConstructGameplayTagTree: ImportINI -  0.000 s
[2018.08.24-21.22.06:768][  0]LogStats: UGameplayTagsManager::ConstructGameplayTagTree: GameplayTagTreeChangedEvent.Broadcast -  0.000 s
[2018.08.24-21.22.06:894][  0]LogInit: Initializing FReadOnlyCVARCache
[2018.08.24-21.22.06:926][  0]LogInit: XAudio2 using 'Speakers (Realtek High Definition Audio)' : 2 channels at 48 kHz using 32 bits per sample (channel mask 0x3)
[2018.08.24-21.22.06:945][  0]LogInit: FAudioDevice initialized.
[2018.08.24-21.22.06:957][  0]LogNetVersion: Set ProjectVersion to 1.0.0.0. Version Checksum will be recalculated on next use.
[2018.08.24-21.22.06:960][  0]LogInit: Texture streaming: Enabled
[2018.08.24-21.22.07:171][  0]LogSlate: Updating window title bar state: overlay mode, drag disabled, window buttons hidden, title bar hidden
[2018.08.24-21.22.07:171][  0]LogInit: Display: Game Engine Initialized.
[2018.08.24-21.22.07:171][  0]LogGameplayTags: Display: UGameplayTagsManager::DoneAddingNativeTags. DelegateIsBound: 0
[2018.08.24-21.22.07:171][  0]LogStats: UGameplayTagsManager::ConstructGameplayTagTree: ImportINI prefixes -  0.000 s
[2018.08.24-21.22.07:171][  0]LogStats: UGameplayTagsManager::ConstructGameplayTagTree: Construct from data asset -  0.000 s
[2018.08.24-21.22.07:171][  0]LogStats: UGameplayTagsManager::ConstructGameplayTagTree: ImportINI -  0.000 s
[2018.08.24-21.22.07:171][  0]LogStats: UGameplayTagsManager::ConstructGameplayTagTree: GameplayTagTreeChangedEvent.Broadcast -  0.000 s
[2018.08.24-21.22.07:187][  0]LogInit: Display: Starting Game.
[2018.08.24-21.22.07:187][  0]LogNet: Browse: /Game/Maps/MainMenu?Name=Player
[2018.08.24-21.22.07:188][  0]LogLoad: LoadMap: /Game/Maps/MainMenu?Name=Player
[2018.08.24-21.22.07:226][  0]LogAIModule: Creating AISystem for world MainMenu
[2018.08.24-21.22.07:330][  0]LogLoad: Game class is 'ThirdPersonGameMode_C'
[2018.08.24-21.22.07:331][  0]LogWorld: Bringing World /Game/Maps/MainMenu.MainMenu up for play (max tick rate 0) at 2018.08.25-09.22.07
[2018.08.24-21.22.07:331][  0]LogWorld: Bringing up level for play took: 0.000409
[2018.08.24-21.22.07:332][  0]LogGameMode: FindPlayerStart: PATHS NOT DEFINED or NO PLAYERSTART with positive rating
[2018.08.24-21.22.07:335][  0]LogLoad: Took 0.147438 seconds to LoadMap(/Game/Maps/MainMenu)
[2018.08.24-21.22.07:698][  0]LogRenderer: Reallocating scene render targets to support 1280x720 Format 10 NumSamples 1 (Frame:1).
[2018.08.24-21.22.07:698][  0]LogLoad: (Engine Initialization) Total time: 7.28 seconds
[2018.08.24-21.22.07:698][  0]LogLoad: (Engine Initialization) Total Blueprint compile time: 0.00 seconds
[2018.08.24-21.22.07:716][  0]LogWindowsTextInputMethodSystem: Display: IME system now deactivated.
[2018.08.24-21.22.07:720][  0]LogContentStreaming: Texture pool size now 3000 MB
[2018.08.24-21.22.13:770][374]LogSlate: FSceneViewport::OnFocusLost() reason 0
[2018.08.24-21.22.13:838][378]LogSlate: Took 0.000211 seconds to synchronously load lazily loaded font '../../../Engine/Content/Slate/Fonts/Roboto-Regular.ttf' (155K)
[2018.08.24-21.22.21:963][882]LogScript: Warning: Script Msg: Attempted to access index 10 from array 'AllAvatars' of length 10 in '/Game/UI/MainMenu/OptionsMenu.OptionsMenu_C'!
[2018.08.24-21.22.22:335][905]LogScript: Warning: Script Msg: Attempted to access index 11 from array 'AllAvatars' of length 10 in '/Game/UI/MainMenu/OptionsMenu.OptionsMenu_C'!
[2018.08.24-21.22.22:738][930]LogScript: Warning: Script Msg: Attempted to access index 11 from array 'AllAvatars' of length 10 in '/Game/UI/MainMenu/OptionsMenu.OptionsMenu_C'!
[2018.08.24-21.22.22:980][945]LogScript: Warning: Script Msg: Attempted to access index 11 from array 'AllAvatars' of length 10 in '/Game/UI/MainMenu/OptionsMenu.OptionsMenu_C'!
[2018.08.24-21.22.34:759][676]LogOnlineSession: Verbose: OSS: dumping NamedSession: 
[2018.08.24-21.22.34:759][676]LogOnlineSession: Verbose: OSS: 	SessionName: GameSession
[2018.08.24-21.22.34:759][676]LogOnlineSession: Verbose: OSS: 	HostingPlayerNum: 0
[2018.08.24-21.22.34:759][676]LogOnlineSession: Verbose: OSS: 	SessionState: Pending
[2018.08.24-21.22.34:759][676]LogOnlineSession: Verbose: OSS: 	RegisteredPlayers: 
[2018.08.24-21.22.34:759][676]LogOnlineSession: Verbose: OSS: 	    0 registered players
[2018.08.24-21.22.34:759][676]LogOnlineSession: Verbose: OSS: dumping Session: 
[2018.08.24-21.22.34:759][676]LogOnlineSession: Verbose: OSS: 	OwningPlayerName: ranjurave
[2018.08.24-21.22.34:760][676]LogOnlineSession: Verbose: OSS: 	OwningPlayerId: ranjurave [0x110000134F8A348]
[2018.08.24-21.22.34:760][676]LogOnlineSession: Verbose: OSS: 	NumOpenPrivateConnections: 0
[2018.08.24-21.22.34:760][676]LogOnlineSession: Verbose: OSS: 	NumOpenPublicConnections: 2
[2018.08.24-21.22.34:760][676]LogOnlineSession: Verbose: OSS: 	SessionInfo: HostIP: INVALID SteamP2P: 76561198848975688:7777 Type: Lobby session SessionId: Lobby [0x18600000180FC36]
[2018.08.24-21.22.34:760][676]LogOnlineSession: Verbose: OSS: dumping SessionSettings: 
[2018.08.24-21.22.34:760][676]LogOnlineSession: Verbose: OSS: 	NumPublicConnections: 3
[2018.08.24-21.22.34:760][676]LogOnlineSession: Verbose: OSS: 	NumPrivateConnections: 0
[2018.08.24-21.22.34:760][676]LogOnlineSession: Verbose: OSS: 	bIsLanMatch: false
[2018.08.24-21.22.34:760][676]LogOnlineSession: Verbose: OSS: 	bIsDedicated: false
[2018.08.24-21.22.34:760][676]LogOnlineSession: Verbose: OSS: 	bUsesStats: false
[2018.08.24-21.22.34:760][676]LogOnlineSession: Verbose: OSS: 	bShouldAdvertise: true
[2018.08.24-21.22.34:760][676]LogOnlineSession: Verbose: OSS: 	bAllowJoinInProgress: true
[2018.08.24-21.22.34:760][676]LogOnlineSession: Verbose: OSS: 	bAllowInvites: false
[2018.08.24-21.22.34:760][676]LogOnlineSession: Verbose: OSS: 	bUsesPresence: true
[2018.08.24-21.22.34:760][676]LogOnlineSession: Verbose: OSS: 	bAllowJoinViaPresence: true
[2018.08.24-21.22.34:760][676]LogOnlineSession: Verbose: OSS: 	bAllowJoinViaPresenceFriendsOnly: false
[2018.08.24-21.22.34:760][676]LogOnlineSession: Verbose: OSS: 	BuildUniqueId: 0x0040486f
[2018.08.24-21.22.34:760][676]LogOnlineSession: Verbose: OSS: 	Settings:
[2018.08.24-21.22.34:859][676]LogPackageName: SearchForPackageOnDisk took   0.098s to resolve Lobby.umap.
[2018.08.24-21.22.34:955][676]LogPackageName: SearchForPackageOnDisk took   0.096s to resolve Lobby.umap.
[2018.08.24-21.22.34:955][676]LogNet: Browse: /Game/Maps/Lobby?listen
[2018.08.24-21.22.34:956][676]LogLoad: LoadMap: /Game/Maps/Lobby?listen
[2018.08.24-21.22.35:101][676]LogAIModule: Creating AISystem for world Lobby
[2018.08.24-21.22.35:101][676]LogLoad: Game class is 'LobbyGM_C'
[2018.08.24-21.22.35:103][676]LogTemp: Display: ParseSettings for GameNetDriver
[2018.08.24-21.22.35:104][676]LogTemp: Display: ParseSettings for SteamNetDriver_0
[2018.08.24-21.22.35:104][676]LogTemp: Display: ParseSettings for GameNetDriver
[2018.08.24-21.22.35:107][676]LogNet: ReplicationDriverClass is null! Not using ReplicationDriver.
[2018.08.24-21.22.35:107][676]LogNet: Display: SteamNetDriver_0 bound to port 7777
[2018.08.24-21.22.35:107][676]PacketHandlerLog: Loaded PacketHandler component: Engine.EngineHandlerComponentFactory (StatelessConnectHandlerComponent)
[2018.08.24-21.22.35:109][676]LogNet: GameNetDriver SteamNetDriver_0 IpNetDriver listening on port 7777
[2018.08.24-21.22.35:110][676]LogWorld: Bringing World /Game/Maps/Lobby.Lobby up for play (max tick rate 0) at 2018.08.25-09.22.35
[2018.08.24-21.22.35:111][676]LogWorld: Bringing up level for play took: 0.002030
[2018.08.24-21.22.35:117][676]LogGameMode: Display: Match State Changed from EnteringMap to WaitingToStart
[2018.08.24-21.22.35:117][676]LogGameState: Match State Changed from EnteringMap to WaitingToStart
[2018.08.24-21.22.35:117][676]LogGameMode: Display: Match State Changed from WaitingToStart to InProgress
[2018.08.24-21.22.35:120][676]LogGameState: Match State Changed from WaitingToStart to InProgress
[2018.08.24-21.22.35:125][676]LogLoad: Took 0.169098 seconds to LoadMap(/Game/Maps/Lobby)
[2018.08.24-21.22.37:091][782]LogSlate: Window 'FPSMultiPlayerBP (64-bit Development PCD3D_SM5) ' being destroyed
[2018.08.24-21.22.37:091][782]LogWindowsTextInputMethodSystem: Display: IME system now deactivated.
[2018.08.24-21.22.37:093][782]LogWindowsTextInputMethodSystem: Display: IME system now deactivated.
[2018.08.24-21.22.37:095][782]LogSlate: Updating window title bar state: overlay mode, drag disabled, window buttons hidden, title bar hidden
[2018.08.24-21.22.37:095][782]LogEngine: All Windows Closed
[2018.08.24-21.22.37:095][782]LogWindows: FPlatformMisc::RequestExit(0)
[2018.08.24-21.22.37:102][783]LogNet: World NetDriver shutdown SteamNetDriver_0 [GameNetDriver]
[2018.08.24-21.22.37:102][783]LogNet: DestroyNamedNetDriver SteamNetDriver_0 [GameNetDriver]
[2018.08.24-21.22.37:102][783]LogExit: GameNetDriver SteamNetDriver_0 shut down
[2018.08.24-21.22.37:776][783]LogExit: Preparing to exit.
[2018.08.24-21.22.37:777][783]LogMoviePlayer: Shutting down movie player
[2018.08.24-21.22.38:409][783]LogSlate: Updating window title bar state: overlay mode, drag disabled, window buttons hidden, title bar hidden
[2018.08.24-21.22.38:415][783]LogExit: Game engine shut down
[2018.08.24-21.22.38:539][783]LogExit: Object subsystem successfully closed.
[2018.08.24-21.22.38:560][783]LogShaderCompilers: Display: Shaders left to compile 0
[2018.08.24-21.22.38:562][783]LogD3D11RHI: Shutdown
[2018.08.24-21.22.38:562][783]LogD3D11RHI: CleanupD3DDevice
[2018.08.24-21.22.38:563][783]LogD3D11RHI: ~FD3D11DynamicRHI
[2018.08.24-21.22.38:581][783]LogModuleManager: Shutting down and abandoning module SequenceRecorderSections (376)
[2018.08.24-21.22.38:581][783]LogModuleManager: Shutting down and abandoning module SequenceRecorder (374)
[2018.08.24-21.22.38:581][783]LogModuleManager: Shutting down and abandoning module AutomationController (372)
[2018.08.24-21.22.38:581][783]LogModuleManager: Shutting down and abandoning module AutomationWorker (370)
[2018.08.24-21.22.38:581][783]LogModuleManager: Shutting down and abandoning module AIModule (368)
[2018.08.24-21.22.38:581][783]LogModuleManager: Shutting down and abandoning module GameplayDebugger (367)
[2018.08.24-21.22.38:581][783]LogModuleManager: Shutting down and abandoning module AITestSuite (365)
[2018.08.24-21.22.38:581][783]LogModuleManager: Shutting down and abandoning module NavigationSystem (363)
[2018.08.24-21.22.38:581][783]LogModuleManager: Shutting down and abandoning module WmfMediaFactory (360)
[2018.08.24-21.22.38:581][783]LogModuleManager: Shutting down and abandoning module OpenExrWrapper (358)
[2018.08.24-21.22.38:581][783]LogModuleManager: Shutting down and abandoning module ImgMediaFactory (356)
[2018.08.24-21.22.38:581][783]LogModuleManager: Shutting down and abandoning module AvfMediaFactory (354)
[2018.08.24-21.22.38:581][783]LogModuleManager: Shutting down and abandoning module MagicLeapCameraPreviewFactory (352)
[2018.08.24-21.22.38:581][783]LogModuleManager: Shutting down and abandoning module MagicLeapMediaFactory (350)
[2018.08.24-21.22.38:581][783]LogModuleManager: Shutting down and abandoning module CharacterAI (348)
[2018.08.24-21.22.38:581][783]LogModuleManager: Shutting down and abandoning module SessionServices (346)
[2018.08.24-21.22.38:581][783]LogModuleManager: Shutting down and abandoning module MovieSceneCapture (344)
[2018.08.24-21.22.38:581][783]LogModuleManager: Shutting down and abandoning module MovieSceneTracks (342)
[2018.08.24-21.22.38:581][783]LogModuleManager: Shutting down and abandoning module MovieScene (340)
[2018.08.24-21.22.38:581][783]LogModuleManager: Shutting down and abandoning module StreamingPauseRendering (338)
[2018.08.24-21.22.38:581][783]LogModuleManager: Shutting down and abandoning module PortalServices (336)
[2018.08.24-21.22.38:581][783]LogModuleManager: Shutting down and abandoning module PortalRpc (334)
[2018.08.24-21.22.38:581][783]LogModuleManager: Shutting down and abandoning module MessagingRpc (332)
[2018.08.24-21.22.38:581][783]LogModuleManager: Shutting down and abandoning module ProfilerService (330)
[2018.08.24-21.22.38:783][783]LogModuleManager: Shutting down and abandoning module TaskGraph (328)
[2018.08.24-21.22.38:784][783]LogModuleManager: Shutting down and abandoning module SteamVRController (326)
[2018.08.24-21.22.38:784][783]LogModuleManager: Shutting down and abandoning module ProceduralMeshComponent (324)
[2018.08.24-21.22.38:784][783]LogModuleManager: Shutting down and abandoning module OculusInput (322)
[2018.08.24-21.22.38:784][783]LogModuleManager: Shutting down and abandoning module MobilePatchingUtils (320)
[2018.08.24-21.22.38:784][783]LogModuleManager: Shutting down and abandoning module EditableMesh (318)
[2018.08.24-21.22.38:784][783]LogModuleManager: Shutting down and abandoning module CustomMeshComponent (316)
[2018.08.24-21.22.38:784][783]LogModuleManager: Shutting down and abandoning module CableComponent (314)
[2018.08.24-21.22.38:784][783]LogModuleManager: Shutting down and abandoning module AudioCapture (312)
[2018.08.24-21.22.38:784][783]LogModuleManager: Shutting down and abandoning module ArchVisCharacter (310)
[2018.08.24-21.22.38:784][783]LogModuleManager: Shutting down and abandoning module AndroidPermission (308)
[2018.08.24-21.22.38:784][783]LogModuleManager: Shutting down and abandoning module NUTUnrealEngine4 (304)
[2018.08.24-21.22.38:784][783]LogModuleManager: Shutting down and abandoning module NetcodeUnitTest (302)
[2018.08.24-21.22.38:784][783]LogModuleManager: Shutting down and abandoning module MediaCompositing (300)
[2018.08.24-21.22.38:784][783]LogModuleManager: Shutting down and abandoning module LinearTimecode (298)
[2018.08.24-21.22.38:784][783]LogModuleManager: Shutting down and abandoning module ImgMedia (296)
[2018.08.24-21.22.38:790][783]LogModuleManager: Shutting down and abandoning module HTML5Networking (294)
[2018.08.24-21.22.38:790][783]LogModuleManager: Shutting down and abandoning module GeometryCacheTracks (292)
[2018.08.24-21.22.38:790][783]LogModuleManager: Shutting down and abandoning module GeometryCacheSequencer (291)
[2018.08.24-21.22.38:790][783]LogModuleManager: Shutting down and abandoning module GeometryCache (288)
[2018.08.24-21.22.38:790][783]LogModuleManager: Shutting down and abandoning module GeometryCacheEd (287)
[2018.08.24-21.22.38:790][783]LogModuleManager: Shutting down and abandoning module BackChannel (284)
[2018.08.24-21.22.38:790][783]LogModuleManager: Shutting down and abandoning module AppleVision (282)
[2018.08.24-21.22.38:790][783]LogModuleManager: Shutting down and abandoning module AppleImageUtils (280)
[2018.08.24-21.22.38:790][783]LogModuleManager: Shutting down and abandoning module DatasmithContent (278)
[2018.08.24-21.22.38:791][783]LogModuleManager: Shutting down and abandoning module CryptoKeysOpenSSL (276)
[2018.08.24-21.22.38:791][783]LogModuleManager: Shutting down and abandoning module CryptoKeys (274)
[2018.08.24-21.22.38:791][783]LogModuleManager: Shutting down and abandoning module VisualStudioSourceCodeAccess (272)
[2018.08.24-21.22.38:791][783]LogModuleManager: Shutting down and abandoning module HotReload (271)
[2018.08.24-21.22.38:791][783]LogModuleManager: Shutting down and abandoning module DirectoryWatcher (270)
[2018.08.24-21.22.38:791][783]LogModuleManager: Shutting down and abandoning module VisualStudioCodeSourceCodeAccess (266)
[2018.08.24-21.22.38:791][783]LogModuleManager: Shutting down and abandoning module UObjectPlugin (264)
[2018.08.24-21.22.38:791][783]LogModuleManager: Shutting down and abandoning module SubversionSourceControl (262)
[2018.08.24-21.22.38:791][783]LogModuleManager: Shutting down and abandoning module PerforceSourceControl (260)
[2018.08.24-21.22.38:791][783]LogModuleManager: Shutting down and abandoning module SourceControl (259)
[2018.08.24-21.22.38:791][783]LogModuleManager: Shutting down and abandoning module CLionSourceCodeAccess (256)
[2018.08.24-21.22.38:792][783]LogModuleManager: Shutting down and abandoning module RuntimePhysXCooking (254)
[2018.08.24-21.22.38:792][783]LogModuleManager: Shutting down and abandoning module PhysXVehiclesEditor (252)
[2018.08.24-21.22.38:792][783]LogModuleManager: Shutting down and abandoning module PhysXVehicles (250)
[2018.08.24-21.22.38:792][783]LogModuleManager: Shutting down and abandoning module LocationServicesBPLibrary (248)
[2018.08.24-21.22.38:792][783]LogModuleManager: Shutting down and abandoning module ImmediatePhysicsEditor (246)
[2018.08.24-21.22.38:792][783]LogModuleManager: Shutting down and abandoning module ImmediatePhysics (244)
[2018.08.24-21.22.38:792][783]LogModuleManager: Shutting down and abandoning module ActorSequence (242)
[2018.08.24-21.22.38:792][783]LogModuleManager: Shutting down and abandoning module UdpMessaging (240)
[2018.08.24-21.22.38:893][783]LogModuleManager: Shutting down and abandoning module TcpMessaging (238)
