Log file open, 08/24/18 19:49:25
LogWindows: Failed to load 'aqProf.dll' (GetLastError=126)
LogWindows: File 'aqProf.dll' does not exist
LogWindows: Failed to load 'VSPerf140.dll' (GetLastError=126)
LogWindows: File 'VSPerf140.dll' does not exist
LogWindows: Failed to load 'VtuneApi.dll' (GetLastError=126)
LogWindows: File 'VtuneApi.dll' does not exist
LogWindows: Failed to load 'VtuneApi32e.dll' (GetLastError=126)
LogWindows: File 'VtuneApi32e.dll' does not exist
LogInit: Display: Running engine for game: FPSMultiPlayerBP
LogPlatformFile: Not using cached read wrapper
LogTaskGraph: Started task graph with 5 named threads and 35 total threads with 3 sets of task threads.
LogStats: Stats thread started at 0.397817
LogD3D11RHI: Loaded GFSDK_Aftermath_Lib.x64.dll
LogICUInternationalization: Display: ICU TimeZone Detection - Raw Offset: +12:00, Platform Override: ''
LogPluginManager: Mounting plugin Paper2D
LogPluginManager: Mounting plugin AISupport
LogPluginManager: Mounting plugin LightPropagationVolume
LogPluginManager: Mounting plugin CLionSourceCodeAccess
LogPluginManager: Mounting plugin CodeLiteSourceCodeAccess
LogPluginManager: Mounting plugin GitSourceControl
LogPluginManager: Mounting plugin KDevelopSourceCodeAccess
LogPluginManager: Mounting plugin NullSourceCodeAccess
LogPluginManager: Mounting plugin PerforceSourceControl
LogPluginManager: Mounting plugin SubversionSourceControl
LogPluginManager: Mounting plugin UObjectPlugin
LogPluginManager: Mounting plugin VisualStudioCodeSourceCodeAccess
LogPluginManager: Mounting plugin VisualStudioSourceCodeAccess
LogPluginManager: Mounting plugin XCodeSourceCodeAccess
LogPluginManager: Mounting plugin AssetManagerEditor
LogPluginManager: Mounting plugin CryptoKeys
LogPluginManager: Mounting plugin DataValidation
LogPluginManager: Mounting plugin FacialAnimation
LogPluginManager: Mounting plugin GameplayTagsEditor
LogPluginManager: Mounting plugin MacGraphicsSwitching
LogPluginManager: Mounting plugin MeshEditor
LogPluginManager: Mounting plugin MobileLauncherProfileWizard
LogPluginManager: Mounting plugin PluginBrowser
LogPluginManager: Mounting plugin SpeedTreeImporter
LogPluginManager: Mounting plugin DatasmithContent
LogPluginManager: Mounting plugin AlembicImporter
LogPluginManager: Mounting plugin AppleImageUtils
LogPluginManager: Mounting plugin AppleVision
LogPluginManager: Mounting plugin BackChannel
LogPluginManager: Mounting plugin CharacterAI
LogPluginManager: Mounting plugin GeometryCache
LogPluginManager: Mounting plugin HTML5Networking
LogPluginManager: Mounting plugin ProxyLODPlugin
LogPluginManager: Mounting plugin MagicLeap
LogPluginManager: Mounting plugin MagicLeapEmulator
LogPluginManager: Mounting plugin MagicLeapMedia
LogPluginManager: Mounting plugin AndroidMedia
LogPluginManager: Mounting plugin AvfMedia
LogPluginManager: Mounting plugin ImgMedia
LogPluginManager: Mounting plugin LinearTimecode
LogPluginManager: Mounting plugin MediaCompositing
LogPluginManager: Mounting plugin MediaPlayerEditor
LogPluginManager: Mounting plugin WmfMedia
LogPluginManager: Mounting plugin TcpMessaging
LogPluginManager: Mounting plugin UdpMessaging
LogPluginManager: Mounting plugin ActorSequence
LogPluginManager: Mounting plugin LevelSequenceEditor
LogPluginManager: Mounting plugin MatineeToLevelSequence
LogPluginManager: Mounting plugin NetcodeUnitTest
LogPluginManager: Mounting plugin NUTUnrealEngine4
LogPluginManager: Mounting plugin OnlineSubsystemGooglePlay
LogPluginManager: Mounting plugin OnlineSubsystemIOS
LogPluginManager: Mounting plugin OnlineSubsystem
LogPluginManager: Mounting plugin OnlineSubsystemNull
LogPluginManager: Mounting plugin OnlineSubsystemUtils
LogPluginManager: Mounting plugin LauncherChunkInstaller
LogPluginManager: Mounting plugin AndroidDeviceProfileSelector
LogPluginManager: Mounting plugin AndroidMoviePlayer
LogPluginManager: Mounting plugin AndroidPermission
LogPluginManager: Mounting plugin AppleMoviePlayer
LogPluginManager: Mounting plugin ArchVisCharacter
LogPluginManager: Mounting plugin AudioCapture
LogPluginManager: Mounting plugin CableComponent
LogPluginManager: Mounting plugin CustomMeshComponent
LogPluginManager: Mounting plugin EditableMesh
LogPluginManager: Mounting plugin ExampleDeviceProfileSelector
LogPluginManager: Mounting plugin GoogleCloudMessaging
LogPluginManager: Mounting plugin ImmediatePhysics
LogPluginManager: Mounting plugin IOSDeviceProfileSelector
LogPluginManager: Mounting plugin LinuxDeviceProfileSelector
LogPluginManager: Mounting plugin LocationServicesBPLibrary
LogPluginManager: Mounting plugin MobilePatchingUtils
LogPluginManager: Mounting plugin OculusVR
LogPluginManager: Plugin shader directory ../../../Engine/Plugins/Runtime/Oculus/OculusVR/Shaders found
LogPluginManager: Mapping shader source directory ../../../Engine/Plugins/Runtime/Oculus/OculusVR/Shaders to virtual directory /Plugin/OculusVR
LogPluginManager: Mounting plugin PhysXVehicles
LogPluginManager: Mounting plugin ProceduralMeshComponent
LogPluginManager: Mounting plugin RuntimePhysXCooking
LogPluginManager: Mounting plugin SteamVR
LogPluginManager: Mounting plugin WindowsMoviePlayer
LogStreaming: Display: Took  0.091s to configure plugins.
LogInit: Using libcurl 7.55.1-DEV
LogInit:  - built for x86_64-pc-win32
LogInit:  - supports SSL with OpenSSL/1.0.2h
LogInit:  - supports HTTP deflate (compression) using libz 1.2.8
LogInit:  - other features:
LogInit:      CURL_VERSION_SSL
LogInit:      CURL_VERSION_LIBZ
LogInit:      CURL_VERSION_IPV6
LogInit:      CURL_VERSION_ASYNCHDNS
LogInit:      CURL_VERSION_LARGEFILE
LogInit:      CURL_VERSION_IDN
LogInit:  CurlRequestOptions (configurable via config and command line):
LogInit:  - bVerifyPeer = false  - Libcurl will NOT verify peer certificate
LogInit:  - bUseHttpProxy = false  - Libcurl will NOT use HTTP proxy
LogInit:  - bDontReuseConnections = false  - Libcurl will reuse connections
LogInit:  - CertBundlePath = nullptr  - Libcurl will use whatever was configured at build time.
LogInit:  - MaxHostConnections = 16  - Libcurl will limit the number of connections to a host
LogInit:  - LocalHostAddr = Default
LogInit:  - BufferSize = 65536
LogInit: WinSock: version 1.1 (2.2), MaxSocks=32767, MaxUdp=65467
LogInit: Build: ++UE4+Release-4.20-CL-4233996
LogInit: Engine Version: 4.20.1-4233996+++UE4+Release-4.20
LogInit: Compatible Engine Version: 4.20.0-4212847+++UE4+Release-4.20
LogInit: Net CL: 4212847
LogInit: OS: Windows 10 (), CPU: Intel(R) Core(TM) i7-8700 CPU @ 3.20GHz, GPU: Radeon RX 580 Series
LogInit: Compiled (64-bit): Jul 26 2018 10:07:30
LogInit: Compiled with Visual C++: 19.13.26129.00
LogInit: Build Configuration: Development
LogInit: Branch Name: ++UE4+Release-4.20
LogInit: Command Line: 
LogInit: Base Directory: C:/Program Files/Epic Games/UE_4.20/Engine/Binaries/Win64/
LogInit: Installed Engine Build: 1
LogDevObjectVersion: Number of dev versions registered: 20
LogDevObjectVersion:   Dev-Blueprints (B0D832E4-1F89-4F0D-ACCF-7EB736FD4AA2): 10
LogDevObjectVersion:   Dev-Build (E1C64328-A22C-4D53-A36C-8E866417BD8C): 0
LogDevObjectVersion:   Dev-Core (375EC13C-06E4-48FB-B500-84F0262A717E): 2
LogDevObjectVersion:   Dev-Editor (E4B068ED-F494-42E9-A231-DA0B2E46BB41): 24
LogDevObjectVersion:   Dev-Framework (CFFC743F-43B0-4480-9391-14DF171D2073): 34
LogDevObjectVersion:   Dev-Mobile (B02B49B5-BB20-44E9-A304-32B752E40360): 2
LogDevObjectVersion:   Dev-Networking (A4E4105C-59A1-49B5-A7C5-40C4547EDFEE): 0
LogDevObjectVersion:   Dev-Online (39C831C9-5AE6-47DC-9A44-9C173E1C8E7C): 0
LogDevObjectVersion:   Dev-Physics (78F01B33-EBEA-4F98-B9B4-84EACCB95AA2): 0
LogDevObjectVersion:   Dev-Platform (6631380F-2D4D-43E0-8009-CF276956A95A): 0
LogDevObjectVersion:   Dev-Rendering (12F88B9F-8875-4AFC-A67C-D90C383ABD29): 26
LogDevObjectVersion:   Dev-Sequencer (7B5AE74C-D270-4C10-A958-57980B212A5A): 9
LogDevObjectVersion:   Dev-VR (D7296918-1DD6-4BDD-9DE2-64A83CC13884): 2
LogDevObjectVersion:   Dev-LoadTimes (C2A15278-BFE7-4AFE-6C17-90FF531DF755): 1
LogDevObjectVersion:   Private-Geometry (6EACA3D4-40EC-4CC1-B786-8BED09428FC5): 3
LogDevObjectVersion:   Dev-AnimPhys (29E575DD-E0A3-4627-9D10-D276232CDCEA): 17
LogDevObjectVersion:   Dev-ReflectionCapture (6B266CEC-1EC7-4B8F-A30B-E4D90942FC07): 1
LogDevObjectVersion:   Dev-Automation (0DF73D61-A23F-47EA-B727-89E90C41499A): 1
LogDevObjectVersion:   FortniteMain (601D1886-AC64-4F84-AA16-D3DE0DEAC7D6): 12
LogDevObjectVersion:   Dev-Enterprise (9DFFBCD6-494F-0158-E221-12823C92A888): 1
LogStreaming: Display: Took  0.000s to delete old logs.
LogInit: Presizing for max 8388607 objects, including 0 objects not considered by GC, pre-allocating 0 bytes for permanent pool.
LogInit: Object subsystem initialized
[2018.08.24-07.49.26:228][  0]LogInit: Selected Device Profile: [Windows]
[2018.08.24-07.49.26:228][  0]LogInit: Applying CVar settings loaded from the selected device profile: [Windows]
[2018.08.24-07.49.26:234][  0]LogHAL: Display: Platform has ~ 16 GB [17098670080 / 17179869184 / 16], which maps to Larger [LargestMinGB=32, LargerMinGB=12, DefaultMinGB=8, SmallerMinGB=6, SmallestMinGB=0)
[2018.08.24-07.49.26:234][  0]LogInit: Setting Device Profile CVar: [[r.Vulkan.UseRealUBs:1]]
[2018.08.24-07.49.26:234][  0]LogInit: Going up to parent DeviceProfile []
[2018.08.24-07.49.26:234][  0]LogInit: Computer: RANJU
[2018.08.24-07.49.26:234][  0]LogInit: User: OEM
[2018.08.24-07.49.26:234][  0]LogInit: CPU Page size=4096, Cores=6
[2018.08.24-07.49.26:234][  0]LogInit: High frequency timer resolution =3.117184 MHz
[2018.08.24-07.49.26:234][  0]LogMemory: Memory total: Physical=15.9GB (16GB approx)
[2018.08.24-07.49.26:234][  0]LogMemory: Platform Memory Stats for Windows
[2018.08.24-07.49.26:234][  0]LogMemory: Process Physical Memory: 101.22 MB used, 101.22 MB peak
[2018.08.24-07.49.26:234][  0]LogMemory: Process Virtual Memory: 92.46 MB used, 92.46 MB peak
[2018.08.24-07.49.26:234][  0]LogMemory: Physical Memory: 6071.88 MB used,  10234.69 MB free, 16306.56 MB total
[2018.08.24-07.49.26:234][  0]LogMemory: Virtual Memory: 4644.65 MB used,  10234.69 MB free, 134217728.00 MB total
[2018.08.24-07.49.26:252][  0]LogInit: Using OS detected language (en-US).
[2018.08.24-07.49.26:252][  0]LogInit: Using OS detected locale (en-NZ).
[2018.08.24-07.49.26:253][  0]LogTextLocalizationManager: No specific localization for 'en-US' exists, so the 'en' localization will be used.
[2018.08.24-07.49.26:517][  0]LogStreaming: Display: Took  0.266s to InitEngineTextLocalization.
[2018.08.24-07.49.26:517][  0]LogInit: Setting process to per monitor DPI aware
[2018.08.24-07.49.26:607][  0]LogSlate: New Slate User Created.  User Index 0, Is Virtual User: 0
[2018.08.24-07.49.26:607][  0]LogSlate: Slate User Registered.  User Index 0, Is Virtual User: 0
[2018.08.24-07.49.26:849][  0]LogHMD: Failed to initialize OpenVR with code 110
[2018.08.24-07.49.26:849][  0]LogD3D11RHI: D3D11 adapters:
[2018.08.24-07.49.26:874][  0]LogD3D11RHI:    0. 'Radeon RX 580 Series' (Feature Level 11_0)
[2018.08.24-07.49.26:874][  0]LogD3D11RHI:       8137/0/8153 MB DedicatedVideo/DedicatedSystem/SharedSystem, Outputs:3, VendorId:0x1002
[2018.08.24-07.49.26:876][  0]LogD3D11RHI:    1. 'Microsoft Basic Render Driver' (Feature Level 11_0)
[2018.08.24-07.49.26:876][  0]LogD3D11RHI:       0/0/8153 MB DedicatedVideo/DedicatedSystem/SharedSystem, Outputs:0, VendorId:0x1414
[2018.08.24-07.49.26:876][  0]LogD3D11RHI: Chosen D3D11 Adapter: 0
[2018.08.24-07.49.26:881][  0]LogD3D11RHI: Creating new Direct3DDevice
[2018.08.24-07.49.26:881][  0]LogD3D11RHI:     GPU DeviceId: 0x67df (for the marketing name, search the web for "GPU Device Id")
[2018.08.24-07.49.26:881][  0]LogWindows: EnumDisplayDevices:
[2018.08.24-07.49.26:881][  0]LogWindows:    0. 'Radeon RX 580 Series' (P:1 D:1)
[2018.08.24-07.49.26:881][  0]LogWindows:    1. 'Radeon RX 580 Series' (P:0 D:1)
[2018.08.24-07.49.26:882][  0]LogWindows:    2. 'Radeon RX 580 Series' (P:0 D:1)
[2018.08.24-07.49.26:882][  0]LogWindows:    3. 'Radeon RX 580 Series' (P:0 D:0)
[2018.08.24-07.49.26:882][  0]LogWindows:    4. 'Radeon RX 580 Series' (P:0 D:0)
[2018.08.24-07.49.26:882][  0]LogWindows:    5. 'Radeon RX 580 Series' (P:0 D:0)
[2018.08.24-07.49.26:883][  0]LogWindows:    6. 'Radeon RX 580 Series' (P:0 D:0)
[2018.08.24-07.49.26:883][  0]LogWindows:    7. 'Radeon RX 580 Series' (P:0 D:0)
[2018.08.24-07.49.26:883][  0]LogWindows:    8. 'Radeon RX 580 Series' (P:0 D:0)
[2018.08.24-07.49.26:884][  0]LogWindows:    9. 'Radeon RX 580 Series' (P:0 D:0)
[2018.08.24-07.49.26:884][  0]LogWindows:    10. 'Radeon RX 580 Series' (P:0 D:0)
[2018.08.24-07.49.26:884][  0]LogWindows:    11. 'Radeon RX 580 Series' (P:0 D:0)
[2018.08.24-07.49.26:885][  0]LogWindows:    12. 'Radeon RX 580 Series' (P:0 D:0)
[2018.08.24-07.49.26:885][  0]LogWindows:    13. 'Radeon RX 580 Series' (P:0 D:0)
[2018.08.24-07.49.26:885][  0]LogWindows:    14. 'Radeon RX 580 Series' (P:0 D:0)
[2018.08.24-07.49.26:886][  0]LogWindows:    15. 'Radeon RX 580 Series' (P:0 D:0)
[2018.08.24-07.49.26:886][  0]LogWindows: DebugString: FoundDriverCount:16 
[2018.08.24-07.49.26:886][  0]LogD3D11RHI:     Adapter Name: Radeon RX 580 Series
[2018.08.24-07.49.26:886][  0]LogD3D11RHI:   Driver Version: Adrenalin 18.5.2 (internal:24.20.11019.1004, unified:24.20.11019.1004)
[2018.08.24-07.49.26:886][  0]LogD3D11RHI:      Driver Date: 5-29-2018
[2018.08.24-07.49.26:886][  0]LogRHI: Texture pool is 5695 MB (70% of 8137 MB)
[2018.08.24-07.49.27:115][  0]LogD3D11RHI: Async texture creation enabled
[2018.08.24-07.49.27:126][  0]LogD3D11RHI: GPU Timing Frequency: 25.000000 (Debug: 2 1)
[2018.08.24-07.49.27:128][  0]LogShaderCompilers: Guid format shader working directory is 9 characters bigger than the processId version (D:/Unreal Projects/FPSMultiPlayerBP/Intermediate/Shaders/WorkingDirectory/4172/).
[2018.08.24-07.49.27:128][  0]LogShaderCompilers: Cleaned the shader compiler working directory 'C:/Users/OEM/AppData/Local/Temp/UnrealShaderWorkingDir/26EBD0FC46258AB5473BC88B40BDC4E9/'.
[2018.08.24-07.49.27:354][  0]LogTemp: Display: Loaded TP AllDesktopTargetPlatform
[2018.08.24-07.49.27:369][  0]LogTemp: Display: Loaded TP MacClientTargetPlatform
[2018.08.24-07.49.27:381][  0]LogTemp: Display: Loaded TP MacNoEditorTargetPlatform
[2018.08.24-07.49.27:391][  0]LogTemp: Display: Loaded TP MacServerTargetPlatform
[2018.08.24-07.49.27:402][  0]LogTemp: Display: Loaded TP MacTargetPlatform
[2018.08.24-07.49.27:412][  0]LogTemp: Display: Loaded TP WindowsClientTargetPlatform
[2018.08.24-07.49.27:422][  0]LogTemp: Display: Loaded TP WindowsNoEditorTargetPlatform
[2018.08.24-07.49.27:433][  0]LogTemp: Display: Loaded TP WindowsServerTargetPlatform
[2018.08.24-07.49.27:438][  0]LogTemp: Display: Loaded TP WindowsTargetPlatform
[2018.08.24-07.49.27:494][  0]LogTemp: Display: Loaded TP AndroidTargetPlatform
[2018.08.24-07.49.27:494][  0]LogTemp: Display: Loaded TP AndroidTargetPlatform
[2018.08.24-07.49.27:494][  0]LogTemp: Display: Loaded TP AndroidTargetPlatform
[2018.08.24-07.49.27:494][  0]LogTemp: Display: Loaded TP AndroidTargetPlatform
[2018.08.24-07.49.27:494][  0]LogTemp: Display: Loaded TP AndroidTargetPlatform
[2018.08.24-07.49.27:494][  0]LogTemp: Display: Loaded TP AndroidTargetPlatform
[2018.08.24-07.49.27:494][  0]LogTemp: Display: Loaded TP AndroidTargetPlatform
[2018.08.24-07.49.27:494][  0]LogTemp: Display: Loaded TP AndroidTargetPlatform
[2018.08.24-07.49.27:494][  0]LogTemp: Display: Loaded TP AndroidTargetPlatform
[2018.08.24-07.49.27:494][  0]LogTemp: Display: Loaded TP AndroidTargetPlatform
[2018.08.24-07.49.27:494][  0]LogTemp: Display: Loaded TP AndroidTargetPlatform
[2018.08.24-07.49.27:494][  0]LogTemp: Display: Loaded TP AndroidTargetPlatform
[2018.08.24-07.49.27:494][  0]LogTemp: Display: Loaded TP AndroidTargetPlatform
[2018.08.24-07.49.27:494][  0]LogTemp: Display: Loaded TP AndroidTargetPlatform
[2018.08.24-07.49.27:494][  0]LogTemp: Display: Loaded TP AndroidTargetPlatform
[2018.08.24-07.49.27:494][  0]LogTemp: Display: Loaded TP AndroidTargetPlatform
[2018.08.24-07.49.27:494][  0]LogTemp: Display: Loaded TP AndroidTargetPlatform
[2018.08.24-07.49.27:494][  0]LogTemp: Display: Loaded TP AndroidTargetPlatform
[2018.08.24-07.49.27:496][  0]LogTemp: Display: Loaded TP HTML5TargetPlatform
[2018.08.24-07.49.27:550][  0]LogTemp: Display: Loaded TP IOSTargetPlatform
[2018.08.24-07.49.27:550][  0]LogTemp: Display: Loaded TP IOSTargetPlatform
[2018.08.24-07.49.27:567][  0]LogTemp: Display: Loaded TP TVOSTargetPlatform
[2018.08.24-07.49.27:567][  0]LogTemp: Display: Loaded TP TVOSTargetPlatform
[2018.08.24-07.49.27:577][  0]LogTemp: Display: Loaded TP LinuxClientTargetPlatform
[2018.08.24-07.49.27:586][  0]LogTemp: Display: Loaded TP LinuxNoEditorTargetPlatform
[2018.08.24-07.49.27:596][  0]LogTemp: Display: Loaded TP LinuxServerTargetPlatform
[2018.08.24-07.49.27:605][  0]LogTemp: Display: Loaded TP LinuxTargetPlatform
[2018.08.24-07.49.27:612][  0]LogTemp: Display: Loaded TP LuminTargetPlatform
[2018.08.24-07.49.27:612][  0]LogTargetPlatformManager: Display: Building Assets For Windows
[2018.08.24-07.49.27:665][  0]LogXGEController: Cannot use XGE Controller as Incredibuild is not installed on this machine.
[2018.08.24-07.49.27:665][  0]LogShaderCompilers: Cannot use XGE Shader Compiler as Incredibuild is not installed on this machine.
[2018.08.24-07.49.27:665][  0]LogShaderCompilers: Display: Using Local Shader Compiler.
[2018.08.24-07.49.28:226][  0]LogDerivedDataCache: Display: Max Cache Size: 512 MB
[2018.08.24-07.49.28:267][  0]LogDerivedDataCache: Loaded boot cache 0.04s 71MB C:/Users/OEM/AppData/Local/UnrealEngine/4.20/DerivedDataCache/Boot.ddc.
[2018.08.24-07.49.28:267][  0]LogDerivedDataCache: Display: Loaded Boot cache: C:/Users/OEM/AppData/Local/UnrealEngine/4.20/DerivedDataCache/Boot.ddc
[2018.08.24-07.49.28:267][  0]LogDerivedDataCache: FDerivedDataBackendGraph:  Pak pak cache file D:/Unreal Projects/FPSMultiPlayerBP/DerivedDataCache/DDC.ddp not found, will not use a pak cache.
[2018.08.24-07.49.28:267][  0]LogDerivedDataCache: Unable to find inner node Pak for hierarchical cache Hierarchy.
[2018.08.24-07.49.28:267][  0]LogDerivedDataCache: FDerivedDataBackendGraph:  CompressedPak pak cache file D:/Unreal Projects/FPSMultiPlayerBP/DerivedDataCache/Compressed.ddp not found, will not use a pak cache.
[2018.08.24-07.49.28:267][  0]LogDerivedDataCache: Unable to find inner node CompressedPak for hierarchical cache Hierarchy.
[2018.08.24-07.49.28:277][  0]LogDerivedDataCache: Display: Pak cache opened for reading ../../../Engine/DerivedDataCache/Compressed.ddp.
[2018.08.24-07.49.28:291][  0]LogDerivedDataCache: Using Local data cache path C:/Users/OEM/AppData/Local/UnrealEngine/Common/DerivedDataCache: Writable
[2018.08.24-07.49.28:291][  0]LogDerivedDataCache: Shared data cache path not found in *engine.ini, will not use an Shared cache.
[2018.08.24-07.49.28:291][  0]LogDerivedDataCache: Unable to find inner node Shared for hierarchical cache Hierarchy.
[2018.08.24-07.49.28:304][  0]LogMaterial: Verifying Global Shaders for PCD3D_SM5
[2018.08.24-07.49.28:305][  0]LogSlate: Using FreeType 2.6.0
[2018.08.24-07.49.28:306][  0]LogSlate: SlateFontServices - WITH_FREETYPE: 1, WITH_HARFBUZZ: 1
[2018.08.24-07.49.28:371][  0]LogAssetRegistry: FAssetRegistry took 0.0249 seconds to start up
[2018.08.24-07.49.28:605][  0]LogInit: Selected Device Profile: [Windows]
[2018.08.24-07.49.28:705][  0]LogSimplygon: Simplygon DLL not present - disabling.
[2018.08.24-07.49.28:708][  0]LogMeshReduction: Using SimplygonSwarm for distributed automatic mesh merging
[2018.08.24-07.49.28:708][  0]LogMeshReduction: Using ProxyLODMeshReduction for automatic mesh merging
[2018.08.24-07.49.28:708][  0]LogMeshReduction: Using QuadricMeshReduction for automatic static mesh reduction
[2018.08.24-07.49.28:708][  0]LogMeshReduction: No automatic skeletal mesh reduction module available
[2018.08.24-07.49.28:785][  0]LogNetVersion: FPSMultiPlayerBP 1.0.0, NetCL: 4212847, EngineNetVer: 5, GameNetVer: 0 (Checksum: 3398490363)
[2018.08.24-07.49.29:159][  0]LogPackageLocalizationCache: Processed 11 localized package path(s) for 2 prioritized culture(s) in 0.051025 seconds
[2018.08.24-07.49.29:164][  0]LogUObjectArray: 38425 objects as part of root set at end of initial load.
[2018.08.24-07.49.29:164][  0]LogUObjectAllocator: 6690872 out of 0 bytes used by permanent object pool.
[2018.08.24-07.49.29:164][  0]LogUObjectArray: CloseDisregardForGC: 0/0 objects in disregard for GC pool
[2018.08.24-07.49.29:891][  0]LogTcpMessaging: Initializing TcpMessaging bridge
[2018.08.24-07.49.29:904][  0]LogUdpMessaging: Initializing bridge on interface 0.0.0.0:0 to multicast group 230.0.0.1:6666.
[2018.08.24-07.49.30:033][  0]SourceControl: Source control is disabled
[2018.08.24-07.49.30:033][  0]SourceControl: Source control is disabled
[2018.08.24-07.49.30:034][  0]SourceControl: Source control is disabled
[2018.08.24-07.49.30:035][  0]SourceControl: Source control is disabled
[2018.08.24-07.49.30:187][  0]LogAndroidPermission: UAndroidPermissionCallbackProxy::GetInstance
[2018.08.24-07.49.30:271][  0]LogOcInput: OculusInput pre-init called
[2018.08.24-07.49.30:323][  0]LogEngine: Initializing Engine...
[2018.08.24-07.49.30:324][  0]LogHMD: Failed to initialize OpenVR with code 110
[2018.08.24-07.49.30:325][  0]LogStats: UGameplayTagsManager::ConstructGameplayTagTree: ImportINI prefixes -  0.000 s
[2018.08.24-07.49.30:325][  0]LogStats: UGameplayTagsManager::ConstructGameplayTagTree: Construct from data asset -  0.000 s
[2018.08.24-07.49.30:325][  0]LogStats: UGameplayTagsManager::ConstructGameplayTagTree: ImportINI -  0.000 s
[2018.08.24-07.49.30:325][  0]LogStats: UGameplayTagsManager::ConstructGameplayTagTree: GameplayTagTreeChangedEvent.Broadcast -  0.000 s
[2018.08.24-07.49.30:483][  0]LogInit: Initializing FReadOnlyCVARCache
[2018.08.24-07.49.30:494][  0]LogAIModule: Creating AISystem for world Untitled
[2018.08.24-07.49.30:534][  0]LogInit: XAudio2 using '3 - SAMSUNG (AMD High Definition Audio Device)' : 2 channels at 48 kHz using 16 bits per sample (channel mask 0x3)
[2018.08.24-07.49.30:559][  0]LogInit: FAudioDevice initialized.
[2018.08.24-07.49.30:559][  0]LogNetVersion: Set ProjectVersion to 1.0.0.0. Version Checksum will be recalculated on next use.
[2018.08.24-07.49.30:678][  0]LogDerivedDataCache: Saved boot cache 0.12s 71MB C:/Users/OEM/AppData/Local/UnrealEngine/4.20/DerivedDataCache/Boot.ddc.
[2018.08.24-07.49.30:679][  0]LogInit: Texture streaming: Enabled
[2018.08.24-07.49.30:711][  0]LogEngineSessionManager: EngineSessionManager initialized
[2018.08.24-07.49.30:733][  0]LogInit: Transaction tracking system initialized
[2018.08.24-07.49.30:755][  0]BlueprintLog: New page: Editor Load
[2018.08.24-07.49.30:824][  0]LocalizationService: Localization service is disabled
[2018.08.24-07.49.31:061][  0]LogCook: Display: Max memory allowance for cook 16384mb min free memory 0mb
[2018.08.24-07.49.31:061][  0]LogCook: Display: Mobile HDR setting 1
[2018.08.24-07.49.31:062][  0]LogGameplayTags: Display: UGameplayTagsManager::DoneAddingNativeTags. DelegateIsBound: 0
[2018.08.24-07.49.31:062][  0]LogStats: UGameplayTagsManager::ConstructGameplayTagTree: ImportINI prefixes -  0.000 s
[2018.08.24-07.49.31:062][  0]LogStats: UGameplayTagsManager::ConstructGameplayTagTree: Construct from data asset -  0.000 s
[2018.08.24-07.49.31:062][  0]LogStats: UGameplayTagsManager::ConstructGameplayTagTree: ImportINI -  0.000 s
[2018.08.24-07.49.31:062][  0]LogStats: UGameplayTagsManager::ConstructGameplayTagTree: GameplayTagTreeChangedEvent.Broadcast -  0.000 s
[2018.08.24-07.49.31:160][  0]LogFileCache: Scanning file cache for directory 'D:/Unreal Projects/FPSMultiPlayerBP/Content/' took 0.01s
[2018.08.24-07.49.31:160][  0]SourceControl: Source control is disabled
[2018.08.24-07.49.31:160][  0]Cmd: MAP LOAD FILE="D:/Unreal Projects/FPSMultiPlayerBP/Content/Maps/MainMenu.umap" TEMPLATE=0 SHOWPROGRESS=1 FEATURELEVEL=3
[2018.08.24-07.49.31:160][  0]LightingResults: New page: Lighting Build
[2018.08.24-07.49.31:162][  0]MapCheck: New page: Map Check
[2018.08.24-07.49.31:162][  0]LightingResults: New page: Lighting Build
[2018.08.24-07.49.32:398][  0]LogTexture: Display: Building textures: Char_M_Cardboard_Skin_Mask (AutoDXT, 2048X2048)
[2018.08.24-07.49.32:398][  0]LogTexture: Display: Building textures: T_Char_M_FrostGiant_D (DXT1, 2048X2048)
[2018.08.24-07.49.32:445][  0]LogAIModule: Creating AISystem for world MainMenu
[2018.08.24-07.49.32:446][  0]LogEditorServer: Finished looking for orphan Actors (0.000 secs)
[2018.08.24-07.49.32:532][  0]Cmd: MAP CHECKDEP NOCLEARLOG
[2018.08.24-07.49.32:640][  0]MapCheck: Map check complete: 0 Error(s), 0 Warning(s), took 108.774ms to complete.
[2018.08.24-07.49.32:641][  0]LogFileHelpers: Loading map 'MainMenu' took 1.481
[2018.08.24-07.49.33:045][  0]LogSlate: Updating window title bar state: overlay mode, drag disabled, window buttons hidden, title bar hidden
[2018.08.24-07.49.33:054][  0]LogSlate: Updating window title bar state: overlay mode, drag disabled, window buttons hidden, title bar hidden
[2018.08.24-07.49.33:059][  0]LogSlate: Updating window title bar state: overlay mode, drag disabled, window buttons hidden, title bar hidden
[2018.08.24-07.49.33:073][  0]LogSlate: Updating window title bar state: overlay mode, drag disabled, window buttons hidden, title bar hidden
[2018.08.24-07.49.33:093][  0]LogCollectionManager: Loaded 0 collections in 0.001385 seconds
[2018.08.24-07.49.33:263][  0]LogFileCache: Scanning file cache for directory 'D:/Unreal Projects/FPSMultiPlayerBP/Saved/Collections/' took 0.01s
[2018.08.24-07.49.33:263][  0]LogFileCache: Scanning file cache for directory 'D:/Unreal Projects/FPSMultiPlayerBP/Content/Developers/OEM/Collections/' took 0.01s
[2018.08.24-07.49.33:263][  0]LogFileCache: Scanning file cache for directory 'D:/Unreal Projects/FPSMultiPlayerBP/Content/Collections/' took 0.01s
[2018.08.24-07.49.33:263][  0]LogCollectionManager: Rebuilt the GUID cache for 0 collections in 0.000000 seconds
[2018.08.24-07.49.33:276][  0]LogContentBrowser: Native class hierarchy populated in 0.0090 seconds. Added 2572 classes and 603 folders.
[2018.08.24-07.49.33:301][  0]LogContentBrowser: Native class hierarchy updated for 'WidgetCarousel' in 0.0002 seconds. Added 0 classes and 0 folders.
[2018.08.24-07.49.33:508][  0]LogContentBrowser: Native class hierarchy updated for 'AddContentDialog' in 0.0002 seconds. Added 0 classes and 0 folders.
[2018.08.24-07.49.33:540][  0]LogContentBrowser: Native class hierarchy updated for 'SceneOutliner' in 0.0002 seconds. Added 1 classes and 2 folders.
[2018.08.24-07.49.33:799][  0]LogSlate: Took 0.000175 seconds to synchronously load lazily loaded font '../../../Engine/Content/Slate/Fonts/Roboto-Regular.ttf' (155K)
[2018.08.24-07.49.33:800][  0]LogSlate: Took 0.000151 seconds to synchronously load lazily loaded font '../../../Engine/Content/Slate/Fonts/Roboto-Bold.ttf' (160K)
[2018.08.24-07.49.33:809][  0]LogSlate: Took 0.001785 seconds to synchronously load lazily loaded font '../../../Engine/Content/Editor/Slate/Fonts/FontAwesome.ttf' (139K)
[2018.08.24-07.49.33:811][  0]LogSlate: Took 0.001277 seconds to synchronously load lazily loaded font '../../../Engine/Content/Slate/Fonts/DroidSansMono.ttf' (77K)
[2018.08.24-07.49.33:921][  0]LogRenderer: Reallocating scene render targets to support 1204x484 Format 10 NumSamples 1 (Frame:1).
[2018.08.24-07.49.34:192][  0]LogContentBrowser: Native class hierarchy updated for 'HierarchicalLODOutliner' in 0.0002 seconds. Added 0 classes and 0 folders.
[2018.08.24-07.49.34:192][  0]LogLoad: (Engine Initialization) Total time: 9.85 seconds
[2018.08.24-07.49.34:193][  0]LogLoad: (Engine Initialization) Total Blueprint compile time: 0.00 seconds
[2018.08.24-07.49.34:203][  0]LogWindowsTextInputMethodSystem: Display: IME system now deactivated.
[2018.08.24-07.49.34:226][  0]LogContentStreaming: Texture pool size now 3000 MB
[2018.08.24-07.49.34:241][  1]LogAssetRegistry: Asset discovery search completed in 5.8917 seconds
[2018.08.24-07.49.34:246][  1]LogCollectionManager: Rebuilt the object cache for 0 collections in 0.000000 seconds (found 0 objects)
[2018.08.24-07.49.34:246][  1]LogCollectionManager: Fixed up redirectors for 0 collections in 0.000144 seconds (updated 0 objects)
[2018.08.24-07.49.35:280][115]LogSlate: Took 0.002051 seconds to synchronously load lazily loaded font '../../../Engine/Content/Slate/Fonts/Roboto-Light.ttf' (167K)
[2018.08.24-07.49.37:880][418]LogSlate: FSceneViewport::OnFocusLost() reason 0
[2018.08.24-07.49.37:969][425]LogSlate: Took 0.000145 seconds to synchronously load lazily loaded font '../../../Engine/Content/Slate/Fonts/Roboto-Light.ttf' (167K)
[2018.08.24-07.49.39:234][574]LogRenderer: Reallocating scene render targets to support 1204x488 Format 10 NumSamples 1 (Frame:4).
[2018.08.24-07.49.39:298][575]LogRenderer: Reallocating scene render targets to support 1204x492 Format 10 NumSamples 1 (Frame:6).
[2018.08.24-07.49.39:367][576]LogRenderer: Reallocating scene render targets to support 1204x520 Format 10 NumSamples 1 (Frame:8).
[2018.08.24-07.49.39:435][577]LogRenderer: Reallocating scene render targets to support 1204x564 Format 10 NumSamples 1 (Frame:10).
[2018.08.24-07.49.39:496][578]LogRenderer: Reallocating scene render targets to support 1204x604 Format 10 NumSamples 1 (Frame:12).
[2018.08.24-07.49.39:558][579]LogRenderer: Reallocating scene render targets to support 1204x620 Format 10 NumSamples 1 (Frame:14).
[2018.08.24-07.49.41:147][767]LogTemp: Repeating last play command: New Editor Window (PIE)
[2018.08.24-07.49.41:160][767]LogBlueprintUserMessages: Early PlayInEditor Detection: Level '/Game/Maps/MainMenu.MainMenu:PersistentLevel' has LevelScriptBlueprint '/Game/Maps/MainMenu.MainMenu:PersistentLevel.MainMenu' with GeneratedClass '/Game/Maps/MainMenu.MainMenu_C' with ClassGeneratedBy '/Game/Maps/MainMenu.MainMenu:PersistentLevel.MainMenu'
[2018.08.24-07.49.41:163][767]LogPlayLevel: PlayLevel: No blueprints needed recompiling
[2018.08.24-07.49.41:183][767]PIE: New page: PIE session: MainMenu (25/08/2018 7:49:41 am)
[2018.08.24-07.49.41:183][767]LogPlayLevel: Creating play world package: /Game/Maps/UEDPIE_0_MainMenu
[2018.08.24-07.49.41:190][767]LogPlayLevel: PIE: StaticDuplicateObject took: (0.006601s)
[2018.08.24-07.49.41:191][767]LogAIModule: Creating AISystem for world MainMenu
[2018.08.24-07.49.41:191][767]LogPlayLevel: PIE: World Init took: (0.000498s)
[2018.08.24-07.49.41:191][767]LogPlayLevel: PIE: Created PIE world by copying editor world from /Game/Maps/MainMenu.MainMenu to /Game/Maps/UEDPIE_0_MainMenu.MainMenu (0.007810s)
[2018.08.24-07.49.41:243][767]LogInit: XAudio2 using '3 - SAMSUNG (AMD High Definition Audio Device)' : 2 channels at 48 kHz using 16 bits per sample (channel mask 0x3)
[2018.08.24-07.49.41:253][767]LogInit: FAudioDevice initialized.
[2018.08.24-07.49.41:325][767]LogSlate: Updating window title bar state: overlay mode, drag disabled, window buttons hidden, title bar hidden
[2018.08.24-07.49.41:777][767]LogLoad: Game class is 'ThirdPersonGameMode_C'
[2018.08.24-07.49.41:784][767]LogWorld: Bringing World /Game/Maps/UEDPIE_0_MainMenu.MainMenu up for play (max tick rate 0) at 2018.08.24-19.49.41
[2018.08.24-07.49.41:787][767]LogWorld: Bringing up level for play took: 0.003162
[2018.08.24-07.49.41:827][767]LogContentBrowser: Native class hierarchy updated for 'MovieSceneCapture' in 0.0002 seconds. Added 10 classes and 0 folders.
[2018.08.24-07.49.41:884][767]PIE: Play in editor start time for /Game/Maps/UEDPIE_0_MainMenu 1.698
[2018.08.24-07.49.41:885][767]LogBlueprintUserMessages: Late PlayInEditor Detection: Level '/Game/Maps/MainMenu.MainMenu:PersistentLevel' has LevelScriptBlueprint '/Game/Maps/MainMenu.MainMenu:PersistentLevel.MainMenu' with GeneratedClass '/Game/Maps/MainMenu.MainMenu_C' with ClassGeneratedBy '/Game/Maps/MainMenu.MainMenu:PersistentLevel.MainMenu'
[2018.08.24-07.49.41:929][767]LogRenderer: Reallocating scene render targets to support 1292x756 Format 10 NumSamples 1 (Frame:1).
[2018.08.24-07.50.18:582][158]LogSlate: Updating window title bar state: overlay mode, drag disabled, window buttons hidden, title bar hidden
[2018.08.24-07.50.18:583][158]LogBlueprintUserMessages: Early EndPlayMap Detection: Level '/Game/Maps/MainMenu.MainMenu:PersistentLevel' has LevelScriptBlueprint '/Game/Maps/MainMenu.MainMenu:PersistentLevel.MainMenu' with GeneratedClass '/Game/Maps/MainMenu.MainMenu_C' with ClassGeneratedBy '/Game/Maps/MainMenu.MainMenu:PersistentLevel.MainMenu'
[2018.08.24-07.50.18:592][158]LogSlate: Window 'FPSMultiPlayerBP Game Preview Standalone (64-bit/PCD3D_SM5)' being destroyed
[2018.08.24-07.50.18:630][158]LogPlayLevel: Display: Shutting down PIE online subsystems
[2018.08.24-07.50.18:630][158]LogBlueprintUserMessages: Late EndPlayMap Detection: Level '/Game/Maps/MainMenu.MainMenu:PersistentLevel' has LevelScriptBlueprint '/Game/Maps/MainMenu.MainMenu:PersistentLevel.MainMenu' with GeneratedClass '/Game/Maps/MainMenu.MainMenu_C' with ClassGeneratedBy '/Game/Maps/MainMenu.MainMenu:PersistentLevel.MainMenu'
[2018.08.24-07.50.18:687][159]LogPlayLevel: Display: Destroying online subsystem :Context_1
[2018.08.24-07.50.21:848][538]LogTemp: Repeating last play command: New Editor Window (PIE)
[2018.08.24-07.50.21:858][538]LogBlueprintUserMessages: Early PlayInEditor Detection: Level '/Game/Maps/MainMenu.MainMenu:PersistentLevel' has LevelScriptBlueprint '/Game/Maps/MainMenu.MainMenu:PersistentLevel.MainMenu' with GeneratedClass '/Game/Maps/MainMenu.MainMenu_C' with ClassGeneratedBy '/Game/Maps/MainMenu.MainMenu:PersistentLevel.MainMenu'
[2018.08.24-07.50.21:858][538]LogPlayLevel: PlayLevel: No blueprints needed recompiling
[2018.08.24-07.50.21:858][538]PIE: New page: PIE session: MainMenu (25/08/2018 7:50:21 am)
[2018.08.24-07.50.21:859][538]LogPlayLevel: Creating play world package: /Game/Maps/UEDPIE_0_MainMenu
[2018.08.24-07.50.21:859][538]LogPlayLevel: PIE: StaticDuplicateObject took: (0.000685s)
[2018.08.24-07.50.21:860][538]LogAIModule: Creating AISystem for world MainMenu
[2018.08.24-07.50.21:860][538]LogPlayLevel: PIE: World Init took: (0.000464s)
[2018.08.24-07.50.21:860][538]LogPlayLevel: PIE: Created PIE world by copying editor world from /Game/Maps/MainMenu.MainMenu to /Game/Maps/UEDPIE_0_MainMenu.MainMenu (0.001233s)
[2018.08.24-07.50.21:906][538]LogInit: XAudio2 using '3 - SAMSUNG (AMD High Definition Audio Device)' : 2 channels at 48 kHz using 16 bits per sample (channel mask 0x3)
[2018.08.24-07.50.21:916][538]LogInit: FAudioDevice initialized.
[2018.08.24-07.50.21:983][538]LogSlate: Updating window title bar state: overlay mode, drag disabled, window buttons hidden, title bar hidden
[2018.08.24-07.50.22:152][538]LogLoad: Game class is 'ThirdPersonGameMode_C'
[2018.08.24-07.50.22:153][538]LogWorld: Bringing World /Game/Maps/UEDPIE_0_MainMenu.MainMenu up for play (max tick rate 0) at 2018.08.24-19.50.22
[2018.08.24-07.50.22:153][538]LogWorld: Bringing up level for play took: 0.000458
[2018.08.24-07.50.22:169][538]PIE: Play in editor start time for /Game/Maps/UEDPIE_0_MainMenu -0.017
[2018.08.24-07.50.22:170][538]LogBlueprintUserMessages: Late PlayInEditor Detection: Level '/Game/Maps/MainMenu.MainMenu:PersistentLevel' has LevelScriptBlueprint '/Game/Maps/MainMenu.MainMenu:PersistentLevel.MainMenu' with GeneratedClass '/Game/Maps/MainMenu.MainMenu_C' with ClassGeneratedBy '/Game/Maps/MainMenu.MainMenu:PersistentLevel.MainMenu'
[2018.08.24-07.50.24:610][824]LogSlate: Window 'FPSMultiPlayerBP Game Preview Standalone (64-bit/PCD3D_SM5)' being destroyed
[2018.08.24-07.50.24:613][824]LogBlueprintUserMessages: Early EndPlayMap Detection: Level '/Game/Maps/MainMenu.MainMenu:PersistentLevel' has LevelScriptBlueprint '/Game/Maps/MainMenu.MainMenu:PersistentLevel.MainMenu' with GeneratedClass '/Game/Maps/MainMenu.MainMenu_C' with ClassGeneratedBy '/Game/Maps/MainMenu.MainMenu:PersistentLevel.MainMenu'
[2018.08.24-07.50.24:641][824]LogPlayLevel: Display: Shutting down PIE online subsystems
[2018.08.24-07.50.24:641][824]LogBlueprintUserMessages: Late EndPlayMap Detection: Level '/Game/Maps/MainMenu.MainMenu:PersistentLevel' has LevelScriptBlueprint '/Game/Maps/MainMenu.MainMenu:PersistentLevel.MainMenu' with GeneratedClass '/Game/Maps/MainMenu.MainMenu_C' with ClassGeneratedBy '/Game/Maps/MainMenu.MainMenu:PersistentLevel.MainMenu'
[2018.08.24-07.50.24:707][829]LogPlayLevel: Display: Destroying online subsystem :Context_2
[2018.08.24-07.50.56:193][391]LogTemp: Repeating last play command: New Editor Window (PIE)
[2018.08.24-07.50.56:202][391]LogBlueprintUserMessages: Early PlayInEditor Detection: Level '/Game/Maps/MainMenu.MainMenu:PersistentLevel' has LevelScriptBlueprint '/Game/Maps/MainMenu.MainMenu:PersistentLevel.MainMenu' with GeneratedClass '/Game/Maps/MainMenu.MainMenu_C' with ClassGeneratedBy '/Game/Maps/MainMenu.MainMenu:PersistentLevel.MainMenu'
[2018.08.24-07.50.56:202][391]LogPlayLevel: PlayLevel: No blueprints needed recompiling
[2018.08.24-07.50.56:202][391]PIE: New page: PIE session: MainMenu (25/08/2018 7:50:56 am)
[2018.08.24-07.50.56:202][391]LogPlayLevel: Creating play world package: /Game/Maps/UEDPIE_0_MainMenu
[2018.08.24-07.50.56:203][391]LogPlayLevel: PIE: StaticDuplicateObject took: (0.000666s)
[2018.08.24-07.50.56:203][391]LogAIModule: Creating AISystem for world MainMenu
[2018.08.24-07.50.56:203][391]LogPlayLevel: PIE: World Init took: (0.000456s)
[2018.08.24-07.50.56:203][391]LogPlayLevel: PIE: Created PIE world by copying editor world from /Game/Maps/MainMenu.MainMenu to /Game/Maps/UEDPIE_0_MainMenu.MainMenu (0.001201s)
[2018.08.24-07.50.56:249][391]LogInit: XAudio2 using '3 - SAMSUNG (AMD High Definition Audio Device)' : 2 channels at 48 kHz using 16 bits per sample (channel mask 0x3)
[2018.08.24-07.50.56:259][391]LogInit: FAudioDevice initialized.
[2018.08.24-07.50.56:328][391]LogSlate: Updating window title bar state: overlay mode, drag disabled, window buttons hidden, title bar hidden
[2018.08.24-07.50.56:487][391]LogLoad: Game class is 'ThirdPersonGameMode_C'
[2018.08.24-07.50.56:487][391]LogWorld: Bringing World /Game/Maps/UEDPIE_0_MainMenu.MainMenu up for play (max tick rate 0) at 2018.08.24-19.50.56
[2018.08.24-07.50.56:487][391]LogWorld: Bringing up level for play took: 0.000251
[2018.08.24-07.50.56:503][391]PIE: Play in editor start time for /Game/Maps/UEDPIE_0_MainMenu 0.318
[2018.08.24-07.50.56:504][391]LogBlueprintUserMessages: Late PlayInEditor Detection: Level '/Game/Maps/MainMenu.MainMenu:PersistentLevel' has LevelScriptBlueprint '/Game/Maps/MainMenu.MainMenu:PersistentLevel.MainMenu' with GeneratedClass '/Game/Maps/MainMenu.MainMenu_C' with ClassGeneratedBy '/Game/Maps/MainMenu.MainMenu:PersistentLevel.MainMenu'
[2018.08.24-07.51.27:515][102]LogInit: WinSock: I am Ranju (192.168.1.154:0)
[2018.08.24-07.51.27:520][102]LogNet: Browse: /Game/Maps/Lobby?listen
[2018.08.24-07.51.27:521][102]LogLoad: LoadMap: /Game/Maps/Lobby?listen
[2018.08.24-07.51.27:714][102]LogTexture: Display: Building textures: T_CharM_Base_N (BC5, 1024X1024)
[2018.08.24-07.51.27:714][102]LogTexture: Display: Building textures: T_CharM_Base_M (AutoDXT, 1024X1024)
[2018.08.24-07.51.27:714][102]LogAnimationCompression: Building Anim DDC data for AnimSequence /Game/InfinityBladeWarriors/Animation/ThirdPersonWalk.ThirdPersonWalk
[2018.08.24-07.51.27:716][102]LogAnimationCompression: Recompressing (AnimSequence /Game/InfinityBladeWarriors/Animation/ThirdPersonWalk.ThirdPersonWalk) using current/default (AnimCompress_RemoveLinearKeys_1) bFirstRecompressUsingCurrentOrDefault(1) bTryAlternateCompressor(0) IsCompressedDataValid(0)
[2018.08.24-07.51.27:764][102]LogTexture: Display: Building textures: T_CharM_Base_D (DXT1, 1024X1024)
[2018.08.24-07.51.27:764][102]LogAnimationCompression: Building Anim DDC data for AnimSequence /Game/InfinityBladeWarriors/Animation/ThirdPerson_Jump.ThirdPerson_Jump
[2018.08.24-07.51.27:764][102]LogAnimationCompression: Recompressing (AnimSequence /Game/InfinityBladeWarriors/Animation/ThirdPerson_Jump.ThirdPerson_Jump) using current/default (AnimCompress_RemoveLinearKeys_3) bFirstRecompressUsingCurrentOrDefault(1) bTryAlternateCompressor(0) IsCompressedDataValid(0)
[2018.08.24-07.51.27:772][102]LogAnimationCompression: Building Anim DDC data for AnimSequence /Game/InfinityBladeWarriors/Animation/ThirdPersonJump_Loop.ThirdPersonJump_Loop
[2018.08.24-07.51.27:772][102]LogAnimationCompression: Recompressing (AnimSequence /Game/InfinityBladeWarriors/Animation/ThirdPersonJump_Loop.ThirdPersonJump_Loop) using current/default (AnimCompress_RemoveLinearKeys_3) bFirstRecompressUsingCurrentOrDefault(1) bTryAlternateCompressor(0) IsCompressedDataValid(0)
[2018.08.24-07.51.27:793][102]LogSkeletalMesh: Building Skeletal Mesh sk_CharM_Base...
[2018.08.24-07.51.27:801][102]LogSkeletalMesh: Built Skeletal Mesh [0.01s] /Game/InfinityBladeWarriors/Character/CompleteCharacters/sk_CharM_Base.sk_CharM_Base
[2018.08.24-07.51.27:864][102]LogMaterial: Display: Missing cached shader map for material M_CharM_Base, compiling. 
[2018.08.24-07.51.27:926][102]LogAnimationCompression: Building Anim DDC data for AnimSequence /Game/InfinityBladeWarriors/Animation/ThirdPersonIdle.ThirdPersonIdle
[2018.08.24-07.51.27:926][102]LogAnimationCompression: Recompressing (AnimSequence /Game/InfinityBladeWarriors/Animation/ThirdPersonIdle.ThirdPersonIdle) using current/default (AnimCompress_RemoveLinearKeys_2) bFirstRecompressUsingCurrentOrDefault(1) bTryAlternateCompressor(0) IsCompressedDataValid(0)
[2018.08.24-07.51.28:000][102]LogShaderCompilers: Display: Shaders left to compile 60
[2018.08.24-07.51.28:001][102]LogShaderCompilers: Display: Shaders left to compile 50
[2018.08.24-07.51.28:001][102]LogShaderCompilers: Display: Shaders left to compile 40
[2018.08.24-07.51.28:001][102]LogShaderCompilers: Display: Shaders left to compile 30
[2018.08.24-07.51.28:001][102]LogShaderCompilers: Display: Shaders left to compile 20
[2018.08.24-07.51.28:001][102]LogShaderCompilers: Display: Shaders left to compile 10
[2018.08.24-07.51.28:001][102]LogAnimationCompression: Building Anim DDC data for AnimSequence /Game/InfinityBladeWarriors/Animation/ThirdPersonRun.ThirdPersonRun
[2018.08.24-07.51.28:001][102]LogAnimationCompression: Recompressing (AnimSequence /Game/InfinityBladeWarriors/Animation/ThirdPersonRun.ThirdPersonRun) using current/default (AnimCompress_RemoveLinearKeys_1) bFirstRecompressUsingCurrentOrDefault(1) bTryAlternateCompressor(0) IsCompressedDataValid(0)
[2018.08.24-07.51.28:017][102]LogAnimationCompression: Building Anim DDC data for AnimSequence /Game/InfinityBladeWarriors/Animation/ThirdPersonJump_Start.ThirdPersonJump_Start
[2018.08.24-07.51.28:017][102]LogAnimationCompression: Recompressing (AnimSequence /Game/InfinityBladeWarriors/Animation/ThirdPersonJump_Start.ThirdPersonJump_Start) using current/default (AnimCompress_RemoveLinearKeys_2) bFirstRecompressUsingCurrentOrDefault(1) bTryAlternateCompressor(0) IsCompressedDataValid(0)
[2018.08.24-07.51.28:467][102]LogAIModule: Creating AISystem for world Lobby
[2018.08.24-07.51.28:467][102]LogLoad: Game class is 'LobbyGM_C'
[2018.08.24-07.51.28:469][102]LogTemp: Display: ParseSettings for GameNetDriver
[2018.08.24-07.51.28:471][102]LogTemp: Display: ParseSettings for IpNetDriver_0
[2018.08.24-07.51.28:471][102]LogTemp: Display: ParseSettings for GameNetDriver
[2018.08.24-07.51.28:473][102]LogNet: ReplicationDriverClass is null! Not using ReplicationDriver.
[2018.08.24-07.51.28:473][102]LogInit: WinSock: Socket queue 131072 / 131072
[2018.08.24-07.51.28:474][102]PacketHandlerLog: Loaded PacketHandler component: Engine.EngineHandlerComponentFactory (StatelessConnectHandlerComponent)
[2018.08.24-07.51.28:476][102]LogNet: GameNetDriver IpNetDriver_0 IpNetDriver listening on port 7777
[2018.08.24-07.51.28:478][102]LogWorld: Bringing World /Game/Maps/UEDPIE_0_Lobby.Lobby up for play (max tick rate 0) at 2018.08.24-19.51.28
[2018.08.24-07.51.28:480][102]LogWorld: Bringing up level for play took: 0.002886
[2018.08.24-07.51.28:484][102]LogGameMode: Display: Match State Changed from EnteringMap to WaitingToStart
[2018.08.24-07.51.28:484][102]LogGameState: Match State Changed from EnteringMap to WaitingToStart
[2018.08.24-07.51.28:485][102]LogGameMode: Display: Match State Changed from WaitingToStart to InProgress
[2018.08.24-07.51.28:489][102]LogGameState: Match State Changed from WaitingToStart to InProgress
[2018.08.24-07.51.28:489][102]LogLoad: Took 0.968276 seconds to LoadMap(/Game/Maps/Lobby)
[2018.08.24-07.51.30:669][351]LogSlate: Window 'FPSMultiPlayerBP Game Preview Standalone (64-bit/PCD3D_SM5)' being destroyed
[2018.08.24-07.51.30:674][351]LogBlueprintUserMessages: Early EndPlayMap Detection: Level '/Game/Maps/MainMenu.MainMenu:PersistentLevel' has LevelScriptBlueprint '/Game/Maps/MainMenu.MainMenu:PersistentLevel.MainMenu' with GeneratedClass '/Game/Maps/MainMenu.MainMenu_C' with ClassGeneratedBy '/Game/Maps/MainMenu.MainMenu:PersistentLevel.MainMenu'
[2018.08.24-07.51.30:705][351]LogPlayLevel: Display: Shutting down PIE online subsystems
[2018.08.24-07.51.30:706][351]LogBlueprintUserMessages: Late EndPlayMap Detection: Level '/Game/Maps/MainMenu.MainMenu:PersistentLevel' has LevelScriptBlueprint '/Game/Maps/MainMenu.MainMenu:PersistentLevel.MainMenu' with GeneratedClass '/Game/Maps/MainMenu.MainMenu_C' with ClassGeneratedBy '/Game/Maps/MainMenu.MainMenu:PersistentLevel.MainMenu'
[2018.08.24-07.51.30:731][351]LogExit: GameNetDriver None shut down
[2018.08.24-07.51.30:763][353]LogPlayLevel: Display: Destroying online subsystem :Context_3
[2018.08.24-07.51.48:322][437]LogAssetEditorManager: Opening Asset editor for Blueprint /Game/Blueprints/Characters/0_Base.0_Base
[2018.08.24-07.51.48:741][437]LogContentBrowser: Native class hierarchy updated for 'BlueprintGraph' in 0.0005 seconds. Added 116 classes and 0 folders.
[2018.08.24-07.51.49:463][437]LogSlate: Took 0.002421 seconds to synchronously load lazily loaded font '../../../Engine/Content/Slate/Fonts/Roboto-BoldCondensed.ttf' (158K)
[2018.08.24-07.52.05:258][297]LogSlate: Took 0.003406 seconds to synchronously load lazily loaded font '../../../Engine/Content/Slate/Fonts/Roboto-Italic.ttf' (157K)
[2018.08.24-07.52.07:673][584]LogSlate: FSceneViewport::OnFocusLost() reason 0
[2018.08.24-07.52.10:402][773]LogTexture: Display: Building textures: T_CharM_Barbarous_MetalMask (DXT1, 2048X2048)
[2018.08.24-07.52.10:402][773]LogTexture: Display: Building textures: T_CharM_Barbarous_N (BC5, 2048X2048)
[2018.08.24-07.52.10:402][773]LogTexture: Display: Building textures: T_CharM_Barbarous_D (DXT1, 2048X2048)
[2018.08.24-07.52.10:402][773]LogMaterial: Display: Missing cached shader map for material M_Char_Barbrous, compiling. 
[2018.08.24-07.52.10:424][773]LogSkeletalMesh: Building Skeletal Mesh SK_CharM_Barbarous...
[2018.08.24-07.52.10:430][773]LogSkeletalMesh: Built Skeletal Mesh [0.01s] /Game/InfinityBladeWarriors/Character/CompleteCharacters/SK_CharM_Barbarous.SK_CharM_Barbarous
[2018.08.24-07.52.10:494][773]LogShaderCompilers: Display: Shaders left to compile 60
[2018.08.24-07.52.10:495][773]LogShaderCompilers: Display: Shaders left to compile 50
[2018.08.24-07.52.10:495][773]LogShaderCompilers: Display: Shaders left to compile 40
[2018.08.24-07.52.10:495][773]LogShaderCompilers: Display: Shaders left to compile 30
[2018.08.24-07.52.10:495][773]LogShaderCompilers: Display: Shaders left to compile 20
[2018.08.24-07.52.10:495][773]LogShaderCompilers: Display: Shaders left to compile 10
[2018.08.24-07.52.10:503][773]LogAssetEditorManager: Opening Asset editor for Blueprint /Game/Blueprints/Characters/Barbarous.Barbarous
[2018.08.24-07.52.13:702][ 87]LogAssetEditorManager: Opening Asset editor for Blueprint /Game/Blueprints/Characters/Barbarous.Barbarous
[2018.08.24-07.52.32:470][295]LogSlate: FSceneViewport::OnFocusLost() reason 0
[2018.08.24-07.52.34:834][565]LogSlate: Window 'FPSMultiPlayerBP - Unreal Editor' being destroyed
[2018.08.24-07.52.34:835][565]LogWindowsTextInputMethodSystem: Display: IME system now deactivated.
[2018.08.24-07.52.35:024][566]Cmd: QUIT_EDITOR
[2018.08.24-07.52.35:423][566]LogExit: Preparing to exit.
[2018.08.24-07.52.36:042][566]LogExit: Editor shut down
[2018.08.24-07.52.36:042][566]LogExit: Transaction tracking system shut down
[2018.08.24-07.52.36:358][566]LogExit: Object subsystem successfully closed.
[2018.08.24-07.52.36:372][566]LogShaderCompilers: Display: Shaders left to compile 0
[2018.08.24-07.52.36:374][566]LogD3D11RHI: Shutdown
[2018.08.24-07.52.36:374][566]LogD3D11RHI: CleanupD3DDevice
[2018.08.24-07.52.36:377][566]LogD3D11RHI: ~FD3D11DynamicRHI
[2018.08.24-07.52.36:410][566]LogModuleManager: Shutting down and abandoning module BlueprintGraph (618)
[2018.08.24-07.52.36:410][566]LogModuleManager: Shutting down and abandoning module MovieSceneCapture (614)
[2018.08.24-07.52.36:410][566]LogModuleManager: Shutting down and abandoning module Voice (612)
[2018.08.24-07.52.36:411][566]LogModuleManager: Shutting down and abandoning module HierarchicalLODOutliner (610)
[2018.08.24-07.52.36:411][566]LogModuleManager: Shutting down and abandoning module SceneOutliner (608)
[2018.08.24-07.52.36:411][566]LogModuleManager: Shutting down and abandoning module AddContentDialog (606)
[2018.08.24-07.52.36:413][566]LogModuleManager: Shutting down and abandoning module WidgetCarousel (605)
[2018.08.24-07.52.36:413][566]LogModuleManager: Shutting down and abandoning module EditorWidgets (602)
[2018.08.24-07.52.36:413][566]LogModuleManager: Shutting down and abandoning module CollectionManager (600)
[2018.08.24-07.52.36:413][566]LogModuleManager: Shutting down and abandoning module StatsViewer (598)
[2018.08.24-07.52.36:413][566]LogModuleManager: Shutting down and abandoning module FoliageEdit (596)
[2018.08.24-07.52.36:413][566]LogModuleManager: Shutting down and abandoning module LandscapeEditor (594)
[2018.08.24-07.52.36:413][566]LogModuleManager: Shutting down and abandoning module MeshPaintMode (592)
[2018.08.24-07.52.36:413][566]LogModuleManager: Shutting down and abandoning module SceneDepthPickerMode (590)
[2018.08.24-07.52.36:413][566]LogModuleManager: Shutting down and abandoning module ActorPickerMode (588)
[2018.08.24-07.52.36:413][566]LogModuleManager: Shutting down and abandoning module GeometryMode (586)
[2018.08.24-07.52.36:413][566]LogModuleManager: Shutting down and abandoning module TextureAlignMode (584)
[2018.08.24-07.52.36:413][566]LogModuleManager: Shutting down and abandoning module BspMode (582)
[2018.08.24-07.52.36:413][566]LogModuleManager: Shutting down and abandoning module PIEPreviewDeviceProfileSelector (580)
[2018.08.24-07.52.36:413][566]LogModuleManager: Shutting down and abandoning module SequenceRecorderSections (578)
[2018.08.24-07.52.36:413][566]LogModuleManager: Shutting down and abandoning module AutomationWorker (576)
[2018.08.24-07.52.36:413][566]LogModuleManager: Shutting down and abandoning module AudioCaptureEditor (574)
[2018.08.24-07.52.36:413][566]LogModuleManager: Shutting down and abandoning module SequenceRecorder (573)
[2018.08.24-07.52.36:413][566]LogModuleManager: Shutting down and abandoning module MatineeToLevelSequence (570)
[2018.08.24-07.52.36:413][566]LogModuleManager: Shutting down and abandoning module LevelSequenceEditor (568)
[2018.08.24-07.52.36:413][566]LogModuleManager: Shutting down and abandoning module PlacementMode (567)
[2018.08.24-07.52.36:413][566]LogModuleManager: Shutting down and abandoning module MaterialEditor (566)
[2018.08.24-07.52.36:413][566]LogModuleManager: Shutting down and abandoning module WmfMediaFactory (562)
[2018.08.24-07.52.36:413][566]LogModuleManager: Shutting down and abandoning module WmfMediaEditor (560)
[2018.08.24-07.52.36:413][566]LogModuleManager: Shutting down and abandoning module MediaPlayerEditor (558)
[2018.08.24-07.52.36:413][566]LogModuleManager: Shutting down and abandoning module OpenExrWrapper (556)
[2018.08.24-07.52.36:413][566]LogModuleManager: Shutting down and abandoning module ImgMediaFactory (554)
[2018.08.24-07.52.36:413][566]LogModuleManager: Shutting down and abandoning module ImgMediaEditor (552)
[2018.08.24-07.52.36:413][566]LogModuleManager: Shutting down and abandoning module AvfMediaFactory (550)
[2018.08.24-07.52.36:413][566]LogModuleManager: Shutting down and abandoning module AvfMediaEditor (548)
[2018.08.24-07.52.36:413][566]LogModuleManager: Shutting down and abandoning module AndroidMediaFactory (546)
[2018.08.24-07.52.36:413][566]LogModuleManager: Shutting down and abandoning module AndroidMediaEditor (544)
[2018.08.24-07.52.36:413][566]LogModuleManager: Shutting down and abandoning module MagicLeapCameraPreviewFactory (542)
[2018.08.24-07.52.36:413][566]LogModuleManager: Shutting down and abandoning module MagicLeapMediaFactory (540)
[2018.08.24-07.52.36:413][566]LogModuleManager: Shutting down and abandoning module MagicLeapMediaEditor (538)
[2018.08.24-07.52.36:413][566]LogModuleManager: Shutting down and abandoning module CharacterAI (536)
[2018.08.24-07.52.36:413][566]LogModuleManager: Shutting down and abandoning module SmartSnapping (534)
[2018.08.24-07.52.36:413][566]LogModuleManager: Shutting down and abandoning module SessionServices (532)
[2018.08.24-07.52.36:413][566]LogModuleManager: Shutting down and abandoning module ViewportSnapping (530)
[2018.08.24-07.52.36:413][566]LogModuleManager: Shutting down and abandoning module ViewportInteraction (528)
[2018.08.24-07.52.36:413][566]LogModuleManager: Shutting down and abandoning module ClothPainter (526)
[2018.08.24-07.52.36:414][566]LogModuleManager: Shutting down and abandoning module SkeletalMeshEditor (525)
[2018.08.24-07.52.36:414][566]LogModuleManager: Shutting down and abandoning module LogVisualizer (522)
[2018.08.24-07.52.36:414][566]LogModuleManager: Shutting down and abandoning module IntroTutorials (520)
[2018.08.24-07.52.36:414][566]LogModuleManager: Shutting down and abandoning module GameProjectGeneration (519)
[2018.08.24-07.52.36:414][566]LogModuleManager: Shutting down and abandoning module LuminPlatformEditor (516)
[2018.08.24-07.52.36:414][566]LogModuleManager: Shutting down and abandoning module IOSPlatformEditor (514)
[2018.08.24-07.52.36:414][566]LogModuleManager: Shutting down and abandoning module HTML5PlatformEditor (512)
[2018.08.24-07.52.36:414][566]LogModuleManager: Shutting down and abandoning module AndroidPlatformEditor (510)
[2018.08.24-07.52.36:414][566]LogModuleManager: Shutting down and abandoning module AndroidDeviceDetection (509)
[2018.08.24-07.52.36:976][566]LogModuleManager: Shutting down and abandoning module WindowsPlatformEditor (506)
[2018.08.24-07.52.36:976][566]LogModuleManager: Shutting down and abandoning module LuminRuntimeSettings (504)
[2018.08.24-07.52.36:976][566]LogModuleManager: Shutting down and abandoning module IOSRuntimeSettings (502)
[2018.08.24-07.52.36:976][566]LogModuleManager: Shutting down and abandoning module AndroidRuntimeSettings (500)
[2018.08.24-07.52.36:976][566]LogModuleManager: Shutting down and abandoning module InputBindingEditor (498)
[2018.08.24-07.52.36:976][566]LogModuleManager: Shutting down and abandoning module MergeActors (496)
[2018.08.24-07.52.36:976][566]LogModuleManager: Shutting down and abandoning module LocalizationDashboard (494)
[2018.08.24-07.52.36:976][566]LogModuleManager: Shutting down and abandoning module LocalizationService (493)
[2018.08.24-07.52.36:976][566]LogModuleManager: Shutting down and abandoning module HardwareTargeting (490)
[2018.08.24-07.52.36:976][566]LogModuleManager: Shutting down and abandoning module DeviceProfileEditor (488)
[2018.08.24-07.52.36:976][566]LogModuleManager: Shutting down and abandoning module UndoHistory (486)
[2018.08.24-07.52.36:976][566]LogModuleManager: Shutting down and abandoning module XmlParser (484)
[2018.08.24-07.52.36:976][566]LogModuleManager: Shutting down and abandoning module Blutility (482)
[2018.08.24-07.52.36:976][566]LogModuleManager: Shutting down and abandoning module ProjectSettingsViewer (480)
[2018.08.24-07.52.36:976][566]LogModuleManager: Shutting down and abandoning module ProjectTargetPlatformEditor (479)
[2018.08.24-07.52.36:976][566]LogModuleManager: Shutting down and abandoning module EditorSettingsViewer (476)
[2018.08.24-07.52.36:977][566]LogModuleManager: Shutting down and abandoning module SettingsEditor (474)
[2018.08.24-07.52.36:977][566]LogModuleManager: Shutting down and abandoning module ProjectLauncher (472)
[2018.08.24-07.52.36:977][566]LogModuleManager: Shutting down and abandoning module SessionFrontend (470)
[2018.08.24-07.52.36:977][566]LogModuleManager: Shutting down and abandoning module ProfilerClient (468)
[2018.08.24-07.52.36:977][566]LogModuleManager: Shutting down and abandoning module DeviceManager (466)
[2018.08.24-07.52.36:977][566]LogModuleManager: Shutting down and abandoning module TargetDeviceServices (465)
[2018.08.24-07.52.37:029][566]LogModuleManager: Shutting down and abandoning module AutomationController (462)
[2018.08.24-07.52.37:029][566]LogModuleManager: Shutting down and abandoning module AutomationWindow (460)
[2018.08.24-07.52.37:029][566]LogModuleManager: Shutting down and abandoning module Layers (458)
[2018.08.24-07.52.37:029][566]LogModuleManager: Shutting down and abandoning module ComponentVisualizers (456)
[2018.08.24-07.52.37:029][566]LogModuleManager: Shutting down and abandoning module DetailCustomizations (454)
[2018.08.24-07.52.37:029][566]LogModuleManager: Shutting down and abandoning module PackagesDialog (452)
[2018.08.24-07.52.37:029][566]LogModuleManager: Shutting down and abandoning module Persona (450)
[2018.08.24-07.52.37:029][566]LogModuleManager: Shutting down and abandoning module AdvancedPreviewScene (449)
[2018.08.24-07.52.37:029][566]LogModuleManager: Shutting down and abandoning module AnimGraph (447)
[2018.08.24-07.52.37:029][566]LogModuleManager: Shutting down and abandoning module Kismet (444)
[2018.08.24-07.52.37:032][566]LogModuleManager: Shutting down and abandoning module GraphEditor (442)
[2018.08.24-07.52.37:032][566]LogModuleManager: Shutting down and abandoning module ClassViewer (440)
[2018.08.24-07.52.37:032][566]LogModuleManager: Shutting down and abandoning module Toolbox (438)
[2018.08.24-07.52.37:032][566]LogModuleManager: Shutting down and abandoning module ModuleUI (436)
[2018.08.24-07.52.37:032][566]LogModuleManager: Shutting down and abandoning module MovieSceneTools (434)
[2018.08.24-07.52.37:032][566]LogModuleManager: Shutting down and abandoning module OutputLog (432)
[2018.08.24-07.52.37:032][566]LogModuleManager: Shutting down and abandoning module GammaUI (430)
[2018.08.24-07.52.37:032][566]LogModuleManager: Shutting down and abandoning module Documentation (428)
[2018.08.24-07.52.37:032][566]LogModuleManager: Shutting down and abandoning module MovieSceneTracks (426)
[2018.08.24-07.52.37:032][566]LogModuleManager: Shutting down and abandoning module MovieScene (424)
[2018.08.24-07.52.37:032][566]LogModuleManager: Shutting down and abandoning module StreamingPauseRendering (422)
[2018.08.24-07.52.37:032][566]LogModuleManager: Shutting down and abandoning module LauncherPlatform (420)
[2018.08.24-07.52.37:032][566]LogModuleManager: Shutting down and abandoning module AnalyticsET (418)
[2018.08.24-07.52.37:032][566]LogModuleManager: Shutting down and abandoning module PortalServices (416)
[2018.08.24-07.52.37:032][566]LogModuleManager: Shutting down and abandoning module PortalRpc (414)
[2018.08.24-07.52.37:032][566]LogModuleManager: Shutting down and abandoning module MessagingRpc (412)
[2018.08.24-07.52.37:032][566]LogModuleManager: Shutting down and abandoning module AIModule (410)
[2018.08.24-07.52.37:032][566]LogModuleManager: Shutting down and abandoning module GameplayDebugger (409)
[2018.08.24-07.52.37:032][566]LogModuleManager: Shutting down and abandoning module AITestSuite (407)
[2018.08.24-07.52.37:032][566]LogModuleManager: Shutting down and abandoning module NavigationSystem (405)
[2018.08.24-07.52.37:032][566]LogModuleManager: Shutting down and abandoning module DesktopPlatform (402)
[2018.08.24-07.52.37:032][566]LogModuleManager: Shutting down and abandoning module ProfilerService (400)
[2018.08.24-07.52.37:142][566]LogModuleManager: Shutting down and abandoning module TaskGraph (398)
[2018.08.24-07.52.37:142][566]LogModuleManager: Shutting down and abandoning module SteamVRController (396)
[2018.08.24-07.52.37:142][566]LogModuleManager: Shutting down and abandoning module ProceduralMeshComponentEditor (394)
[2018.08.24-07.52.37:142][566]LogModuleManager: Shutting down and abandoning module ProceduralMeshComponent (392)
[2018.08.24-07.52.37:142][566]LogModuleManager: Shutting down and abandoning module OculusInput (390)
[2018.08.24-07.52.37:142][566]LogModuleManager: Shutting down and abandoning module MobilePatchingUtils (388)
[2018.08.24-07.52.37:142][566]LogModuleManager: Shutting down and abandoning module EditableMesh (386)
[2018.08.24-07.52.37:142][566]LogModuleManager: Shutting down and abandoning module CustomMeshComponent (384)
[2018.08.24-07.52.37:142][566]LogModuleManager: Shutting down and abandoning module CableComponent (382)
[2018.08.24-07.52.37:142][566]LogModuleManager: Shutting down and abandoning module AudioCapture (380)
[2018.08.24-07.52.37:142][566]LogModuleManager: Shutting down and abandoning module ArchVisCharacter (378)
[2018.08.24-07.52.37:142][566]LogModuleManager: Shutting down and abandoning module AndroidPermission (376)
[2018.08.24-07.52.37:142][566]LogModuleManager: Shutting down and abandoning module NUTUnrealEngine4 (374)
[2018.08.24-07.52.37:142][566]LogModuleManager: Shutting down and abandoning module NetcodeUnitTest (372)
[2018.08.24-07.52.37:142][566]LogModuleManager: Shutting down and abandoning module MediaCompositingEditor (370)
[2018.08.24-07.52.37:142][566]LogModuleManager: Shutting down and abandoning module MediaCompositing (368)
[2018.08.24-07.52.37:142][566]LogModuleManager: Shutting down and abandoning module LinearTimecode (366)
[2018.08.24-07.52.37:142][566]LogModuleManager: Shutting down and abandoning module ImgMedia (364)
[2018.08.24-07.52.37:144][566]LogModuleManager: Shutting down and abandoning module HTML5Networking (362)
[2018.08.24-07.52.37:144][566]LogModuleManager: Shutting down and abandoning module GeometryCacheTracks (360)
[2018.08.24-07.52.37:144][566]LogModuleManager: Shutting down and abandoning module GeometryCacheSequencer (358)
[2018.08.24-07.52.37:144][566]LogModuleManager: Shutting down and abandoning module BackChannel (356)
[2018.08.24-07.52.37:144][566]LogModuleManager: Shutting down and abandoning module AppleVision (354)
[2018.08.24-07.52.37:144][566]LogModuleManager: Shutting down and abandoning module AppleImageUtils (352)
[2018.08.24-07.52.37:144][566]LogModuleManager: Shutting down and abandoning module AlembicImporter (350)
[2018.08.24-07.52.37:144][566]LogModuleManager: Shutting down and abandoning module AlembicLibrary (349)
[2018.08.24-07.52.37:144][566]LogModuleManager: Shutting down and abandoning module GeometryCache (348)
[2018.08.24-07.52.37:144][566]LogModuleManager: Shutting down and abandoning module GeometryCacheEd (347)
[2018.08.24-07.52.37:144][566]LogModuleManager: Shutting down and abandoning module DatasmithContentEditor (342)
[2018.08.24-07.52.37:144][566]LogModuleManager: Shutting down and abandoning module DatasmithContent (340)
[2018.08.24-07.52.37:146][566]LogModuleManager: Shutting down and abandoning module SpeedTreeImporter (338)
[2018.08.24-07.52.37:146][566]LogModuleManager: Shutting down and abandoning module PluginBrowser (336)
[2018.08.24-07.52.37:146][566]LogModuleManager: Shutting down and abandoning module MobileLauncherProfileWizard (334)
[2018.08.24-07.52.37:146][566]LogModuleManager: Shutting down and abandoning module PolygonModeling (332)
[2018.08.24-07.52.37:146][566]LogModuleManager: Shutting down and abandoning module MeshEditor (330)
[2018.08.24-07.52.37:146][566]LogModuleManager: Shutting down and abandoning module CryptoKeysOpenSSL (328)
[2018.08.24-07.52.37:146][566]LogModuleManager: Shutting down and abandoning module CryptoKeys (326)
[2018.08.24-07.52.37:146][566]LogModuleManager: Shutting down and abandoning module VisualStudioSourceCodeAccess (324)
[2018.08.24-07.52.37:146][566]LogModuleManager: Shutting down and abandoning module VisualStudioCodeSourceCodeAccess (322)
[2018.08.24-07.52.37:146][566]LogModuleManager: Shutting down and abandoning module UObjectPlugin (320)
[2018.08.24-07.52.37:146][566]LogModuleManager: Shutting down and abandoning module SubversionSourceControl (318)
[2018.08.24-07.52.37:146][566]LogModuleManager: Shutting down and abandoning module PerforceSourceControl (316)
[2018.08.24-07.52.37:146][566]LogModuleManager: Shutting down and abandoning module GitSourceControl (314)
[2018.08.24-07.52.37:146][566]LogModuleManager: Shutting down and abandoning module SourceControl (313)
[2018.08.24-07.52.37:146][566]LogModuleManager: Shutting down and abandoning module CLionSourceCodeAccess (310)
[2018.08.24-07.52.37:146][566]LogModuleManager: Shutting down and abandoning module LightPropagationVolumeEditor (308)
[2018.08.24-07.52.37:146][566]LogModuleManager: Shutting down and abandoning module PaperTiledImporter (306)
[2018.08.24-07.52.37:146][566]LogModuleManager: Shutting down and abandoning module PaperSpriteSheetImporter (304)
[2018.08.24-07.52.37:146][566]LogModuleManager: Shutting down and abandoning module Paper2DEditor (302)
[2018.08.24-07.52.37:146][566]LogModuleManager: Shutting down and abandoning module MeshPaint (301)
[2018.08.24-07.52.37:146][566]LogModuleManager: Shutting down and abandoning module RuntimePhysXCooking (298)
[2018.08.24-07.52.37:146][566]LogModuleManager: Shutting down and abandoning module PhysXVehiclesEditor (296)
[2018.08.24-07.52.37:146][566]LogModuleManager: Shutting down and abandoning module PhysXVehicles (294)
[2018.08.24-07.52.37:146][566]LogModuleManager: Shutting down and abandoning module OculusEditor (292)
[2018.08.24-07.52.37:146][566]LogModuleManager: Shutting down and abandoning module LocationServicesBPLibrary (290)
[2018.08.24-07.52.37:146][566]LogModuleManager: Shutting down and abandoning module ImmediatePhysicsEditor (288)
[2018.08.24-07.52.37:146][566]LogModuleManager: Shutting down and abandoning module ImmediatePhysics (286)
[2018.08.24-07.52.37:146][566]LogModuleManager: Shutting down and abandoning module ActorSequence (284)
[2018.08.24-07.52.37:146][566]LogModuleManager: Shutting down and abandoning module UdpMessaging (282)
[2018.08.24-07.52.37:247][566]LogModuleManager: Shutting down and abandoning module TcpMessaging (280)
[2018.08.24-07.52.37:348][566]LogModuleManager: Shutting down and abandoning module MagicLeapAudio (278)
[2018.08.24-07.52.37:348][566]LogModuleManager: Shutting down and abandoning module GameplayTagsEditor (276)
[2018.08.24-07.52.37:348][566]LogModuleManager: Shutting down and abandoning module FacialAnimationEditor (274)
[2018.08.24-07.52.37:348][566]LogModuleManager: Shutting down and abandoning module FacialAnimation (272)
[2018.08.24-07.52.37:348][566]LogModuleManager: Shutting down and abandoning module DataValidation (270)
[2018.08.24-07.52.37:348][566]LogModuleManager: Shutting down and abandoning module AssetManagerEditor (268)
[2018.08.24-07.52.37:348][566]LogModuleManager: Shutting down and abandoning module LevelEditor (267)
[2018.08.24-07.52.37:348][566]LogModuleManager: Shutting down and abandoning module PixelInspectorModule (266)
[2018.08.24-07.52.37:349][566]LogModuleManager: Shutting down and abandoning module CommonMenuExtensions (264)
[2018.08.24-07.52.37:349][566]LogModuleManager: Shutting down and abandoning module MainFrame (262)
[2018.08.24-07.52.37:349][566]LogModuleManager: Shutting down and abandoning module HotReload (261)
[2018.08.24-07.52.37:349][566]LogModuleManager: Shutting down and abandoning module ContentBrowser (257)
[2018.08.24-07.52.37:350][566]LogModuleManager: Shutting down and abandoning module TreeMap (255)
[2018.08.24-07.52.37:350][566]LogModuleManager: Shutting down and abandoning module LightPropagationVolumeRuntime (252)
[2018.08.24-07.52.37:350][566]LogModuleManager: Shutting down and abandoning module AISupportModule (250)
[2018.08.24-07.52.37:350][566]LogModuleManager: Shutting down and abandoning module Paper2D (248)
[2018.08.24-07.52.37:350][566]LogModuleManager: Shutting down and abandoning module WindowsMoviePlayer (246)
[2018.08.24-07.52.37:350][566]LogModuleManager: Shutting down and abandoning module WmfMedia (244)
[2018.08.24-07.52.37:351][566]LogModuleManager: Shutting down and abandoning module Media (243)
[2018.08.24-07.52.37:357][566]LogModuleManager: Shutting down and abandoning module PacketHandler (240)
[2018.08.24-07.52.37:357][566]LogModuleManager: Shutting down and abandoning module ClothingSystemEditor (238)
[2018.08.24-07.52.37:357][566]LogModuleManager: Shutting down and abandoning module ClothingSystemRuntime (236)
[2018.08.24-07.52.37:357][566]LogModuleManager: Shutting down and abandoning module MediaAssets (234)
[2018.08.24-07.52.37:357][566]LogModuleManager: Shutting down and abandoning module Overlay (232)
[2018.08.24-07.52.37:357][566]LogModuleManager: Shutting down and abandoning module OverlayEditor (231)
[2018.08.24-07.52.37:357][566]LogModuleManager: Shutting down and abandoning module VREditor (228)
[2018.08.24-07.52.37:357][566]LogModuleManager: Shutting down and abandoning module StringTableEditor (226)
[2018.08.24-07.52.37:357][566]LogModuleManager: Shutting down and abandoning module GameplayTasksEditor (224)
[2018.08.24-07.52.37:357][566]LogModuleManager: Shutting down and abandoning module BehaviorTreeEditor (222)
[2018.08.24-07.52.37:357][566]LogModuleManager: Shutting down and abandoning module FunctionalTesting (220)
[2018.08.24-07.52.37:357][566]LogModuleManager: Shutting down and abandoning module CollisionAnalyzer (218)
[2018.08.24-07.52.37:357][566]LogModuleManager: Shutting down and abandoning module WorkspaceMenuStructure (217)
[2018.08.24-07.52.37:358][566]LogModuleManager: Shutting down and abandoning module UMG (214)
[2018.08.24-07.52.37:358][566]LogModuleManager: Shutting down and abandoning module UMGEditor (213)
[2018.08.24-07.52.37:358][566]LogModuleManager: Shutting down and abandoning module Sequencer (212)
[2018.08.24-07.52.37:358][566]LogModuleManager: Shutting down and abandoning module MessageLog (209)
[2018.08.24-07.52.37:358][566]LogModuleManager: Shutting down and abandoning module SlateReflector (204)
[2018.08.24-07.52.37:358][566]LogModuleManager: Shutting down and abandoning module Slate (202)
[2018.08.24-07.52.37:358][566]LogModuleManager: Shutting down and abandoning module EditorStyle (200)
[2018.08.24-07.52.37:360][566]LogModuleManager: Shutting down and abandoning module MRMesh (198)
[2018.08.24-07.52.37:360][566]LogModuleManager: Shutting down and abandoning module SourceCodeAccess (196)
[2018.08.24-07.52.37:360][566]LogModuleManager: Shutting down and abandoning module HeadMountedDisplay (194)
[2018.08.24-07.52.37:360][566]LogModuleManager: Shutting down and abandoning module XAudio2 (192)
[2018.08.24-07.52.37:360][566]LogModuleManager: Shutting down and abandoning module Networking (190)
[2018.08.24-07.52.37:360][566]LogModuleManager: Shutting down and abandoning module Core (188)
[2018.08.24-07.52.37:360][566]LogModuleManager: Shutting down and abandoning module LevelSequence (186)
[2018.08.24-07.52.37:360][566]LogModuleManager: Shutting down and abandoning module KismetCompiler (184)
[2018.08.24-07.52.37:360][566]LogModuleManager: Shutting down and abandoning module MeshUtilities (182)
[2018.08.24-07.52.37:360][566]LogModuleManager: Shutting down and abandoning module MeshMergeUtilities (181)
[2018.08.24-07.52.37:360][566]LogModuleManager: Shutting down and abandoning module MeshReductionInterface (180)
[2018.08.24-07.52.37:360][566]LogModuleManager: Shutting down and abandoning module SimplygonSwarm (179)
[2018.08.24-07.52.37:360][566]LogModuleManager: Shutting down and abandoning module ProxyLODMeshReduction (177)
[2018.08.24-07.52.37:360][566]LogModuleManager: Shutting down and abandoning module SimplygonMeshReduction (175)
[2018.08.24-07.52.37:360][566]LogModuleManager: Shutting down and abandoning module QuadricMeshReduction (173)
[2018.08.24-07.52.37:360][566]LogModuleManager: Shutting down and abandoning module MaterialBaking (169)
[2018.08.24-07.52.37:360][566]LogModuleManager: Shutting down and abandoning module DirectoryWatcher (165)
[2018.08.24-07.52.37:360][566]LogModuleManager: Shutting down and abandoning module DerivedDataCache (162)
[2018.08.24-07.52.37:375][566]LogDerivedDataCache: Shutdown
[2018.08.24-07.52.37:375][566]LogModuleManager: Shutting down and abandoning module XGEController (160)
[2018.08.24-07.52.37:376][566]LogModuleManager: Shutting down and abandoning module TargetPlatform (158)
[2018.08.24-07.52.37:376][566]LogModuleManager: Shutting down and abandoning module VulkanShaderFormat (157)
[2018.08.24-07.52.37:376][566]LogModuleManager: Shutting down and abandoning module ShaderFormatVectorVM (155)
[2018.08.24-07.52.37:376][566]LogModuleManager: Shutting down and abandoning module ShaderFormatOpenGL (153)
[2018.08.24-07.52.37:376][566]LogModuleManager: Shutting down and abandoning module ShaderFormatD3D (151)
[2018.08.24-07.52.37:376][566]LogModuleManager: Shutting down and abandoning module MetalShaderFormat (149)
[2018.08.24-07.52.37:376][566]LogModuleManager: Shutting down and abandoning module TextureFormatUncompressed (147)
[2018.08.24-07.52.37:376][566]LogModuleManager: Shutting down and abandoning module TextureFormatPVR (145)
[2018.08.24-07.52.37:376][566]LogModuleManager: Shutting down and abandoning module TextureFormatDXT (143)
[2018.08.24-07.52.37:376][566]LogModuleManager: Shutting down and abandoning module TextureFormatIntelISPCTexComp (141)
[2018.08.24-07.52.37:376][566]LogModuleManager: Shutting down and abandoning module TextureFormatASTC (139)
[2018.08.24-07.52.37:376][566]LogModuleManager: Shutting down and abandoning module ImageWrapper (138)
[2018.08.24-07.52.37:376][566]LogModuleManager: Shutting down and abandoning module TextureFormatAndroid (135)
[2018.08.24-07.52.37:376][566]LogModuleManager: Shutting down and abandoning module AudioFormatOpus (133)
[2018.08.24-07.52.37:376][566]LogModuleManager: Shutting down and abandoning module AudioFormatOgg (131)
[2018.08.24-07.52.37:376][566]LogModuleManager: Shutting down and abandoning module AudioFormatADPCM (129)
[2018.08.24-07.52.37:376][566]LogModuleManager: Shutting down and abandoning module LuminTargetPlatform (127)
[2018.08.24-07.52.37:376][566]LogModuleManager: Shutting down and abandoning module LinuxTargetPlatform (125)
[2018.08.24-07.52.37:376][566]LogModuleManager: Shutting down and abandoning module LinuxServerTargetPlatform (123)
[2018.08.24-07.52.37:376][566]LogModuleManager: Shutting down and abandoning module LinuxNoEditorTargetPlatform (121)
[2018.08.24-07.52.37:377][566]LogModuleManager: Shutting down and abandoning module LinuxClientTargetPlatform (119)
[2018.08.24-07.52.37:377][566]LogModuleManager: Shutting down and abandoning module TVOSTargetPlatform (117)
[2018.08.24-07.52.37:378][566]LogModuleManager: Shutting down and abandoning module Messaging (115)
[2018.08.24-07.52.37:378][566]LogModuleManager: Shutting down and abandoning module IOSTargetPlatform (113)
[2018.08.24-07.52.37:380][566]LogModuleManager: Shutting down and abandoning module HTML5TargetPlatform (111)
[2018.08.24-07.52.37:380][566]LogModuleManager: Shutting down and abandoning module AndroidTargetPlatform (109)
[2018.08.24-07.52.37:393][566]LogModuleManager: Shutting down and abandoning module WindowsTargetPlatform (107)
[2018.08.24-07.52.37:393][566]LogModuleManager: Shutting down and abandoning module WindowsServerTargetPlatform (105)
[2018.08.24-07.52.37:394][566]LogModuleManager: Shutting down and abandoning module WindowsNoEditorTargetPlatform (103)
[2018.08.24-07.52.37:394][566]LogModuleManager: Shutting down and abandoning module WindowsClientTargetPlatform (101)
[2018.08.24-07.52.37:394][566]LogModuleManager: Shutting down and abandoning module MacTargetPlatform (99)
[2018.08.24-07.52.37:394][566]LogModuleManager: Shutting down and abandoning module MacServerTargetPlatform (97)
[2018.08.24-07.52.37:394][566]LogModuleManager: Shutting down and abandoning module MacNoEditorTargetPlatform (95)
[2018.08.24-07.52.37:394][566]LogModuleManager: Shutting down and abandoning module MacClientTargetPlatform (93)
[2018.08.24-07.52.37:394][566]LogModuleManager: Shutting down and abandoning module AllDesktopTargetPlatform (91)
[2018.08.24-07.52.37:394][566]LogModuleManager: Shutting down and abandoning module InputCore (88)
[2018.08.24-07.52.37:394][566]LogModuleManager: Shutting down and abandoning module Settings (86)
[2018.08.24-07.52.37:394][566]LogModuleManager: Shutting down and abandoning module PhysXCooking (84)
[2018.08.24-07.52.37:394][566]LogModuleManager: Shutting down and abandoning module SteamVR (82)
[2018.08.24-07.52.37:394][566]LogModuleManager: Shutting down and abandoning module OculusHMD (80)
[2018.08.24-07.52.37:394][566]LogModuleManager: Shutting down and abandoning module ExampleDeviceProfileSelector (78)
[2018.08.24-07.52.37:394][566]LogModuleManager: Shutting down and abandoning module LauncherChunkInstaller (76)
[2018.08.24-07.52.37:394][566]LogModuleManager: Shutting down and abandoning module OnlineBlueprintSupport (74)
[2018.08.24-07.52.37:394][566]LogModuleManager: Shutting down and abandoning module OnlineSubsystem (70)
[2018.08.24-07.52.37:395][566]LogModuleManager: Shutting down and abandoning module XMPP (65)
[2018.08.24-07.52.37:396][566]LogModuleManager: Shutting down and abandoning module WebSockets (64)
[2018.08.24-07.52.37:425][566]LogModuleManager: Shutting down and abandoning module HTTP (61)
[2018.08.24-07.52.37:425][566]LogHttp: Display: Http module shutting down, but needs to wait on 1 outstanding Http requests:
[2018.08.24-07.52.37:425][566]LogHttp: Display: 	verb=[POST] url=[https://datarouter.ol.epicgames.com/datarouter/api/v1/public/data?SessionID=%7BD32031F7-4099-10D9-79A3-B7956817DB47%7D&AppID=UEEditor.Rocket.Release&AppVersion=4.20.1-4233996%2B%2B%2BUE4%2BRelease-4.20&UserID=60126146472dd91d38ee7b98834ea182%7C08792cf5e0cd451eb35aca10518a0cb2%7C002ce705-2a9c-4328-bd94-79c34e427472&AppEnvironment=datacollector-binary&UploadType=eteventstream] status=Processing
[2018.08.24-07.52.37:429][566]LogModuleManager: Shutting down and abandoning module SSL (60)
[2018.08.24-07.52.37:432][566]LogModuleManager: Shutting down and abandoning module MagicLeapEmulator (56)
[2018.08.24-07.52.37:433][566]LogModuleManager: Shutting down and abandoning module MagicLeapPrivileges (54)
[2018.08.24-07.52.37:433][566]LogModuleManager: Shutting down and abandoning module MagicLeapIdentity (52)
[2018.08.24-07.52.37:433][566]LogModuleManager: Shutting down and abandoning module MagicLeapHelperVulkan (50)
[2018.08.24-07.52.37:433][566]LogModuleManager: Shutting down and abandoning module MagicLeapHelperOpenGL (48)
[2018.08.24-07.52.37:433][566]LogModuleManager: Shutting down and abandoning module MagicLeapSecureStorage (46)
[2018.08.24-07.52.37:433][566]LogModuleManager: Shutting down and abandoning module MagicLeapGestures (44)
[2018.08.24-07.52.37:433][566]LogModuleManager: Shutting down and abandoning module MagicLeapEyeTracker (42)
[2018.08.24-07.52.37:433][566]LogModuleManager: Shutting down and abandoning module MagicLeapController (40)
[2018.08.24-07.52.37:433][566]LogSlate: Slate User Destroyed.  User Index 0, Is Virtual User: 0
[2018.08.24-07.52.37:433][566]LogModuleManager: Shutting down and abandoning module MagicLeap (38)
[2018.08.24-07.52.37:433][566]LogModuleManager: Shutting down and abandoning module AnimationModifiers (36)
[2018.08.24-07.52.37:434][566]LogModuleManager: Shutting down and abandoning module PropertyEditor (35)
[2018.08.24-07.52.37:434][566]LogModuleManager: Shutting down and abandoning module AudioEditor (32)
[2018.08.24-07.52.37:434][566]LogModuleManager: Shutting down and abandoning module TextureCompressor (30)
[2018.08.24-07.52.37:434][566]LogModuleManager: Shutting down and abandoning module ShaderCore (28)
[2018.08.24-07.52.37:434][566]LogModuleManager: Shutting down and abandoning module Landscape (26)
[2018.08.24-07.52.37:434][566]LogModuleManager: Shutting down and abandoning module SlateRHIRenderer (24)
[2018.08.24-07.52.37:435][566]LogModuleManager: Shutting down and abandoning module OpenGLDrv (22)
[2018.08.24-07.52.37:435][566]LogModuleManager: Shutting down and abandoning module D3D11RHI (20)
[2018.08.24-07.52.37:435][566]LogModuleManager: Shutting down and abandoning module AnimGraphRuntime (18)
[2018.08.24-07.52.37:435][566]LogModuleManager: Shutting down and abandoning module Renderer (16)
[2018.08.24-07.52.37:435][566]LogModuleManager: Shutting down and abandoning module Engine (14)
[2018.08.24-07.52.37:435][566]LogModuleManager: Shutting down and abandoning module CoreUObject (12)
[2018.08.24-07.52.37:435][566]LogModuleManager: Shutting down and abandoning module NetworkFile (10)
[2018.08.24-07.52.37:435][566]LogModuleManager: Shutting down and abandoning module CookedIterativeFile (8)
[2018.08.24-07.52.37:435][566]LogModuleManager: Shutting down and abandoning module StreamingFile (6)
[2018.08.24-07.52.37:435][566]LogModuleManager: Shutting down and abandoning module SandboxFile (4)
[2018.08.24-07.52.37:435][566]LogModuleManager: Shutting down and abandoning module PakFile (2)
[2018.08.24-07.52.37:450][566]LogExit: Exiting.
[2018.08.24-07.52.37:469][566]Log file closed, 08/24/18 19:52:37
