Log file open, 09/01/18 14:45:36
LogWindows: Failed to load 'aqProf.dll' (GetLastError=126)
LogWindows: File 'aqProf.dll' does not exist
LogWindows: Failed to load 'VSPerf140.dll' (GetLastError=126)
LogWindows: File 'VSPerf140.dll' does not exist
LogWindows: Failed to load 'VtuneApi.dll' (GetLastError=126)
LogWindows: File 'VtuneApi.dll' does not exist
LogWindows: Failed to load 'VtuneApi32e.dll' (GetLastError=126)
LogWindows: File 'VtuneApi32e.dll' does not exist
LogInit: Display: Running engine for game: FPSMultiPlayerBP
LogPlatformFile: Not using cached read wrapper
LogTaskGraph: Started task graph with 5 named threads and 35 total threads with 3 sets of task threads.
LogStats: Stats thread started at 0.405782
LogD3D11RHI: Loaded GFSDK_Aftermath_Lib.x64.dll
LogICUInternationalization: Display: ICU TimeZone Detection - Raw Offset: +12:00, Platform Override: ''
LogPluginManager: Mounting plugin Paper2D
LogPluginManager: Mounting plugin AISupport
LogPluginManager: Mounting plugin LightPropagationVolume
LogPluginManager: Mounting plugin CLionSourceCodeAccess
LogPluginManager: Mounting plugin CodeLiteSourceCodeAccess
LogPluginManager: Mounting plugin GitSourceControl
LogPluginManager: Mounting plugin KDevelopSourceCodeAccess
LogPluginManager: Mounting plugin NullSourceCodeAccess
LogPluginManager: Mounting plugin PerforceSourceControl
LogPluginManager: Mounting plugin SubversionSourceControl
LogPluginManager: Mounting plugin UObjectPlugin
LogPluginManager: Mounting plugin VisualStudioCodeSourceCodeAccess
LogPluginManager: Mounting plugin VisualStudioSourceCodeAccess
LogPluginManager: Mounting plugin XCodeSourceCodeAccess
LogPluginManager: Mounting plugin AssetManagerEditor
LogPluginManager: Mounting plugin CryptoKeys
LogPluginManager: Mounting plugin DataValidation
LogPluginManager: Mounting plugin FacialAnimation
LogPluginManager: Mounting plugin GameplayTagsEditor
LogPluginManager: Mounting plugin MacGraphicsSwitching
LogPluginManager: Mounting plugin MeshEditor
LogPluginManager: Mounting plugin MobileLauncherProfileWizard
LogPluginManager: Mounting plugin PluginBrowser
LogPluginManager: Mounting plugin SpeedTreeImporter
LogPluginManager: Mounting plugin DatasmithContent
LogPluginManager: Mounting plugin AlembicImporter
LogPluginManager: Mounting plugin AppleImageUtils
LogPluginManager: Mounting plugin AppleVision
LogPluginManager: Mounting plugin BackChannel
LogPluginManager: Mounting plugin CharacterAI
LogPluginManager: Mounting plugin GeometryCache
LogPluginManager: Mounting plugin HTML5Networking
LogPluginManager: Mounting plugin ProxyLODPlugin
LogPluginManager: Mounting plugin MagicLeap
LogPluginManager: Mounting plugin MagicLeapEmulator
LogPluginManager: Mounting plugin MagicLeapMedia
LogPluginManager: Mounting plugin AndroidMedia
LogPluginManager: Mounting plugin AvfMedia
LogPluginManager: Mounting plugin ImgMedia
LogPluginManager: Mounting plugin LinearTimecode
LogPluginManager: Mounting plugin MediaCompositing
LogPluginManager: Mounting plugin MediaPlayerEditor
LogPluginManager: Mounting plugin WmfMedia
LogPluginManager: Mounting plugin TcpMessaging
LogPluginManager: Mounting plugin UdpMessaging
LogPluginManager: Mounting plugin ActorSequence
LogPluginManager: Mounting plugin LevelSequenceEditor
LogPluginManager: Mounting plugin MatineeToLevelSequence
LogPluginManager: Mounting plugin NetcodeUnitTest
LogPluginManager: Mounting plugin NUTUnrealEngine4
LogPluginManager: Mounting plugin OnlineSubsystemGooglePlay
LogPluginManager: Mounting plugin OnlineSubsystemIOS
LogPluginManager: Mounting plugin OnlineSubsystem
LogPluginManager: Mounting plugin OnlineSubsystemNull
LogPluginManager: Mounting plugin OnlineSubsystemSteam
LogPluginManager: Mounting plugin OnlineSubsystemUtils
LogPluginManager: Mounting plugin LauncherChunkInstaller
LogPluginManager: Mounting plugin AndroidDeviceProfileSelector
LogPluginManager: Mounting plugin AndroidMoviePlayer
LogPluginManager: Mounting plugin AndroidPermission
LogPluginManager: Mounting plugin AppleMoviePlayer
LogPluginManager: Mounting plugin ArchVisCharacter
LogPluginManager: Mounting plugin AudioCapture
LogPluginManager: Mounting plugin CableComponent
LogPluginManager: Mounting plugin CustomMeshComponent
LogPluginManager: Mounting plugin EditableMesh
LogPluginManager: Mounting plugin ExampleDeviceProfileSelector
LogPluginManager: Mounting plugin GoogleCloudMessaging
LogPluginManager: Mounting plugin ImmediatePhysics
LogPluginManager: Mounting plugin IOSDeviceProfileSelector
LogPluginManager: Mounting plugin LinuxDeviceProfileSelector
LogPluginManager: Mounting plugin LocationServicesBPLibrary
LogPluginManager: Mounting plugin MobilePatchingUtils
LogPluginManager: Mounting plugin OculusVR
LogPluginManager: Plugin shader directory ../../../Engine/Plugins/Runtime/Oculus/OculusVR/Shaders found
LogPluginManager: Mapping shader source directory ../../../Engine/Plugins/Runtime/Oculus/OculusVR/Shaders to virtual directory /Plugin/OculusVR
LogPluginManager: Mounting plugin PhysXVehicles
LogPluginManager: Mounting plugin ProceduralMeshComponent
LogPluginManager: Mounting plugin RuntimePhysXCooking
LogPluginManager: Mounting plugin SteamVR
LogPluginManager: Mounting plugin WindowsMoviePlayer
LogStreaming: Display: Took  0.080s to configure plugins.
LogInit: Using libcurl 7.55.1-DEV
LogInit:  - built for x86_64-pc-win32
LogInit:  - supports SSL with OpenSSL/1.0.2h
LogInit:  - supports HTTP deflate (compression) using libz 1.2.8
LogInit:  - other features:
LogInit:      CURL_VERSION_SSL
LogInit:      CURL_VERSION_LIBZ
LogInit:      CURL_VERSION_IPV6
LogInit:      CURL_VERSION_ASYNCHDNS
LogInit:      CURL_VERSION_LARGEFILE
LogInit:      CURL_VERSION_IDN
LogInit:  CurlRequestOptions (configurable via config and command line):
LogInit:  - bVerifyPeer = false  - Libcurl will NOT verify peer certificate
LogInit:  - bUseHttpProxy = false  - Libcurl will NOT use HTTP proxy
LogInit:  - bDontReuseConnections = false  - Libcurl will reuse connections
LogInit:  - CertBundlePath = nullptr  - Libcurl will use whatever was configured at build time.
LogInit:  - MaxHostConnections = 16  - Libcurl will limit the number of connections to a host
LogInit:  - LocalHostAddr = Default
LogInit:  - BufferSize = 65536
LogOnline: Display: STEAM: Loading Steam SDK 1.39
LogOnline: Warning: STEAM: Failed to initialize Steam, this could be due to a Steam server and client running on the same machine. Try running with -NOSTEAM on the cmdline to disable.
LogOnline: Display: STEAM: OnlineSubsystemSteam::Shutdown()
LogOnline: Warning: STEAM: Steam API failed to initialize!
LogOnline: Display: STEAM: OnlineSubsystemSteam::Shutdown()
LogInit: WinSock: version 1.1 (2.2), MaxSocks=32767, MaxUdp=65467
LogInit: Build: ++UE4+Release-4.20-CL-4233996
LogInit: Engine Version: 4.20.1-4233996+++UE4+Release-4.20
LogInit: Compatible Engine Version: 4.20.0-4212847+++UE4+Release-4.20
LogInit: Net CL: 4212847
LogInit: OS: Windows 10 (), CPU: Intel(R) Core(TM) i7-8700 CPU @ 3.20GHz, GPU: Radeon RX 580 Series
LogInit: Compiled (64-bit): Jul 26 2018 10:07:30
LogInit: Compiled with Visual C++: 19.13.26129.00
LogInit: Build Configuration: Development
LogInit: Branch Name: ++UE4+Release-4.20
LogInit: Command Line:  -game
LogInit: Base Directory: C:/Program Files/Epic Games/UE_4.20/Engine/Binaries/Win64/
LogInit: Installed Engine Build: 1
LogDevObjectVersion: Number of dev versions registered: 20
LogDevObjectVersion:   Dev-Blueprints (B0D832E4-1F89-4F0D-ACCF-7EB736FD4AA2): 10
LogDevObjectVersion:   Dev-Build (E1C64328-A22C-4D53-A36C-8E866417BD8C): 0
LogDevObjectVersion:   Dev-Core (375EC13C-06E4-48FB-B500-84F0262A717E): 2
LogDevObjectVersion:   Dev-Editor (E4B068ED-F494-42E9-A231-DA0B2E46BB41): 24
LogDevObjectVersion:   Dev-Framework (CFFC743F-43B0-4480-9391-14DF171D2073): 34
LogDevObjectVersion:   Dev-Mobile (B02B49B5-BB20-44E9-A304-32B752E40360): 2
LogDevObjectVersion:   Dev-Networking (A4E4105C-59A1-49B5-A7C5-40C4547EDFEE): 0
LogDevObjectVersion:   Dev-Online (39C831C9-5AE6-47DC-9A44-9C173E1C8E7C): 0
LogDevObjectVersion:   Dev-Physics (78F01B33-EBEA-4F98-B9B4-84EACCB95AA2): 0
LogDevObjectVersion:   Dev-Platform (6631380F-2D4D-43E0-8009-CF276956A95A): 0
LogDevObjectVersion:   Dev-Rendering (12F88B9F-8875-4AFC-A67C-D90C383ABD29): 26
LogDevObjectVersion:   Dev-Sequencer (7B5AE74C-D270-4C10-A958-57980B212A5A): 9
LogDevObjectVersion:   Dev-VR (D7296918-1DD6-4BDD-9DE2-64A83CC13884): 2
LogDevObjectVersion:   Dev-LoadTimes (C2A15278-BFE7-4AFE-6C17-90FF531DF755): 1
LogDevObjectVersion:   Private-Geometry (6EACA3D4-40EC-4CC1-B786-8BED09428FC5): 3
LogDevObjectVersion:   Dev-AnimPhys (29E575DD-E0A3-4627-9D10-D276232CDCEA): 17
LogDevObjectVersion:   Dev-ReflectionCapture (6B266CEC-1EC7-4B8F-A30B-E4D90942FC07): 1
LogDevObjectVersion:   Dev-Automation (0DF73D61-A23F-47EA-B727-89E90C41499A): 1
LogDevObjectVersion:   FortniteMain (601D1886-AC64-4F84-AA16-D3DE0DEAC7D6): 12
LogDevObjectVersion:   Dev-Enterprise (9DFFBCD6-494F-0158-E221-12823C92A888): 1
LogStreaming: Display: Took  0.001s to delete old logs.
LogInit: Presizing for max 8388607 objects, including 0 objects not considered by GC, pre-allocating 0 bytes for permanent pool.
LogInit: Object subsystem initialized
[2018.09.01-02.45.37:314][  0]LogInit: Selected Device Profile: [Windows]
[2018.09.01-02.45.37:314][  0]LogInit: Applying CVar settings loaded from the selected device profile: [Windows]
[2018.09.01-02.45.37:320][  0]LogHAL: Display: Platform has ~ 16 GB [17098670080 / 17179869184 / 16], which maps to Larger [LargestMinGB=32, LargerMinGB=12, DefaultMinGB=8, SmallerMinGB=6, SmallestMinGB=0)
[2018.09.01-02.45.37:321][  0]LogInit: Setting Device Profile CVar: [[r.Vulkan.UseRealUBs:1]]
[2018.09.01-02.45.37:321][  0]LogInit: Going up to parent DeviceProfile []
[2018.09.01-02.45.37:321][  0]LogInit: Computer: RANJU
[2018.09.01-02.45.37:321][  0]LogInit: User: OEM
[2018.09.01-02.45.37:321][  0]LogInit: CPU Page size=4096, Cores=6
[2018.09.01-02.45.37:321][  0]LogInit: High frequency timer resolution =3.117189 MHz
[2018.09.01-02.45.37:321][  0]LogMemory: Memory total: Physical=15.9GB (16GB approx)
[2018.09.01-02.45.37:321][  0]LogMemory: Platform Memory Stats for Windows
[2018.09.01-02.45.37:321][  0]LogMemory: Process Physical Memory: 128.59 MB used, 128.59 MB peak
[2018.09.01-02.45.37:321][  0]LogMemory: Process Virtual Memory: 94.89 MB used, 94.89 MB peak
[2018.09.01-02.45.37:321][  0]LogMemory: Physical Memory: 7131.14 MB used,  9175.42 MB free, 16306.56 MB total
[2018.09.01-02.45.37:321][  0]LogMemory: Virtual Memory: 4743.66 MB used,  9175.42 MB free, 134217728.00 MB total
[2018.09.01-02.45.37:350][  0]LogInit: Using OS detected language (en-US).
[2018.09.01-02.45.37:350][  0]LogInit: Using OS detected locale (en-NZ).
[2018.09.01-02.45.37:351][  0]LogTextLocalizationManager: No specific localization for 'en-US' exists, so the 'en' localization will be used.
[2018.09.01-02.45.37:634][  0]LogStreaming: Display: Took  0.285s to InitEngineTextLocalization.
[2018.09.01-02.45.37:723][  0]LogSlate: New Slate User Created.  User Index 0, Is Virtual User: 0
[2018.09.01-02.45.37:723][  0]LogSlate: Slate User Registered.  User Index 0, Is Virtual User: 0
[2018.09.01-02.45.37:793][  0]LogHMD: Failed to initialize OpenVR with code 110
[2018.09.01-02.45.37:793][  0]LogD3D11RHI: D3D11 adapters:
[2018.09.01-02.45.37:836][  0]LogD3D11RHI:    0. 'Radeon RX 580 Series' (Feature Level 11_0)
[2018.09.01-02.45.37:836][  0]LogD3D11RHI:       8137/0/8153 MB DedicatedVideo/DedicatedSystem/SharedSystem, Outputs:3, VendorId:0x1002
[2018.09.01-02.45.37:839][  0]LogD3D11RHI:    1. 'Microsoft Basic Render Driver' (Feature Level 11_0)
[2018.09.01-02.45.37:839][  0]LogD3D11RHI:       0/0/8153 MB DedicatedVideo/DedicatedSystem/SharedSystem, Outputs:0, VendorId:0x1414
[2018.09.01-02.45.37:839][  0]LogD3D11RHI: Chosen D3D11 Adapter: 0
[2018.09.01-02.45.37:846][  0]LogD3D11RHI: Creating new Direct3DDevice
[2018.09.01-02.45.37:847][  0]LogD3D11RHI:     GPU DeviceId: 0x67df (for the marketing name, search the web for "GPU Device Id")
[2018.09.01-02.45.37:847][  0]LogWindows: EnumDisplayDevices:
[2018.09.01-02.45.37:847][  0]LogWindows:    0. 'Radeon RX 580 Series' (P:1 D:1)
[2018.09.01-02.45.37:847][  0]LogWindows:    1. 'Radeon RX 580 Series' (P:0 D:1)
[2018.09.01-02.45.37:848][  0]LogWindows:    2. 'Radeon RX 580 Series' (P:0 D:1)
[2018.09.01-02.45.37:848][  0]LogWindows:    3. 'Radeon RX 580 Series' (P:0 D:0)
[2018.09.01-02.45.37:848][  0]LogWindows:    4. 'Radeon RX 580 Series' (P:0 D:0)
[2018.09.01-02.45.37:849][  0]LogWindows:    5. 'Radeon RX 580 Series' (P:0 D:0)
[2018.09.01-02.45.37:849][  0]LogWindows:    6. 'Radeon RX 580 Series' (P:0 D:0)
[2018.09.01-02.45.37:849][  0]LogWindows:    7. 'Radeon RX 580 Series' (P:0 D:0)
[2018.09.01-02.45.37:850][  0]LogWindows:    8. 'Radeon RX 580 Series' (P:0 D:0)
[2018.09.01-02.45.37:850][  0]LogWindows:    9. 'Radeon RX 580 Series' (P:0 D:0)
[2018.09.01-02.45.37:851][  0]LogWindows:    10. 'Radeon RX 580 Series' (P:0 D:0)
[2018.09.01-02.45.37:851][  0]LogWindows:    11. 'Radeon RX 580 Series' (P:0 D:0)
[2018.09.01-02.45.37:851][  0]LogWindows:    12. 'Radeon RX 580 Series' (P:0 D:0)
[2018.09.01-02.45.37:852][  0]LogWindows:    13. 'Radeon RX 580 Series' (P:0 D:0)
[2018.09.01-02.45.37:852][  0]LogWindows:    14. 'Radeon RX 580 Series' (P:0 D:0)
[2018.09.01-02.45.37:852][  0]LogWindows:    15. 'Radeon RX 580 Series' (P:0 D:0)
[2018.09.01-02.45.37:852][  0]LogWindows: DebugString: FoundDriverCount:16 
[2018.09.01-02.45.37:852][  0]LogD3D11RHI:     Adapter Name: Radeon RX 580 Series
[2018.09.01-02.45.37:852][  0]LogD3D11RHI:   Driver Version: Adrenalin 18.5.2 (internal:24.20.11019.1004, unified:24.20.11019.1004)
[2018.09.01-02.45.37:852][  0]LogD3D11RHI:      Driver Date: 5-29-2018
[2018.09.01-02.45.37:852][  0]LogRHI: Texture pool is 5695 MB (70% of 8137 MB)
[2018.09.01-02.45.38:955][  0]LogD3D11RHI: Async texture creation enabled
[2018.09.01-02.45.38:965][  0]LogD3D11RHI: GPU Timing Frequency: 25.000000 (Debug: 2 1)
[2018.09.01-02.45.38:967][  0]LogShaderCompilers: Guid format shader working directory is 9 characters bigger than the processId version (D:/Unreal Projects/FPSMultiPlayerBP/Intermediate/Shaders/WorkingDirectory/3920/).
[2018.09.01-02.45.38:967][  0]LogShaderCompilers: Cleaned the shader compiler working directory 'C:/Users/OEM/AppData/Local/Temp/UnrealShaderWorkingDir/EFA3257B4965287E665775963F2B7F48/'.
[2018.09.01-02.45.39:268][  0]LogTemp: Display: Loaded TP WindowsClientTargetPlatform
[2018.09.01-02.45.39:279][  0]LogTemp: Display: Loaded TP WindowsNoEditorTargetPlatform
[2018.09.01-02.45.39:291][  0]LogTemp: Display: Loaded TP WindowsServerTargetPlatform
[2018.09.01-02.45.39:297][  0]LogTemp: Display: Loaded TP WindowsTargetPlatform
[2018.09.01-02.45.39:297][  0]LogTargetPlatformManager: Display: Building Assets For Windows
[2018.09.01-02.45.39:365][  0]LogXGEController: Cannot use XGE Controller as Incredibuild is not installed on this machine.
[2018.09.01-02.45.39:365][  0]LogShaderCompilers: Cannot use XGE Shader Compiler as Incredibuild is not installed on this machine.
[2018.09.01-02.45.39:365][  0]LogShaderCompilers: Display: Using Local Shader Compiler.
[2018.09.01-02.45.39:955][  0]LogDerivedDataCache: Display: Max Cache Size: 512 MB
[2018.09.01-02.45.40:001][  0]LogDerivedDataCache: Loaded boot cache 0.05s 71MB C:/Users/OEM/AppData/Local/UnrealEngine/4.20/DerivedDataCache/Boot.ddc.
[2018.09.01-02.45.40:002][  0]LogDerivedDataCache: Display: Loaded Boot cache: C:/Users/OEM/AppData/Local/UnrealEngine/4.20/DerivedDataCache/Boot.ddc
[2018.09.01-02.45.40:002][  0]LogDerivedDataCache: FDerivedDataBackendGraph:  Pak pak cache file D:/Unreal Projects/FPSMultiPlayerBP/DerivedDataCache/DDC.ddp not found, will not use a pak cache.
[2018.09.01-02.45.40:002][  0]LogDerivedDataCache: Unable to find inner node Pak for hierarchical cache Hierarchy.
[2018.09.01-02.45.40:002][  0]LogDerivedDataCache: FDerivedDataBackendGraph:  CompressedPak pak cache file D:/Unreal Projects/FPSMultiPlayerBP/DerivedDataCache/Compressed.ddp not found, will not use a pak cache.
[2018.09.01-02.45.40:002][  0]LogDerivedDataCache: Unable to find inner node CompressedPak for hierarchical cache Hierarchy.
[2018.09.01-02.45.40:012][  0]LogDerivedDataCache: Display: Pak cache opened for reading ../../../Engine/DerivedDataCache/Compressed.ddp.
[2018.09.01-02.45.40:025][  0]LogDerivedDataCache: Using Local data cache path C:/Users/OEM/AppData/Local/UnrealEngine/Common/DerivedDataCache: Writable
[2018.09.01-02.45.40:025][  0]LogDerivedDataCache: Shared data cache path not found in *engine.ini, will not use an Shared cache.
[2018.09.01-02.45.40:025][  0]LogDerivedDataCache: Unable to find inner node Shared for hierarchical cache Hierarchy.
[2018.09.01-02.45.40:039][  0]LogMaterial: Verifying Global Shaders for PCD3D_SM5
[2018.09.01-02.45.40:040][  0]LogSlate: Using FreeType 2.6.0
[2018.09.01-02.45.40:041][  0]LogSlate: SlateFontServices - WITH_FREETYPE: 1, WITH_HARFBUZZ: 1
[2018.09.01-02.45.40:078][  0]LogInit: Using OS detected language (en-US).
[2018.09.01-02.45.40:078][  0]LogInit: Using OS detected locale (en-NZ).
[2018.09.01-02.45.40:078][  0]LogTextLocalizationManager: No localization for 'en-US' exists, so 'en' will be used for the language.
[2018.09.01-02.45.40:078][  0]LogTextLocalizationManager: No localization for 'en-NZ' exists, so 'en' will be used for the locale.
[2018.09.01-02.45.40:308][  0]LogStreaming: Display: Took  0.230s to InitGameTextLocalization.
[2018.09.01-02.45.40:314][  0]LogAssetRegistry: FAssetRegistry took 0.0031 seconds to start up
[2018.09.01-02.45.40:484][  0]LogPackageLocalizationCache: Processed 11 localized package path(s) for 1 prioritized culture(s) in 0.024735 seconds
[2018.09.01-02.45.40:563][  0]LogInit: Selected Device Profile: [Windows]
[2018.09.01-02.45.40:670][  0]LogSimplygon: Simplygon DLL not present - disabling.
[2018.09.01-02.45.40:676][  0]LogMeshReduction: Using SimplygonSwarm for distributed automatic mesh merging
[2018.09.01-02.45.40:676][  0]LogMeshReduction: Using ProxyLODMeshReduction for automatic mesh merging
[2018.09.01-02.45.40:676][  0]LogMeshReduction: Using QuadricMeshReduction for automatic static mesh reduction
[2018.09.01-02.45.40:676][  0]LogMeshReduction: No automatic skeletal mesh reduction module available
[2018.09.01-02.45.40:745][  0]LogNetVersion: FPSMultiPlayerBP 1.0.0, NetCL: 4212847, EngineNetVer: 5, GameNetVer: 0 (Checksum: 3398490363)
[2018.09.01-02.45.41:188][  0]LogMoviePlayer: Initializing movie player
[2018.09.01-02.45.41:473][  0]SourceControl: Source control is disabled
[2018.09.01-02.45.41:473][  0]SourceControl: Source control is disabled
[2018.09.01-02.45.41:475][  0]SourceControl: Source control is disabled
[2018.09.01-02.45.41:617][  0]LogAndroidPermission: UAndroidPermissionCallbackProxy::GetInstance
[2018.09.01-02.45.41:727][  0]LogOcInput: OculusInput pre-init called
[2018.09.01-02.45.41:737][  0]LogUObjectArray: 42177 objects as part of root set at end of initial load.
[2018.09.01-02.45.41:737][  0]LogUObjectAllocator: 7442624 out of 0 bytes used by permanent object pool.
[2018.09.01-02.45.41:737][  0]LogUObjectArray: CloseDisregardForGC: 0/0 objects in disregard for GC pool
[2018.09.01-02.45.41:785][  0]LogEngine: Initializing Engine...
[2018.09.01-02.45.41:786][  0]LogHMD: Failed to initialize OpenVR with code 110
[2018.09.01-02.45.41:799][  0]LogStats: UGameplayTagsManager::ConstructGameplayTagTree: ImportINI prefixes -  0.000 s
[2018.09.01-02.45.41:799][  0]LogStats: UGameplayTagsManager::ConstructGameplayTagTree: Construct from data asset -  0.000 s
[2018.09.01-02.45.41:799][  0]LogStats: UGameplayTagsManager::ConstructGameplayTagTree: ImportINI -  0.000 s
[2018.09.01-02.45.41:799][  0]LogStats: UGameplayTagsManager::ConstructGameplayTagTree: GameplayTagTreeChangedEvent.Broadcast -  0.000 s
[2018.09.01-02.45.41:935][  0]LogInit: Initializing FReadOnlyCVARCache
[2018.09.01-02.45.41:971][  0]LogInit: XAudio2 using 'Speakers (Realtek High Definition Audio)' : 2 channels at 48 kHz using 32 bits per sample (channel mask 0x3)
[2018.09.01-02.45.41:990][  0]LogInit: FAudioDevice initialized.
[2018.09.01-02.45.42:001][  0]LogNetVersion: Set ProjectVersion to 1.0.0.0. Version Checksum will be recalculated on next use.
[2018.09.01-02.45.42:077][  0]LogDerivedDataCache: Saved boot cache 0.08s 71MB C:/Users/OEM/AppData/Local/UnrealEngine/4.20/DerivedDataCache/Boot.ddc.
[2018.09.01-02.45.42:077][  0]LogInit: Texture streaming: Enabled
[2018.09.01-02.45.42:309][  0]LogSlate: Updating window title bar state: overlay mode, drag disabled, window buttons hidden, title bar hidden
[2018.09.01-02.45.42:309][  0]LogInit: Display: Game Engine Initialized.
[2018.09.01-02.45.42:309][  0]LogGameplayTags: Display: UGameplayTagsManager::DoneAddingNativeTags. DelegateIsBound: 0
[2018.09.01-02.45.42:309][  0]LogStats: UGameplayTagsManager::ConstructGameplayTagTree: ImportINI prefixes -  0.000 s
[2018.09.01-02.45.42:309][  0]LogStats: UGameplayTagsManager::ConstructGameplayTagTree: Construct from data asset -  0.000 s
[2018.09.01-02.45.42:309][  0]LogStats: UGameplayTagsManager::ConstructGameplayTagTree: ImportINI -  0.000 s
[2018.09.01-02.45.42:309][  0]LogStats: UGameplayTagsManager::ConstructGameplayTagTree: GameplayTagTreeChangedEvent.Broadcast -  0.000 s
[2018.09.01-02.45.42:326][  0]LogInit: Display: Starting Game.
[2018.09.01-02.45.42:326][  0]LogNet: Browse: /Game/Maps/MainMenu?Name=Player
[2018.09.01-02.45.42:326][  0]LogLoad: LoadMap: /Game/Maps/MainMenu?Name=Player
[2018.09.01-02.45.42:365][  0]LogAIModule: Creating AISystem for world MainMenu
[2018.09.01-02.45.42:476][  0]LogLoad: Game class is 'ThirdPersonGameMode_C'
[2018.09.01-02.45.42:477][  0]LogWorld: Bringing World /Game/Maps/MainMenu.MainMenu up for play (max tick rate 0) at 2018.09.01-14.45.42
[2018.09.01-02.45.42:477][  0]LogWorld: Bringing up level for play took: 0.000367
[2018.09.01-02.45.42:478][  0]LogGameMode: FindPlayerStart: PATHS NOT DEFINED or NO PLAYERSTART with positive rating
[2018.09.01-02.45.42:484][  0]LogLoad: Took 0.156909 seconds to LoadMap(/Game/Maps/MainMenu)
[2018.09.01-02.45.42:841][  0]LogRenderer: Reallocating scene render targets to support 1920x1080 Format 10 NumSamples 1 (Frame:1).
[2018.09.01-02.45.42:841][  0]LogLoad: (Engine Initialization) Total time: 7.58 seconds
[2018.09.01-02.45.42:841][  0]LogLoad: (Engine Initialization) Total Blueprint compile time: 0.00 seconds
[2018.09.01-02.45.42:859][  0]LogWindowsTextInputMethodSystem: Display: IME system now deactivated.
[2018.09.01-02.45.42:861][  0]LogContentStreaming: Texture pool size now 3000 MB
[2018.09.01-02.45.50:886][497]LogSlate: FSceneViewport::OnFocusLost() reason 0
[2018.09.01-02.45.51:033][506]LogSlate: Took 0.000207 seconds to synchronously load lazily loaded font '../../../Engine/Content/Slate/Fonts/Roboto-Regular.ttf' (155K)
[2018.09.01-02.46.07:404][521]LogInit: WinSock: I am Ranju (192.168.1.154:0)
[2018.09.01-02.46.07:501][521]LogPackageName: SearchForPackageOnDisk took   0.097s to resolve Lobby.umap.
[2018.09.01-02.46.07:599][521]LogPackageName: SearchForPackageOnDisk took   0.097s to resolve Lobby.umap.
[2018.09.01-02.46.07:599][521]LogNet: Browse: /Game/Maps/Lobby?listen
[2018.09.01-02.46.07:599][521]LogLoad: LoadMap: /Game/Maps/Lobby?listen
[2018.09.01-02.46.08:069][521]LogAIModule: Creating AISystem for world Lobby
[2018.09.01-02.46.08:070][521]LogLoad: Game class is 'LobbyGM_C'
[2018.09.01-02.46.08:159][521]LogOnline: Warning: STEAM: Failed to initialize Steam, this could be due to a Steam server and client running on the same machine. Try running with -NOSTEAM on the cmdline to disable.
[2018.09.01-02.46.08:159][521]LogOnline: Display: STEAM: OnlineSubsystemSteam::Shutdown()
[2018.09.01-02.46.08:159][521]LogOnline: Warning: STEAM: Steam API failed to initialize!
[2018.09.01-02.46.08:159][521]LogOnline: Display: STEAM: OnlineSubsystemSteam::Shutdown()
[2018.09.01-02.46.08:159][521]LogTemp: Display: ParseSettings for GameNetDriver
[2018.09.01-02.46.08:159][521]LogTemp: Display: ParseSettings for IpNetDriver_0
[2018.09.01-02.46.08:159][521]LogTemp: Display: ParseSettings for GameNetDriver
[2018.09.01-02.46.08:159][521]LogNet: ReplicationDriverClass is null! Not using ReplicationDriver.
[2018.09.01-02.46.08:159][521]LogInit: WinSock: Socket queue 131072 / 131072
[2018.09.01-02.46.08:159][521]PacketHandlerLog: Loaded PacketHandler component: Engine.EngineHandlerComponentFactory (StatelessConnectHandlerComponent)
[2018.09.01-02.46.08:160][521]LogNet: GameNetDriver IpNetDriver_0 IpNetDriver listening on port 7777
[2018.09.01-02.46.08:161][521]LogWorld: Bringing World /Game/Maps/Lobby.Lobby up for play (max tick rate 0) at 2018.09.01-14.46.08
[2018.09.01-02.46.08:161][521]LogWorld: Bringing up level for play took: 0.001015
[2018.09.01-02.46.08:169][521]LogGameMode: Display: Match State Changed from EnteringMap to WaitingToStart
[2018.09.01-02.46.08:169][521]LogGameState: Match State Changed from EnteringMap to WaitingToStart
[2018.09.01-02.46.08:169][521]LogGameMode: Display: Match State Changed from WaitingToStart to InProgress
[2018.09.01-02.46.08:169][521]LogGameState: Match State Changed from WaitingToStart to InProgress
[2018.09.01-02.46.08:171][521]LogLoad: Took 0.571243 seconds to LoadMap(/Game/Maps/Lobby)
[2018.09.01-02.46.20:326][273]LogSlate: FSceneViewport::OnFocusLost() reason 0
[2018.09.01-02.48.18:641][594]LogSlate: FSceneViewport::OnFocusLost() reason 0
[2018.09.01-02.48.18:721][599]PIE: Warning: This widget does not support focus.  If this is a UserWidget, you should set bIsFocusable to true.
[2018.09.01-02.48.19:656][657]LogSlate: FSceneViewport::OnFocusLost() reason 0
[2018.09.01-02.48.25:786][ 37]LogSlate: FSceneViewport::OnFocusLost() reason 0
[2018.09.01-02.48.25:883][ 43]PIE: Warning: This widget does not support focus.  If this is a UserWidget, you should set bIsFocusable to true.
[2018.09.01-02.48.26:577][ 86]LogSlate: FSceneViewport::OnFocusLost() reason 0
[2018.09.01-02.48.34:061][550]PIE: Warning: This widget does not support focus.  If this is a UserWidget, you should set bIsFocusable to true.
[2018.09.01-02.48.41:835][ 32]LogSlate: FSceneViewport::OnFocusLost() reason 0
[2018.09.01-02.48.48:117][421]LogSlate: FSceneViewport::OnFocusLost() reason 0
[2018.09.01-02.48.49:680][512]LogPackageName: SearchForPackageOnDisk took   0.095s to resolve MainMenu.umap.
[2018.09.01-02.48.49:680][512]LogGameMode: Display: Match State Changed from InProgress to LeavingMap
[2018.09.01-02.48.49:680][512]LogGameState: Match State Changed from InProgress to LeavingMap
[2018.09.01-02.48.49:773][512]LogPackageName: SearchForPackageOnDisk took   0.093s to resolve MainMenu.umap.
[2018.09.01-02.48.49:773][512]LogNet: Browse: /Game/Maps/MainMenu
[2018.09.01-02.48.49:774][512]LogLoad: LoadMap: /Game/Maps/MainMenu
[2018.09.01-02.48.49:774][512]LogNet: World NetDriver shutdown IpNetDriver_0 [GameNetDriver]
[2018.09.01-02.48.49:774][512]LogNet: DestroyNamedNetDriver IpNetDriver_0 [GameNetDriver]
[2018.09.01-02.48.49:774][512]LogExit: GameNetDriver IpNetDriver_0 shut down
[2018.09.01-02.48.49:774][512]LogScript: Warning: Script Msg: DestroySession - Invalid player state
[2018.09.01-02.48.49:803][512]LogAIModule: Creating AISystem for world MainMenu
[2018.09.01-02.48.49:906][512]LogLoad: Game class is 'ThirdPersonGameMode_C'
[2018.09.01-02.48.49:907][512]LogWorld: Bringing World /Game/Maps/MainMenu.MainMenu up for play (max tick rate 0) at 2018.09.01-14.48.49
[2018.09.01-02.48.49:907][512]LogWorld: Bringing up level for play took: 0.000283
[2018.09.01-02.48.49:907][512]LogGameMode: FindPlayerStart: PATHS NOT DEFINED or NO PLAYERSTART with positive rating
[2018.09.01-02.48.49:909][512]LogLoad: Took 0.134908 seconds to LoadMap(/Game/Maps/MainMenu)
[2018.09.01-02.48.51:087][586]Closing by request
[2018.09.01-02.48.51:087][586]LogWindows: FPlatformMisc::RequestExit(0)
[2018.09.01-02.48.51:922][587]LogSlate: Window 'FPSMultiPlayerBP (64-bit Development PCD3D_SM5) ' being destroyed
[2018.09.01-02.48.51:924][587]LogWindowsTextInputMethodSystem: Display: IME system now deactivated.
[2018.09.01-02.48.51:928][587]LogWindowsTextInputMethodSystem: Display: IME system now deactivated.
[2018.09.01-02.48.51:933][587]LogExit: Preparing to exit.
[2018.09.01-02.48.51:933][587]LogMoviePlayer: Shutting down movie player
[2018.09.01-02.48.51:944][587]LogSlate: Updating window title bar state: overlay mode, drag disabled, window buttons hidden, title bar hidden
[2018.09.01-02.48.51:950][587]LogExit: Game engine shut down
[2018.09.01-02.48.52:266][587]LogExit: Object subsystem successfully closed.
[2018.09.01-02.48.52:284][587]LogShaderCompilers: Display: Shaders left to compile 0
[2018.09.01-02.48.52:286][587]LogD3D11RHI: Shutdown
[2018.09.01-02.48.52:286][587]LogD3D11RHI: CleanupD3DDevice
[2018.09.01-02.48.52:286][587]LogD3D11RHI: ~FD3D11DynamicRHI
[2018.09.01-02.48.52:304][587]LogModuleManager: Shutting down and abandoning module SequenceRecorderSections (378)
[2018.09.01-02.48.52:304][587]LogModuleManager: Shutting down and abandoning module SequenceRecorder (376)
[2018.09.01-02.48.52:304][587]LogModuleManager: Shutting down and abandoning module AutomationController (374)
[2018.09.01-02.48.52:304][587]LogModuleManager: Shutting down and abandoning module AutomationWorker (372)
[2018.09.01-02.48.52:304][587]LogModuleManager: Shutting down and abandoning module Voice (370)
[2018.09.01-02.48.52:304][587]LogModuleManager: Shutting down and abandoning module AIModule (368)
[2018.09.01-02.48.52:304][587]LogModuleManager: Shutting down and abandoning module GameplayDebugger (367)
[2018.09.01-02.48.52:304][587]LogModuleManager: Shutting down and abandoning module AITestSuite (365)
[2018.09.01-02.48.52:304][587]LogModuleManager: Shutting down and abandoning module NavigationSystem (363)
[2018.09.01-02.48.52:304][587]LogModuleManager: Shutting down and abandoning module WmfMediaFactory (360)
[2018.09.01-02.48.52:304][587]LogModuleManager: Shutting down and abandoning module OpenExrWrapper (358)
[2018.09.01-02.48.52:304][587]LogModuleManager: Shutting down and abandoning module ImgMediaFactory (356)
[2018.09.01-02.48.52:304][587]LogModuleManager: Shutting down and abandoning module AvfMediaFactory (354)
[2018.09.01-02.48.52:304][587]LogModuleManager: Shutting down and abandoning module MagicLeapCameraPreviewFactory (352)
[2018.09.01-02.48.52:304][587]LogModuleManager: Shutting down and abandoning module MagicLeapMediaFactory (350)
[2018.09.01-02.48.52:304][587]LogModuleManager: Shutting down and abandoning module CharacterAI (348)
[2018.09.01-02.48.52:304][587]LogModuleManager: Shutting down and abandoning module SessionServices (346)
[2018.09.01-02.48.52:304][587]LogModuleManager: Shutting down and abandoning module MovieSceneCapture (344)
[2018.09.01-02.48.52:304][587]LogModuleManager: Shutting down and abandoning module MovieSceneTracks (342)
[2018.09.01-02.48.52:304][587]LogModuleManager: Shutting down and abandoning module MovieScene (340)
[2018.09.01-02.48.52:304][587]LogModuleManager: Shutting down and abandoning module StreamingPauseRendering (338)
[2018.09.01-02.48.52:304][587]LogModuleManager: Shutting down and abandoning module PortalServices (336)
[2018.09.01-02.48.52:304][587]LogModuleManager: Shutting down and abandoning module PortalRpc (334)
[2018.09.01-02.48.52:304][587]LogModuleManager: Shutting down and abandoning module MessagingRpc (332)
[2018.09.01-02.48.52:304][587]LogModuleManager: Shutting down and abandoning module ProfilerService (330)
[2018.09.01-02.48.52:392][587]LogModuleManager: Shutting down and abandoning module TaskGraph (328)
[2018.09.01-02.48.52:392][587]LogModuleManager: Shutting down and abandoning module SteamVRController (326)
[2018.09.01-02.48.52:392][587]LogModuleManager: Shutting down and abandoning module ProceduralMeshComponent (324)
[2018.09.01-02.48.52:392][587]LogModuleManager: Shutting down and abandoning module OculusInput (322)
[2018.09.01-02.48.52:392][587]LogModuleManager: Shutting down and abandoning module MobilePatchingUtils (320)
[2018.09.01-02.48.52:392][587]LogModuleManager: Shutting down and abandoning module EditableMesh (318)
[2018.09.01-02.48.52:392][587]LogModuleManager: Shutting down and abandoning module CustomMeshComponent (316)
[2018.09.01-02.48.52:392][587]LogModuleManager: Shutting down and abandoning module CableComponent (314)
[2018.09.01-02.48.52:392][587]LogModuleManager: Shutting down and abandoning module AudioCapture (312)
[2018.09.01-02.48.52:392][587]LogModuleManager: Shutting down and abandoning module ArchVisCharacter (310)
[2018.09.01-02.48.52:392][587]LogModuleManager: Shutting down and abandoning module AndroidPermission (308)
[2018.09.01-02.48.52:392][587]LogModuleManager: Shutting down and abandoning module NUTUnrealEngine4 (306)
[2018.09.01-02.48.52:392][587]LogModuleManager: Shutting down and abandoning module NetcodeUnitTest (304)
[2018.09.01-02.48.52:392][587]LogModuleManager: Shutting down and abandoning module MediaCompositing (302)
[2018.09.01-02.48.52:392][587]LogModuleManager: Shutting down and abandoning module LinearTimecode (300)
[2018.09.01-02.48.52:392][587]LogModuleManager: Shutting down and abandoning module ImgMedia (298)
[2018.09.01-02.48.52:395][587]LogModuleManager: Shutting down and abandoning module HTML5Networking (296)
[2018.09.01-02.48.52:395][587]LogModuleManager: Shutting down and abandoning module GeometryCacheTracks (294)
[2018.09.01-02.48.52:395][587]LogModuleManager: Shutting down and abandoning module GeometryCacheSequencer (293)
[2018.09.01-02.48.52:395][587]LogModuleManager: Shutting down and abandoning module GeometryCache (290)
[2018.09.01-02.48.52:395][587]LogModuleManager: Shutting down and abandoning module GeometryCacheEd (289)
[2018.09.01-02.48.52:395][587]LogModuleManager: Shutting down and abandoning module BackChannel (286)
[2018.09.01-02.48.52:395][587]LogModuleManager: Shutting down and abandoning module AppleVision (284)
[2018.09.01-02.48.52:395][587]LogModuleManager: Shutting down and abandoning module AppleImageUtils (282)
[2018.09.01-02.48.52:395][587]LogModuleManager: Shutting down and abandoning module DatasmithContent (280)
[2018.09.01-02.48.52:395][587]LogModuleManager: Shutting down and abandoning module CryptoKeysOpenSSL (278)
[2018.09.01-02.48.52:395][587]LogModuleManager: Shutting down and abandoning module CryptoKeys (276)
[2018.09.01-02.48.52:395][587]LogModuleManager: Shutting down and abandoning module VisualStudioSourceCodeAccess (274)
[2018.09.01-02.48.52:395][587]LogModuleManager: Shutting down and abandoning module HotReload (273)
[2018.09.01-02.48.52:395][587]LogModuleManager: Shutting down and abandoning module DirectoryWatcher (272)
[2018.09.01-02.48.52:395][587]LogModuleManager: Shutting down and abandoning module VisualStudioCodeSourceCodeAccess (268)
[2018.09.01-02.48.52:395][587]LogModuleManager: Shutting down and abandoning module UObjectPlugin (266)
[2018.09.01-02.48.52:395][587]LogModuleManager: Shutting down and abandoning module SubversionSourceControl (264)
[2018.09.01-02.48.52:395][587]LogModuleManager: Shutting down and abandoning module PerforceSourceControl (262)
[2018.09.01-02.48.52:395][587]LogModuleManager: Shutting down and abandoning module SourceControl (261)
[2018.09.01-02.48.52:395][587]LogModuleManager: Shutting down and abandoning module CLionSourceCodeAccess (258)
[2018.09.01-02.48.52:395][587]LogModuleManager: Shutting down and abandoning module RuntimePhysXCooking (256)
[2018.09.01-02.48.52:395][587]LogModuleManager: Shutting down and abandoning module PhysXVehiclesEditor (254)
[2018.09.01-02.48.52:395][587]LogModuleManager: Shutting down and abandoning module PhysXVehicles (252)
[2018.09.01-02.48.52:395][587]LogModuleManager: Shutting down and abandoning module LocationServicesBPLibrary (250)
[2018.09.01-02.48.52:395][587]LogModuleManager: Shutting down and abandoning module ImmediatePhysicsEditor (248)
[2018.09.01-02.48.52:395][587]LogModuleManager: Shutting down and abandoning module ImmediatePhysics (246)
[2018.09.01-02.48.52:395][587]LogModuleManager: Shutting down and abandoning module ActorSequence (244)
[2018.09.01-02.48.52:395][587]LogModuleManager: Shutting down and abandoning module UdpMessaging (242)
[2018.09.01-02.48.52:395][587]LogModuleManager: Shutting down and abandoning module TcpMessaging (240)
[2018.09.01-02.48.52:395][587]LogModuleManager: Shutting down and abandoning module MagicLeapAudio (238)
[2018.09.01-02.48.52:395][587]LogModuleManager: Shutting down and abandoning module GameplayTagsEditor (236)
[2018.09.01-02.48.52:395][587]LogModuleManager: Shutting down and abandoning module FacialAnimation (234)
[2018.09.01-02.48.52:395][587]LogModuleManager: Shutting down and abandoning module DataValidation (232)
[2018.09.01-02.48.52:397][587]LogModuleManager: Shutting down and abandoning module AssetManagerEditor (230)
[2018.09.01-02.48.52:397][587]LogModuleManager: Shutting down and abandoning module TreeMap (229)
[2018.09.01-02.48.52:397][587]LogModuleManager: Shutting down and abandoning module LightPropagationVolumeRuntime (226)
[2018.09.01-02.48.52:397][587]LogModuleManager: Shutting down and abandoning module AISupportModule (224)
[2018.09.01-02.48.52:397][587]LogModuleManager: Shutting down and abandoning module Paper2D (222)
[2018.09.01-02.48.52:397][587]LogModuleManager: Shutting down and abandoning module PIEPreviewDeviceProfileSelector (220)
[2018.09.01-02.48.52:397][587]LogModuleManager: Shutting down and abandoning module WindowsMoviePlayer (218)
[2018.09.01-02.48.52:397][587]LogModuleManager: Shutting down and abandoning module WmfMedia (216)
[2018.09.01-02.48.52:397][587]LogModuleManager: Shutting down and abandoning module Media (215)
[2018.09.01-02.48.52:404][587]LogModuleManager: Shutting down and abandoning module PacketHandler (212)
[2018.09.01-02.48.52:404][587]LogModuleManager: Shutting down and abandoning module ClothingSystemEditor (210)
[2018.09.01-02.48.52:404][587]LogModuleManager: Shutting down and abandoning module ClothingSystemRuntime (208)
[2018.09.01-02.48.52:404][587]LogModuleManager: Shutting down and abandoning module MediaAssets (206)
[2018.09.01-02.48.52:404][587]LogModuleManager: Shutting down and abandoning module Overlay (204)
[2018.09.01-02.48.52:404][587]LogModuleManager: Shutting down and abandoning module OverlayEditor (203)
[2018.09.01-02.48.52:404][587]LogModuleManager: Shutting down and abandoning module VREditor (200)
[2018.09.01-02.48.52:404][587]LogModuleManager: Shutting down and abandoning module StringTableEditor (198)
[2018.09.01-02.48.52:404][587]LogModuleManager: Shutting down and abandoning module GameplayTasksEditor (196)
[2018.09.01-02.48.52:404][587]LogModuleManager: Shutting down and abandoning module BehaviorTreeEditor (194)
[2018.09.01-02.48.52:404][587]LogModuleManager: Shutting down and abandoning module FunctionalTesting (192)
[2018.09.01-02.48.52:404][587]LogModuleManager: Shutting down and abandoning module CollisionAnalyzer (190)
[2018.09.01-02.48.52:404][587]LogModuleManager: Shutting down and abandoning module WorkspaceMenuStructure (189)
[2018.09.01-02.48.52:404][587]LogModuleManager: Shutting down and abandoning module UMG (186)
[2018.09.01-02.48.52:404][587]LogModuleManager: Shutting down and abandoning module UMGEditor (185)
[2018.09.01-02.48.52:404][587]LogModuleManager: Shutting down and abandoning module Sequencer (184)
[2018.09.01-02.48.52:405][587]LogModuleManager: Shutting down and abandoning module MessageLog (181)
[2018.09.01-02.48.52:405][587]LogModuleManager: Shutting down and abandoning module SlateReflector (176)
[2018.09.01-02.48.52:405][587]LogModuleManager: Shutting down and abandoning module Slate (174)
[2018.09.01-02.48.52:405][587]LogModuleManager: Shutting down and abandoning module EditorStyle (172)
[2018.09.01-02.48.52:407][587]LogModuleManager: Shutting down and abandoning module MRMesh (170)
[2018.09.01-02.48.52:407][587]LogModuleManager: Shutting down and abandoning module Messaging (168)
[2018.09.01-02.48.52:407][587]LogModuleManager: Shutting down and abandoning module SourceCodeAccess (166)
[2018.09.01-02.48.52:407][587]LogModuleManager: Shutting down and abandoning module HeadMountedDisplay (164)
[2018.09.01-02.48.52:407][587]LogModuleManager: Shutting down and abandoning module XAudio2 (162)
[2018.09.01-02.48.52:407][587]LogModuleManager: Shutting down and abandoning module Networking (160)
[2018.09.01-02.48.52:407][587]LogModuleManager: Shutting down and abandoning module Core (158)
[2018.09.01-02.48.52:407][587]LogModuleManager: Shutting down and abandoning module LevelSequence (156)
[2018.09.01-02.48.52:407][587]LogModuleManager: Shutting down and abandoning module KismetCompiler (154)
[2018.09.01-02.48.52:407][587]LogModuleManager: Shutting down and abandoning module MeshUtilities (152)
[2018.09.01-02.48.52:407][587]LogModuleManager: Shutting down and abandoning module MeshMergeUtilities (151)
[2018.09.01-02.48.52:407][587]LogModuleManager: Shutting down and abandoning module MeshReductionInterface (150)
[2018.09.01-02.48.52:407][587]LogModuleManager: Shutting down and abandoning module SimplygonSwarm (149)
[2018.09.01-02.48.52:407][587]LogModuleManager: Shutting down and abandoning module ProxyLODMeshReduction (147)
[2018.09.01-02.48.52:407][587]LogModuleManager: Shutting down and abandoning module SimplygonMeshReduction (145)
[2018.09.01-02.48.52:407][587]LogModuleManager: Shutting down and abandoning module QuadricMeshReduction (143)
[2018.09.01-02.48.52:407][587]LogModuleManager: Shutting down and abandoning module MaterialBaking (139)
[2018.09.01-02.48.52:407][587]LogModuleManager: Shutting down and abandoning module DerivedDataCache (134)
[2018.09.01-02.48.52:410][587]LogDerivedDataCache: Shutdown
[2018.09.01-02.48.52:410][587]LogModuleManager: Shutting down and abandoning module XGEController (132)
[2018.09.01-02.48.52:410][587]LogModuleManager: Shutting down and abandoning module TargetPlatform (130)
[2018.09.01-02.48.52:410][587]LogModuleManager: Shutting down and abandoning module VulkanShaderFormat (129)
[2018.09.01-02.48.52:410][587]LogModuleManager: Shutting down and abandoning module ShaderFormatVectorVM (127)
[2018.09.01-02.48.52:410][587]LogModuleManager: Shutting down and abandoning module ShaderFormatOpenGL (125)
[2018.09.01-02.48.52:410][587]LogModuleManager: Shutting down and abandoning module ShaderFormatD3D (123)
[2018.09.01-02.48.52:410][587]LogModuleManager: Shutting down and abandoning module MetalShaderFormat (121)
[2018.09.01-02.48.52:410][587]LogModuleManager: Shutting down and abandoning module TextureFormatUncompressed (119)
[2018.09.01-02.48.52:410][587]LogModuleManager: Shutting down and abandoning module TextureFormatPVR (117)
[2018.09.01-02.48.52:410][587]LogModuleManager: Shutting down and abandoning module TextureFormatDXT (115)
[2018.09.01-02.48.52:410][587]LogModuleManager: Shutting down and abandoning module TextureFormatIntelISPCTexComp (113)
[2018.09.01-02.48.52:410][587]LogModuleManager: Shutting down and abandoning module TextureFormatASTC (111)
[2018.09.01-02.48.52:410][587]LogModuleManager: Shutting down and abandoning module ImageWrapper (110)
[2018.09.01-02.48.52:410][587]LogModuleManager: Shutting down and abandoning module TextureFormatAndroid (107)
[2018.09.01-02.48.52:410][587]LogModuleManager: Shutting down and abandoning module AudioFormatOpus (105)
[2018.09.01-02.48.52:411][587]LogModuleManager: Shutting down and abandoning module AudioFormatOgg (103)
[2018.09.01-02.48.52:411][587]LogModuleManager: Shutting down and abandoning module AudioFormatADPCM (101)
[2018.09.01-02.48.52:411][587]LogModuleManager: Shutting down and abandoning module WindowsTargetPlatform (99)
[2018.09.01-02.48.52:411][587]LogModuleManager: Shutting down and abandoning module WindowsServerTargetPlatform (97)
[2018.09.01-02.48.52:411][587]LogModuleManager: Shutting down and abandoning module WindowsNoEditorTargetPlatform (95)
[2018.09.01-02.48.52:411][587]LogModuleManager: Shutting down and abandoning module WindowsClientTargetPlatform (93)
[2018.09.01-02.48.52:411][587]LogModuleManager: Shutting down and abandoning module InputCore (90)
[2018.09.01-02.48.52:411][587]LogModuleManager: Shutting down and abandoning module Settings (88)
[2018.09.01-02.48.52:411][587]LogModuleManager: Shutting down and abandoning module PhysXCooking (86)
[2018.09.01-02.48.52:411][587]LogModuleManager: Shutting down and abandoning module SteamVR (84)
[2018.09.01-02.48.52:411][587]LogModuleManager: Shutting down and abandoning module OculusHMD (82)
[2018.09.01-02.48.52:411][587]LogModuleManager: Shutting down and abandoning module ExampleDeviceProfileSelector (80)
[2018.09.01-02.48.52:411][587]LogModuleManager: Shutting down and abandoning module LauncherChunkInstaller (78)
[2018.09.01-02.48.52:411][587]LogModuleManager: Shutting down and abandoning module OnlineBlueprintSupport (76)
[2018.09.01-02.48.52:411][587]LogModuleManager: Shutting down and abandoning module OnlineSubsystem (72)
[2018.09.01-02.48.52:411][587]LogModuleManager: Shutting down and abandoning module XMPP (65)
[2018.09.01-02.48.52:411][587]LogModuleManager: Shutting down and abandoning module WebSockets (64)
[2018.09.01-02.48.52:415][587]LogModuleManager: Shutting down and abandoning module HTTP (61)
[2018.09.01-02.48.52:422][587]LogModuleManager: Shutting down and abandoning module SSL (60)
[2018.09.01-02.48.52:424][587]LogModuleManager: Shutting down and abandoning module MagicLeapEmulator (56)
[2018.09.01-02.48.52:424][587]LogModuleManager: Shutting down and abandoning module MagicLeapPrivileges (54)
[2018.09.01-02.48.52:424][587]LogModuleManager: Shutting down and abandoning module MagicLeapIdentity (52)
[2018.09.01-02.48.52:424][587]LogModuleManager: Shutting down and abandoning module MagicLeapHelperVulkan (50)
[2018.09.01-02.48.52:424][587]LogModuleManager: Shutting down and abandoning module MagicLeapHelperOpenGL (48)
[2018.09.01-02.48.52:424][587]LogModuleManager: Shutting down and abandoning module MagicLeapSecureStorage (46)
[2018.09.01-02.48.52:424][587]LogModuleManager: Shutting down and abandoning module MagicLeapGestures (44)
[2018.09.01-02.48.52:425][587]LogModuleManager: Shutting down and abandoning module MagicLeapEyeTracker (42)
[2018.09.01-02.48.52:425][587]LogModuleManager: Shutting down and abandoning module MagicLeapController (40)
[2018.09.01-02.48.52:425][587]LogSlate: Slate User Destroyed.  User Index 0, Is Virtual User: 0
[2018.09.01-02.48.52:425][587]LogModuleManager: Shutting down and abandoning module MagicLeap (38)
[2018.09.01-02.48.52:425][587]LogModuleManager: Shutting down and abandoning module AnimationModifiers (36)
[2018.09.01-02.48.52:425][587]LogModuleManager: Shutting down and abandoning module PropertyEditor (35)
[2018.09.01-02.48.52:425][587]LogModuleManager: Shutting down and abandoning module AudioEditor (32)
[2018.09.01-02.48.52:425][587]LogModuleManager: Shutting down and abandoning module TextureCompressor (30)
[2018.09.01-02.48.52:426][587]LogModuleManager: Shutting down and abandoning module ShaderCore (28)
[2018.09.01-02.48.52:426][587]LogModuleManager: Shutting down and abandoning module Landscape (26)
[2018.09.01-02.48.52:426][587]LogModuleManager: Shutting down and abandoning module SlateRHIRenderer (24)
[2018.09.01-02.48.52:426][587]LogModuleManager: Shutting down and abandoning module OpenGLDrv (22)
[2018.09.01-02.48.52:426][587]LogModuleManager: Shutting down and abandoning module D3D11RHI (20)
[2018.09.01-02.48.52:426][587]LogModuleManager: Shutting down and abandoning module AnimGraphRuntime (18)
[2018.09.01-02.48.52:426][587]LogModuleManager: Shutting down and abandoning module Renderer (16)
[2018.09.01-02.48.52:426][587]LogModuleManager: Shutting down and abandoning module Engine (14)
[2018.09.01-02.48.52:426][587]LogModuleManager: Shutting down and abandoning module CoreUObject (12)
[2018.09.01-02.48.52:426][587]LogModuleManager: Shutting down and abandoning module NetworkFile (10)
[2018.09.01-02.48.52:426][587]LogModuleManager: Shutting down and abandoning module CookedIterativeFile (8)
[2018.09.01-02.48.52:426][587]LogModuleManager: Shutting down and abandoning module StreamingFile (6)
[2018.09.01-02.48.52:426][587]LogModuleManager: Shutting down and abandoning module SandboxFile (4)
[2018.09.01-02.48.52:426][587]LogModuleManager: Shutting down and abandoning module PakFile (2)
[2018.09.01-02.48.52:441][587]LogExit: Exiting.
[2018.09.01-02.48.52:451][587]Log file closed, 09/01/18 14:48:52
