Log file open, 08/25/18 08:35:47
LogWindows: Failed to load 'aqProf.dll' (GetLastError=126)
LogWindows: File 'aqProf.dll' does not exist
LogWindows: Failed to load 'VSPerf140.dll' (GetLastError=126)
LogWindows: File 'VSPerf140.dll' does not exist
LogWindows: Failed to load 'VtuneApi.dll' (GetLastError=126)
LogWindows: File 'VtuneApi.dll' does not exist
LogWindows: Failed to load 'VtuneApi32e.dll' (GetLastError=126)
LogWindows: File 'VtuneApi32e.dll' does not exist
LogInit: Display: Running engine for game: FPSMultiPlayerBP
LogPlatformFile: Not using cached read wrapper
LogTaskGraph: Started task graph with 5 named threads and 35 total threads with 3 sets of task threads.
LogStats: Stats thread started at 0.405359
LogD3D11RHI: Loaded GFSDK_Aftermath_Lib.x64.dll
LogICUInternationalization: Display: ICU TimeZone Detection - Raw Offset: +12:00, Platform Override: ''
LogPluginManager: Mounting plugin Paper2D
LogPluginManager: Mounting plugin AISupport
LogPluginManager: Mounting plugin LightPropagationVolume
LogPluginManager: Mounting plugin CLionSourceCodeAccess
LogPluginManager: Mounting plugin CodeLiteSourceCodeAccess
LogPluginManager: Mounting plugin GitSourceControl
LogPluginManager: Mounting plugin KDevelopSourceCodeAccess
LogPluginManager: Mounting plugin NullSourceCodeAccess
LogPluginManager: Mounting plugin PerforceSourceControl
LogPluginManager: Mounting plugin SubversionSourceControl
LogPluginManager: Mounting plugin UObjectPlugin
LogPluginManager: Mounting plugin VisualStudioCodeSourceCodeAccess
LogPluginManager: Mounting plugin VisualStudioSourceCodeAccess
LogPluginManager: Mounting plugin XCodeSourceCodeAccess
LogPluginManager: Mounting plugin AssetManagerEditor
LogPluginManager: Mounting plugin CryptoKeys
LogPluginManager: Mounting plugin DataValidation
LogPluginManager: Mounting plugin FacialAnimation
LogPluginManager: Mounting plugin GameplayTagsEditor
LogPluginManager: Mounting plugin MacGraphicsSwitching
LogPluginManager: Mounting plugin MeshEditor
LogPluginManager: Mounting plugin MobileLauncherProfileWizard
LogPluginManager: Mounting plugin PluginBrowser
LogPluginManager: Mounting plugin SpeedTreeImporter
LogPluginManager: Mounting plugin DatasmithContent
LogPluginManager: Mounting plugin AlembicImporter
LogPluginManager: Mounting plugin AppleImageUtils
LogPluginManager: Mounting plugin AppleVision
LogPluginManager: Mounting plugin BackChannel
LogPluginManager: Mounting plugin CharacterAI
LogPluginManager: Mounting plugin GeometryCache
LogPluginManager: Mounting plugin HTML5Networking
LogPluginManager: Mounting plugin ProxyLODPlugin
LogPluginManager: Mounting plugin MagicLeap
LogPluginManager: Mounting plugin MagicLeapEmulator
LogPluginManager: Mounting plugin MagicLeapMedia
LogPluginManager: Mounting plugin AndroidMedia
LogPluginManager: Mounting plugin AvfMedia
LogPluginManager: Mounting plugin ImgMedia
LogPluginManager: Mounting plugin LinearTimecode
LogPluginManager: Mounting plugin MediaCompositing
LogPluginManager: Mounting plugin MediaPlayerEditor
LogPluginManager: Mounting plugin WmfMedia
LogPluginManager: Mounting plugin TcpMessaging
LogPluginManager: Mounting plugin UdpMessaging
LogPluginManager: Mounting plugin ActorSequence
LogPluginManager: Mounting plugin LevelSequenceEditor
LogPluginManager: Mounting plugin MatineeToLevelSequence
LogPluginManager: Mounting plugin NetcodeUnitTest
LogPluginManager: Mounting plugin NUTUnrealEngine4
LogPluginManager: Mounting plugin OnlineSubsystemGooglePlay
LogPluginManager: Mounting plugin OnlineSubsystemIOS
LogPluginManager: Mounting plugin OnlineSubsystem
LogPluginManager: Mounting plugin OnlineSubsystemNull
LogPluginManager: Mounting plugin OnlineSubsystemUtils
LogPluginManager: Mounting plugin LauncherChunkInstaller
LogPluginManager: Mounting plugin AndroidDeviceProfileSelector
LogPluginManager: Mounting plugin AndroidMoviePlayer
LogPluginManager: Mounting plugin AndroidPermission
LogPluginManager: Mounting plugin AppleMoviePlayer
LogPluginManager: Mounting plugin ArchVisCharacter
LogPluginManager: Mounting plugin AudioCapture
LogPluginManager: Mounting plugin CableComponent
LogPluginManager: Mounting plugin CustomMeshComponent
LogPluginManager: Mounting plugin EditableMesh
LogPluginManager: Mounting plugin ExampleDeviceProfileSelector
LogPluginManager: Mounting plugin GoogleCloudMessaging
LogPluginManager: Mounting plugin ImmediatePhysics
LogPluginManager: Mounting plugin IOSDeviceProfileSelector
LogPluginManager: Mounting plugin LinuxDeviceProfileSelector
LogPluginManager: Mounting plugin LocationServicesBPLibrary
LogPluginManager: Mounting plugin MobilePatchingUtils
LogPluginManager: Mounting plugin OculusVR
LogPluginManager: Plugin shader directory ../../../Engine/Plugins/Runtime/Oculus/OculusVR/Shaders found
LogPluginManager: Mapping shader source directory ../../../Engine/Plugins/Runtime/Oculus/OculusVR/Shaders to virtual directory /Plugin/OculusVR
LogPluginManager: Mounting plugin PhysXVehicles
LogPluginManager: Mounting plugin ProceduralMeshComponent
LogPluginManager: Mounting plugin RuntimePhysXCooking
LogPluginManager: Mounting plugin SteamVR
LogPluginManager: Mounting plugin WindowsMoviePlayer
LogStreaming: Display: Took  0.037s to configure plugins.
LogInit: Using libcurl 7.55.1-DEV
LogInit:  - built for x86_64-pc-win32
LogInit:  - supports SSL with OpenSSL/1.0.2h
LogInit:  - supports HTTP deflate (compression) using libz 1.2.8
LogInit:  - other features:
LogInit:      CURL_VERSION_SSL
LogInit:      CURL_VERSION_LIBZ
LogInit:      CURL_VERSION_IPV6
LogInit:      CURL_VERSION_ASYNCHDNS
LogInit:      CURL_VERSION_LARGEFILE
LogInit:      CURL_VERSION_IDN
LogInit:  CurlRequestOptions (configurable via config and command line):
LogInit:  - bVerifyPeer = false  - Libcurl will NOT verify peer certificate
LogInit:  - bUseHttpProxy = false  - Libcurl will NOT use HTTP proxy
LogInit:  - bDontReuseConnections = false  - Libcurl will reuse connections
LogInit:  - CertBundlePath = nullptr  - Libcurl will use whatever was configured at build time.
LogInit:  - MaxHostConnections = 16  - Libcurl will limit the number of connections to a host
LogInit:  - LocalHostAddr = Default
LogInit:  - BufferSize = 65536
LogModuleManager: Warning: ModuleManager: Unable to load module 'OnlineSubsystemSteam'  - 0 instances of that module name found.
LogInit: WinSock: version 1.1 (2.2), MaxSocks=32767, MaxUdp=65467
LogInit: Build: ++UE4+Release-4.20-CL-4233996
LogInit: Engine Version: 4.20.1-4233996+++UE4+Release-4.20
LogInit: Compatible Engine Version: 4.20.0-4212847+++UE4+Release-4.20
LogInit: Net CL: 4212847
LogInit: OS: Windows 10 (), CPU: Intel(R) Core(TM) i7-8700 CPU @ 3.20GHz, GPU: Radeon RX 580 Series
LogInit: Compiled (64-bit): Jul 26 2018 10:07:30
LogInit: Compiled with Visual C++: 19.13.26129.00
LogInit: Build Configuration: Development
LogInit: Branch Name: ++UE4+Release-4.20
LogInit: Command Line:  /Game/Maps/MainMenu -game -PIEVIACONSOLE -ResX=1280 -ResY=720  -Multiprocess -messaging -SessionName="Play in Standalone Game" -windowed 
LogInit: Base Directory: C:/Program Files/Epic Games/UE_4.20/Engine/Binaries/Win64/
LogInit: Installed Engine Build: 1
LogDevObjectVersion: Number of dev versions registered: 20
LogDevObjectVersion:   Dev-Blueprints (B0D832E4-1F89-4F0D-ACCF-7EB736FD4AA2): 10
LogDevObjectVersion:   Dev-Build (E1C64328-A22C-4D53-A36C-8E866417BD8C): 0
LogDevObjectVersion:   Dev-Core (375EC13C-06E4-48FB-B500-84F0262A717E): 2
LogDevObjectVersion:   Dev-Editor (E4B068ED-F494-42E9-A231-DA0B2E46BB41): 24
LogDevObjectVersion:   Dev-Framework (CFFC743F-43B0-4480-9391-14DF171D2073): 34
LogDevObjectVersion:   Dev-Mobile (B02B49B5-BB20-44E9-A304-32B752E40360): 2
LogDevObjectVersion:   Dev-Networking (A4E4105C-59A1-49B5-A7C5-40C4547EDFEE): 0
LogDevObjectVersion:   Dev-Online (39C831C9-5AE6-47DC-9A44-9C173E1C8E7C): 0
LogDevObjectVersion:   Dev-Physics (78F01B33-EBEA-4F98-B9B4-84EACCB95AA2): 0
LogDevObjectVersion:   Dev-Platform (6631380F-2D4D-43E0-8009-CF276956A95A): 0
LogDevObjectVersion:   Dev-Rendering (12F88B9F-8875-4AFC-A67C-D90C383ABD29): 26
LogDevObjectVersion:   Dev-Sequencer (7B5AE74C-D270-4C10-A958-57980B212A5A): 9
LogDevObjectVersion:   Dev-VR (D7296918-1DD6-4BDD-9DE2-64A83CC13884): 2
LogDevObjectVersion:   Dev-LoadTimes (C2A15278-BFE7-4AFE-6C17-90FF531DF755): 1
LogDevObjectVersion:   Private-Geometry (6EACA3D4-40EC-4CC1-B786-8BED09428FC5): 3
LogDevObjectVersion:   Dev-AnimPhys (29E575DD-E0A3-4627-9D10-D276232CDCEA): 17
LogDevObjectVersion:   Dev-ReflectionCapture (6B266CEC-1EC7-4B8F-A30B-E4D90942FC07): 1
LogDevObjectVersion:   Dev-Automation (0DF73D61-A23F-47EA-B727-89E90C41499A): 1
LogDevObjectVersion:   FortniteMain (601D1886-AC64-4F84-AA16-D3DE0DEAC7D6): 12
LogDevObjectVersion:   Dev-Enterprise (9DFFBCD6-494F-0158-E221-12823C92A888): 1
LogStreaming: Display: Took  0.001s to delete old logs.
LogInit: Presizing for max 8388607 objects, including 0 objects not considered by GC, pre-allocating 0 bytes for permanent pool.
LogInit: Object subsystem initialized
[2018.08.24-20.35.48:155][  0]LogInit: Selected Device Profile: [Windows]
[2018.08.24-20.35.48:155][  0]LogInit: Applying CVar settings loaded from the selected device profile: [Windows]
[2018.08.24-20.35.48:158][  0]LogHAL: Display: Platform has ~ 16 GB [17098670080 / 17179869184 / 16], which maps to Larger [LargestMinGB=32, LargerMinGB=12, DefaultMinGB=8, SmallerMinGB=6, SmallestMinGB=0)
[2018.08.24-20.35.48:158][  0]LogInit: Setting Device Profile CVar: [[r.Vulkan.UseRealUBs:1]]
[2018.08.24-20.35.48:158][  0]LogInit: Going up to parent DeviceProfile []
[2018.08.24-20.35.48:158][  0]LogInit: Computer: RANJU
[2018.08.24-20.35.48:158][  0]LogInit: User: OEM
[2018.08.24-20.35.48:158][  0]LogInit: CPU Page size=4096, Cores=6
[2018.08.24-20.35.48:158][  0]LogInit: High frequency timer resolution =3.117184 MHz
[2018.08.24-20.35.48:158][  0]LogMemory: Memory total: Physical=15.9GB (16GB approx)
[2018.08.24-20.35.48:158][  0]LogMemory: Platform Memory Stats for Windows
[2018.08.24-20.35.48:158][  0]LogMemory: Process Physical Memory: 101.06 MB used, 101.06 MB peak
[2018.08.24-20.35.48:158][  0]LogMemory: Process Virtual Memory: 85.90 MB used, 85.90 MB peak
[2018.08.24-20.35.48:158][  0]LogMemory: Physical Memory: 5669.23 MB used,  10637.33 MB free, 16306.56 MB total
[2018.08.24-20.35.48:158][  0]LogMemory: Virtual Memory: 4638.21 MB used,  10637.33 MB free, 134217728.00 MB total
[2018.08.24-20.35.48:173][  0]LogInit: Using OS detected language (en-US).
[2018.08.24-20.35.48:173][  0]LogInit: Using OS detected locale (en-NZ).
[2018.08.24-20.35.48:173][  0]LogTextLocalizationManager: No specific localization for 'en-US' exists, so the 'en' localization will be used.
[2018.08.24-20.35.48:449][  0]LogStreaming: Display: Took  0.277s to InitEngineTextLocalization.
[2018.08.24-20.35.48:528][  0]LogSlate: New Slate User Created.  User Index 0, Is Virtual User: 0
[2018.08.24-20.35.48:528][  0]LogSlate: Slate User Registered.  User Index 0, Is Virtual User: 0
[2018.08.24-20.35.48:592][  0]LogHMD: Failed to initialize OpenVR with code 110
[2018.08.24-20.35.48:592][  0]LogD3D11RHI: D3D11 adapters:
[2018.08.24-20.35.48:616][  0]LogD3D11RHI:    0. 'Radeon RX 580 Series' (Feature Level 11_0)
[2018.08.24-20.35.48:616][  0]LogD3D11RHI:       8137/0/8153 MB DedicatedVideo/DedicatedSystem/SharedSystem, Outputs:3, VendorId:0x1002
[2018.08.24-20.35.48:618][  0]LogD3D11RHI:    1. 'Microsoft Basic Render Driver' (Feature Level 11_0)
[2018.08.24-20.35.48:618][  0]LogD3D11RHI:       0/0/8153 MB DedicatedVideo/DedicatedSystem/SharedSystem, Outputs:0, VendorId:0x1414
[2018.08.24-20.35.48:618][  0]LogD3D11RHI: Chosen D3D11 Adapter: 0
[2018.08.24-20.35.48:623][  0]LogD3D11RHI: Creating new Direct3DDevice
[2018.08.24-20.35.48:623][  0]LogD3D11RHI:     GPU DeviceId: 0x67df (for the marketing name, search the web for "GPU Device Id")
[2018.08.24-20.35.48:623][  0]LogWindows: EnumDisplayDevices:
[2018.08.24-20.35.48:624][  0]LogWindows:    0. 'Radeon RX 580 Series' (P:1 D:1)
[2018.08.24-20.35.48:624][  0]LogWindows:    1. 'Radeon RX 580 Series' (P:0 D:1)
[2018.08.24-20.35.48:624][  0]LogWindows:    2. 'Radeon RX 580 Series' (P:0 D:1)
[2018.08.24-20.35.48:625][  0]LogWindows:    3. 'Radeon RX 580 Series' (P:0 D:0)
[2018.08.24-20.35.48:625][  0]LogWindows:    4. 'Radeon RX 580 Series' (P:0 D:0)
[2018.08.24-20.35.48:625][  0]LogWindows:    5. 'Radeon RX 580 Series' (P:0 D:0)
[2018.08.24-20.35.48:625][  0]LogWindows:    6. 'Radeon RX 580 Series' (P:0 D:0)
[2018.08.24-20.35.48:626][  0]LogWindows:    7. 'Radeon RX 580 Series' (P:0 D:0)
[2018.08.24-20.35.48:626][  0]LogWindows:    8. 'Radeon RX 580 Series' (P:0 D:0)
[2018.08.24-20.35.48:626][  0]LogWindows:    9. 'Radeon RX 580 Series' (P:0 D:0)
[2018.08.24-20.35.48:627][  0]LogWindows:    10. 'Radeon RX 580 Series' (P:0 D:0)
[2018.08.24-20.35.48:627][  0]LogWindows:    11. 'Radeon RX 580 Series' (P:0 D:0)
[2018.08.24-20.35.48:627][  0]LogWindows:    12. 'Radeon RX 580 Series' (P:0 D:0)
[2018.08.24-20.35.48:628][  0]LogWindows:    13. 'Radeon RX 580 Series' (P:0 D:0)
[2018.08.24-20.35.48:628][  0]LogWindows:    14. 'Radeon RX 580 Series' (P:0 D:0)
[2018.08.24-20.35.48:628][  0]LogWindows:    15. 'Radeon RX 580 Series' (P:0 D:0)
[2018.08.24-20.35.48:629][  0]LogWindows: DebugString: FoundDriverCount:16 
[2018.08.24-20.35.48:629][  0]LogD3D11RHI:     Adapter Name: Radeon RX 580 Series
[2018.08.24-20.35.48:629][  0]LogD3D11RHI:   Driver Version: Adrenalin 18.5.2 (internal:24.20.11019.1004, unified:24.20.11019.1004)
[2018.08.24-20.35.48:629][  0]LogD3D11RHI:      Driver Date: 5-29-2018
[2018.08.24-20.35.48:629][  0]LogRHI: Texture pool is 5695 MB (70% of 8137 MB)
[2018.08.24-20.35.48:852][  0]LogD3D11RHI: Async texture creation enabled
[2018.08.24-20.35.48:863][  0]LogD3D11RHI: GPU Timing Frequency: 25.000000 (Debug: 2 1)
[2018.08.24-20.35.48:865][  0]LogShaderCompilers: Guid format shader working directory is 8 characters bigger than the processId version (D:/Unreal Projects/FPSMultiPlayerBP/Intermediate/Shaders/WorkingDirectory/11476/).
[2018.08.24-20.35.48:865][  0]LogShaderCompilers: Cleaned the shader compiler working directory 'C:/Users/OEM/AppData/Local/Temp/UnrealShaderWorkingDir/3E11B61C4595AB0849C1F98D2100DC97/'.
[2018.08.24-20.35.49:088][  0]LogTemp: Display: Loaded TP WindowsClientTargetPlatform
[2018.08.24-20.35.49:098][  0]LogTemp: Display: Loaded TP WindowsNoEditorTargetPlatform
[2018.08.24-20.35.49:107][  0]LogTemp: Display: Loaded TP WindowsServerTargetPlatform
[2018.08.24-20.35.49:113][  0]LogTemp: Display: Loaded TP WindowsTargetPlatform
[2018.08.24-20.35.49:113][  0]LogTargetPlatformManager: Display: Building Assets For Windows
[2018.08.24-20.35.49:165][  0]LogXGEController: Cannot use XGE Controller as Incredibuild is not installed on this machine.
[2018.08.24-20.35.49:165][  0]LogShaderCompilers: Cannot use XGE Shader Compiler as Incredibuild is not installed on this machine.
[2018.08.24-20.35.49:165][  0]LogShaderCompilers: Display: Using Local Shader Compiler.
[2018.08.24-20.35.49:721][  0]LogDerivedDataCache: Display: Max Cache Size: 512 MB
[2018.08.24-20.35.49:765][  0]LogDerivedDataCache: Loaded boot cache 0.04s 71MB C:/Users/OEM/AppData/Local/UnrealEngine/4.20/DerivedDataCache/Boot.ddc.
[2018.08.24-20.35.49:765][  0]LogDerivedDataCache: Display: Loaded Boot cache: C:/Users/OEM/AppData/Local/UnrealEngine/4.20/DerivedDataCache/Boot.ddc
[2018.08.24-20.35.49:765][  0]LogDerivedDataCache: FDerivedDataBackendGraph:  Pak pak cache file D:/Unreal Projects/FPSMultiPlayerBP/DerivedDataCache/DDC.ddp not found, will not use a pak cache.
[2018.08.24-20.35.49:765][  0]LogDerivedDataCache: Unable to find inner node Pak for hierarchical cache Hierarchy.
[2018.08.24-20.35.49:765][  0]LogDerivedDataCache: FDerivedDataBackendGraph:  CompressedPak pak cache file D:/Unreal Projects/FPSMultiPlayerBP/DerivedDataCache/Compressed.ddp not found, will not use a pak cache.
[2018.08.24-20.35.49:765][  0]LogDerivedDataCache: Unable to find inner node CompressedPak for hierarchical cache Hierarchy.
[2018.08.24-20.35.49:775][  0]LogDerivedDataCache: Display: Pak cache opened for reading ../../../Engine/DerivedDataCache/Compressed.ddp.
[2018.08.24-20.35.49:787][  0]LogDerivedDataCache: Using Local data cache path C:/Users/OEM/AppData/Local/UnrealEngine/Common/DerivedDataCache: Writable
[2018.08.24-20.35.49:787][  0]LogDerivedDataCache: Shared data cache path not found in *engine.ini, will not use an Shared cache.
[2018.08.24-20.35.49:787][  0]LogDerivedDataCache: Unable to find inner node Shared for hierarchical cache Hierarchy.
[2018.08.24-20.35.49:801][  0]LogMaterial: Verifying Global Shaders for PCD3D_SM5
[2018.08.24-20.35.49:802][  0]LogSlate: Using FreeType 2.6.0
[2018.08.24-20.35.49:803][  0]LogSlate: SlateFontServices - WITH_FREETYPE: 1, WITH_HARFBUZZ: 1
[2018.08.24-20.35.49:840][  0]LogInit: Using OS detected language (en-US).
[2018.08.24-20.35.49:840][  0]LogInit: Using OS detected locale (en-NZ).
[2018.08.24-20.35.49:840][  0]LogTextLocalizationManager: No localization for 'en-US' exists, so 'en' will be used for the language.
[2018.08.24-20.35.49:840][  0]LogTextLocalizationManager: No localization for 'en-NZ' exists, so 'en' will be used for the locale.
[2018.08.24-20.35.50:054][  0]LogStreaming: Display: Took  0.213s to InitGameTextLocalization.
[2018.08.24-20.35.50:060][  0]LogAssetRegistry: FAssetRegistry took 0.0031 seconds to start up
[2018.08.24-20.35.50:197][  0]LogPackageLocalizationCache: Processed 11 localized package path(s) for 1 prioritized culture(s) in 0.007289 seconds
[2018.08.24-20.35.50:278][  0]LogInit: Selected Device Profile: [Windows]
[2018.08.24-20.35.50:376][  0]LogSimplygon: Simplygon DLL not present - disabling.
[2018.08.24-20.35.50:379][  0]LogMeshReduction: Using SimplygonSwarm for distributed automatic mesh merging
[2018.08.24-20.35.50:379][  0]LogMeshReduction: Using ProxyLODMeshReduction for automatic mesh merging
[2018.08.24-20.35.50:379][  0]LogMeshReduction: Using QuadricMeshReduction for automatic static mesh reduction
[2018.08.24-20.35.50:379][  0]LogMeshReduction: No automatic skeletal mesh reduction module available
[2018.08.24-20.35.50:448][  0]LogNetVersion: FPSMultiPlayerBP 1.0.0, NetCL: 4212847, EngineNetVer: 5, GameNetVer: 0 (Checksum: 3398490363)
[2018.08.24-20.35.50:833][  0]LogMoviePlayer: Initializing movie player
[2018.08.24-20.35.51:030][  0]LogTcpMessaging: Initializing TcpMessaging bridge
[2018.08.24-20.35.51:042][  0]LogUdpMessaging: Initializing bridge on interface 0.0.0.0:0 to multicast group 230.0.0.1:6666.
[2018.08.24-20.35.51:121][  0]SourceControl: Source control is disabled
[2018.08.24-20.35.51:121][  0]SourceControl: Source control is disabled
[2018.08.24-20.35.51:122][  0]SourceControl: Source control is disabled
[2018.08.24-20.35.51:244][  0]LogAndroidPermission: UAndroidPermissionCallbackProxy::GetInstance
[2018.08.24-20.35.51:331][  0]LogOcInput: OculusInput pre-init called
[2018.08.24-20.35.51:338][  0]LogUObjectArray: 42168 objects as part of root set at end of initial load.
[2018.08.24-20.35.51:338][  0]LogUObjectAllocator: 7432344 out of 0 bytes used by permanent object pool.
[2018.08.24-20.35.51:338][  0]LogUObjectArray: CloseDisregardForGC: 0/0 objects in disregard for GC pool
[2018.08.24-20.35.51:380][  0]LogEngine: Initializing Engine...
[2018.08.24-20.35.51:381][  0]LogHMD: Failed to initialize OpenVR with code 110
[2018.08.24-20.35.51:393][  0]LogStats: UGameplayTagsManager::ConstructGameplayTagTree: ImportINI prefixes -  0.000 s
[2018.08.24-20.35.51:393][  0]LogStats: UGameplayTagsManager::ConstructGameplayTagTree: Construct from data asset -  0.000 s
[2018.08.24-20.35.51:393][  0]LogStats: UGameplayTagsManager::ConstructGameplayTagTree: ImportINI -  0.000 s
[2018.08.24-20.35.51:393][  0]LogStats: UGameplayTagsManager::ConstructGameplayTagTree: GameplayTagTreeChangedEvent.Broadcast -  0.000 s
[2018.08.24-20.35.51:516][  0]LogInit: Initializing FReadOnlyCVARCache
[2018.08.24-20.35.51:546][  0]LogInit: XAudio2 using 'Speakers (Realtek High Definition Audio)' : 2 channels at 48 kHz using 32 bits per sample (channel mask 0x3)
[2018.08.24-20.35.51:568][  0]LogInit: FAudioDevice initialized.
[2018.08.24-20.35.51:579][  0]LogNetVersion: Set ProjectVersion to 1.0.0.0. Version Checksum will be recalculated on next use.
[2018.08.24-20.35.51:584][  0]LogInit: Texture streaming: Enabled
[2018.08.24-20.35.51:790][  0]LogSlate: Updating window title bar state: overlay mode, drag disabled, window buttons hidden, title bar hidden
[2018.08.24-20.35.51:790][  0]LogInit: Display: Game Engine Initialized.
[2018.08.24-20.35.51:790][  0]LogGameplayTags: Display: UGameplayTagsManager::DoneAddingNativeTags. DelegateIsBound: 0
[2018.08.24-20.35.51:790][  0]LogStats: UGameplayTagsManager::ConstructGameplayTagTree: ImportINI prefixes -  0.000 s
[2018.08.24-20.35.51:790][  0]LogStats: UGameplayTagsManager::ConstructGameplayTagTree: Construct from data asset -  0.000 s
[2018.08.24-20.35.51:790][  0]LogStats: UGameplayTagsManager::ConstructGameplayTagTree: ImportINI -  0.000 s
[2018.08.24-20.35.51:790][  0]LogStats: UGameplayTagsManager::ConstructGameplayTagTree: GameplayTagTreeChangedEvent.Broadcast -  0.000 s
[2018.08.24-20.35.51:803][  0]LogInit: Display: Starting Game.
[2018.08.24-20.35.51:803][  0]LogNet: Browse: /Game/Maps/MainMenu?Name=Player
[2018.08.24-20.35.51:803][  0]LogLoad: LoadMap: /Game/Maps/MainMenu?Name=Player
[2018.08.24-20.35.51:842][  0]LogAIModule: Creating AISystem for world MainMenu
[2018.08.24-20.35.51:947][  0]LogLoad: Game class is 'ThirdPersonGameMode_C'
[2018.08.24-20.35.51:948][  0]LogWorld: Bringing World /Game/Maps/MainMenu.MainMenu up for play (max tick rate 0) at 2018.08.25-08.35.51
[2018.08.24-20.35.51:948][  0]LogWorld: Bringing up level for play took: 0.000371
[2018.08.24-20.35.51:949][  0]LogGameMode: FindPlayerStart: PATHS NOT DEFINED or NO PLAYERSTART with positive rating
[2018.08.24-20.35.51:954][  0]LogLoad: Took 0.151365 seconds to LoadMap(/Game/Maps/MainMenu)
[2018.08.24-20.35.52:231][  0]LogRenderer: Reallocating scene render targets to support 1280x720 Format 10 NumSamples 1 (Frame:1).
[2018.08.24-20.35.52:231][  0]LogLoad: (Engine Initialization) Total time: 5.92 seconds
[2018.08.24-20.35.52:231][  0]LogLoad: (Engine Initialization) Total Blueprint compile time: 0.00 seconds
[2018.08.24-20.35.52:247][  0]LogWindowsTextInputMethodSystem: Display: IME system now deactivated.
[2018.08.24-20.35.52:249][  0]LogContentStreaming: Texture pool size now 3000 MB
[2018.08.24-20.36.11:121][169]LogSlate: FSceneViewport::OnFocusLost() reason 0
[2018.08.24-20.36.11:185][173]Closing by request
[2018.08.24-20.36.11:186][173]LogWindows: FPlatformMisc::RequestExit(0)
[2018.08.24-20.36.11:425][174]LogSlate: Window 'FPSMultiPlayerBP (64-bit Development PCD3D_SM5) ' being destroyed
[2018.08.24-20.36.11:425][174]LogWindowsTextInputMethodSystem: Display: IME system now deactivated.
[2018.08.24-20.36.11:428][174]LogWindowsTextInputMethodSystem: Display: IME system now deactivated.
[2018.08.24-20.36.11:429][174]LogExit: Preparing to exit.
[2018.08.24-20.36.11:429][174]LogMoviePlayer: Shutting down movie player
[2018.08.24-20.36.12:065][174]LogSlate: Updating window title bar state: overlay mode, drag disabled, window buttons hidden, title bar hidden
[2018.08.24-20.36.12:070][174]LogExit: Game engine shut down
[2018.08.24-20.36.12:257][174]LogExit: Object subsystem successfully closed.
[2018.08.24-20.36.12:272][174]LogShaderCompilers: Display: Shaders left to compile 0
[2018.08.24-20.36.12:274][174]LogD3D11RHI: Shutdown
[2018.08.24-20.36.12:274][174]LogD3D11RHI: CleanupD3DDevice
[2018.08.24-20.36.12:274][174]LogD3D11RHI: ~FD3D11DynamicRHI
[2018.08.24-20.36.12:293][174]LogModuleManager: Shutting down and abandoning module SequenceRecorderSections (377)
[2018.08.24-20.36.12:293][174]LogModuleManager: Shutting down and abandoning module SequenceRecorder (375)
[2018.08.24-20.36.12:293][174]LogModuleManager: Shutting down and abandoning module AutomationController (373)
[2018.08.24-20.36.12:293][174]LogModuleManager: Shutting down and abandoning module AutomationWorker (371)
[2018.08.24-20.36.12:293][174]LogModuleManager: Shutting down and abandoning module Voice (369)
[2018.08.24-20.36.12:293][174]LogModuleManager: Shutting down and abandoning module AIModule (367)
[2018.08.24-20.36.12:293][174]LogModuleManager: Shutting down and abandoning module GameplayDebugger (366)
[2018.08.24-20.36.12:293][174]LogModuleManager: Shutting down and abandoning module AITestSuite (364)
[2018.08.24-20.36.12:293][174]LogModuleManager: Shutting down and abandoning module NavigationSystem (362)
[2018.08.24-20.36.12:293][174]LogModuleManager: Shutting down and abandoning module WmfMediaFactory (359)
[2018.08.24-20.36.12:293][174]LogModuleManager: Shutting down and abandoning module OpenExrWrapper (357)
[2018.08.24-20.36.12:293][174]LogModuleManager: Shutting down and abandoning module ImgMediaFactory (355)
[2018.08.24-20.36.12:293][174]LogModuleManager: Shutting down and abandoning module AvfMediaFactory (353)
[2018.08.24-20.36.12:293][174]LogModuleManager: Shutting down and abandoning module MagicLeapCameraPreviewFactory (351)
[2018.08.24-20.36.12:293][174]LogModuleManager: Shutting down and abandoning module MagicLeapMediaFactory (349)
[2018.08.24-20.36.12:293][174]LogModuleManager: Shutting down and abandoning module CharacterAI (347)
[2018.08.24-20.36.12:293][174]LogModuleManager: Shutting down and abandoning module SessionServices (345)
[2018.08.24-20.36.12:293][174]LogModuleManager: Shutting down and abandoning module MovieSceneCapture (343)
[2018.08.24-20.36.12:293][174]LogModuleManager: Shutting down and abandoning module MovieSceneTracks (341)
[2018.08.24-20.36.12:293][174]LogModuleManager: Shutting down and abandoning module MovieScene (339)
[2018.08.24-20.36.12:293][174]LogModuleManager: Shutting down and abandoning module StreamingPauseRendering (337)
[2018.08.24-20.36.12:293][174]LogModuleManager: Shutting down and abandoning module PortalServices (335)
[2018.08.24-20.36.12:293][174]LogModuleManager: Shutting down and abandoning module PortalRpc (333)
[2018.08.24-20.36.12:293][174]LogModuleManager: Shutting down and abandoning module MessagingRpc (331)
[2018.08.24-20.36.12:293][174]LogModuleManager: Shutting down and abandoning module ProfilerService (329)
[2018.08.24-20.36.12:389][174]LogModuleManager: Shutting down and abandoning module TaskGraph (327)
[2018.08.24-20.36.12:389][174]LogModuleManager: Shutting down and abandoning module SteamVRController (325)
[2018.08.24-20.36.12:389][174]LogModuleManager: Shutting down and abandoning module ProceduralMeshComponent (323)
[2018.08.24-20.36.12:389][174]LogModuleManager: Shutting down and abandoning module OculusInput (321)
[2018.08.24-20.36.12:389][174]LogModuleManager: Shutting down and abandoning module MobilePatchingUtils (319)
[2018.08.24-20.36.12:389][174]LogModuleManager: Shutting down and abandoning module EditableMesh (317)
[2018.08.24-20.36.12:389][174]LogModuleManager: Shutting down and abandoning module CustomMeshComponent (315)
[2018.08.24-20.36.12:389][174]LogModuleManager: Shutting down and abandoning module CableComponent (313)
[2018.08.24-20.36.12:389][174]LogModuleManager: Shutting down and abandoning module AudioCapture (311)
[2018.08.24-20.36.12:389][174]LogModuleManager: Shutting down and abandoning module ArchVisCharacter (309)
[2018.08.24-20.36.12:389][174]LogModuleManager: Shutting down and abandoning module AndroidPermission (307)
[2018.08.24-20.36.12:389][174]LogModuleManager: Shutting down and abandoning module NUTUnrealEngine4 (305)
[2018.08.24-20.36.12:389][174]LogModuleManager: Shutting down and abandoning module NetcodeUnitTest (303)
[2018.08.24-20.36.12:389][174]LogModuleManager: Shutting down and abandoning module MediaCompositing (301)
[2018.08.24-20.36.12:389][174]LogModuleManager: Shutting down and abandoning module LinearTimecode (299)
[2018.08.24-20.36.12:389][174]LogModuleManager: Shutting down and abandoning module ImgMedia (297)
[2018.08.24-20.36.12:391][174]LogModuleManager: Shutting down and abandoning module HTML5Networking (295)
[2018.08.24-20.36.12:391][174]LogModuleManager: Shutting down and abandoning module GeometryCacheTracks (293)
[2018.08.24-20.36.12:391][174]LogModuleManager: Shutting down and abandoning module GeometryCacheSequencer (292)
[2018.08.24-20.36.12:391][174]LogModuleManager: Shutting down and abandoning module GeometryCache (289)
[2018.08.24-20.36.12:391][174]LogModuleManager: Shutting down and abandoning module GeometryCacheEd (288)
[2018.08.24-20.36.12:391][174]LogModuleManager: Shutting down and abandoning module BackChannel (285)
[2018.08.24-20.36.12:391][174]LogModuleManager: Shutting down and abandoning module AppleVision (283)
[2018.08.24-20.36.12:391][174]LogModuleManager: Shutting down and abandoning module AppleImageUtils (281)
[2018.08.24-20.36.12:391][174]LogModuleManager: Shutting down and abandoning module DatasmithContent (279)
[2018.08.24-20.36.12:391][174]LogModuleManager: Shutting down and abandoning module CryptoKeysOpenSSL (277)
[2018.08.24-20.36.12:391][174]LogModuleManager: Shutting down and abandoning module CryptoKeys (275)
[2018.08.24-20.36.12:391][174]LogModuleManager: Shutting down and abandoning module VisualStudioSourceCodeAccess (273)
[2018.08.24-20.36.12:391][174]LogModuleManager: Shutting down and abandoning module HotReload (272)
[2018.08.24-20.36.12:392][174]LogModuleManager: Shutting down and abandoning module DirectoryWatcher (271)
[2018.08.24-20.36.12:392][174]LogModuleManager: Shutting down and abandoning module VisualStudioCodeSourceCodeAccess (267)
[2018.08.24-20.36.12:392][174]LogModuleManager: Shutting down and abandoning module UObjectPlugin (265)
[2018.08.24-20.36.12:392][174]LogModuleManager: Shutting down and abandoning module SubversionSourceControl (263)
[2018.08.24-20.36.12:392][174]LogModuleManager: Shutting down and abandoning module PerforceSourceControl (261)
[2018.08.24-20.36.12:392][174]LogModuleManager: Shutting down and abandoning module SourceControl (260)
[2018.08.24-20.36.12:392][174]LogModuleManager: Shutting down and abandoning module CLionSourceCodeAccess (257)
[2018.08.24-20.36.12:392][174]LogModuleManager: Shutting down and abandoning module RuntimePhysXCooking (255)
[2018.08.24-20.36.12:392][174]LogModuleManager: Shutting down and abandoning module PhysXVehiclesEditor (253)
[2018.08.24-20.36.12:392][174]LogModuleManager: Shutting down and abandoning module PhysXVehicles (251)
[2018.08.24-20.36.12:392][174]LogModuleManager: Shutting down and abandoning module LocationServicesBPLibrary (249)
[2018.08.24-20.36.12:392][174]LogModuleManager: Shutting down and abandoning module ImmediatePhysicsEditor (247)
[2018.08.24-20.36.12:392][174]LogModuleManager: Shutting down and abandoning module ImmediatePhysics (245)
[2018.08.24-20.36.12:392][174]LogModuleManager: Shutting down and abandoning module ActorSequence (243)
[2018.08.24-20.36.12:392][174]LogModuleManager: Shutting down and abandoning module UdpMessaging (241)
[2018.08.24-20.36.12:493][174]LogModuleManager: Shutting down and abandoning module TcpMessaging (239)
[2018.08.24-20.36.13:046][174]LogModuleManager: Shutting down and abandoning module MagicLeapAudio (237)
[2018.08.24-20.36.13:046][174]LogModuleManager: Shutting down and abandoning module GameplayTagsEditor (235)
[2018.08.24-20.36.13:046][174]LogModuleManager: Shutting down and abandoning module FacialAnimation (233)
[2018.08.24-20.36.13:046][174]LogModuleManager: Shutting down and abandoning module DataValidation (231)
[2018.08.24-20.36.13:046][174]LogModuleManager: Shutting down and abandoning module AssetManagerEditor (229)
[2018.08.24-20.36.13:046][174]LogModuleManager: Shutting down and abandoning module TreeMap (228)
[2018.08.24-20.36.13:046][174]LogModuleManager: Shutting down and abandoning module LightPropagationVolumeRuntime (225)
[2018.08.24-20.36.13:046][174]LogModuleManager: Shutting down and abandoning module AISupportModule (223)
[2018.08.24-20.36.13:046][174]LogModuleManager: Shutting down and abandoning module Paper2D (221)
[2018.08.24-20.36.13:046][174]LogModuleManager: Shutting down and abandoning module PIEPreviewDeviceProfileSelector (219)
[2018.08.24-20.36.13:046][174]LogModuleManager: Shutting down and abandoning module WindowsMoviePlayer (217)
[2018.08.24-20.36.13:046][174]LogModuleManager: Shutting down and abandoning module WmfMedia (215)
[2018.08.24-20.36.13:047][174]LogModuleManager: Shutting down and abandoning module Media (214)
[2018.08.24-20.36.13:053][174]LogModuleManager: Shutting down and abandoning module PacketHandler (211)
[2018.08.24-20.36.13:054][174]LogModuleManager: Shutting down and abandoning module ClothingSystemEditor (209)
[2018.08.24-20.36.13:054][174]LogModuleManager: Shutting down and abandoning module ClothingSystemRuntime (207)
[2018.08.24-20.36.13:054][174]LogModuleManager: Shutting down and abandoning module MediaAssets (205)
[2018.08.24-20.36.13:054][174]LogModuleManager: Shutting down and abandoning module Overlay (203)
[2018.08.24-20.36.13:054][174]LogModuleManager: Shutting down and abandoning module OverlayEditor (202)
[2018.08.24-20.36.13:054][174]LogModuleManager: Shutting down and abandoning module VREditor (199)
[2018.08.24-20.36.13:054][174]LogModuleManager: Shutting down and abandoning module StringTableEditor (197)
[2018.08.24-20.36.13:054][174]LogModuleManager: Shutting down and abandoning module GameplayTasksEditor (195)
[2018.08.24-20.36.13:054][174]LogModuleManager: Shutting down and abandoning module BehaviorTreeEditor (193)
[2018.08.24-20.36.13:054][174]LogModuleManager: Shutting down and abandoning module FunctionalTesting (191)
[2018.08.24-20.36.13:054][174]LogModuleManager: Shutting down and abandoning module CollisionAnalyzer (189)
[2018.08.24-20.36.13:054][174]LogModuleManager: Shutting down and abandoning module WorkspaceMenuStructure (188)
[2018.08.24-20.36.13:054][174]LogModuleManager: Shutting down and abandoning module UMG (185)
[2018.08.24-20.36.13:054][174]LogModuleManager: Shutting down and abandoning module UMGEditor (184)
[2018.08.24-20.36.13:055][174]LogModuleManager: Shutting down and abandoning module Sequencer (183)
[2018.08.24-20.36.13:055][174]LogModuleManager: Shutting down and abandoning module MessageLog (180)
[2018.08.24-20.36.13:055][174]LogModuleManager: Shutting down and abandoning module SlateReflector (175)
[2018.08.24-20.36.13:055][174]LogModuleManager: Shutting down and abandoning module Slate (173)
[2018.08.24-20.36.13:055][174]LogModuleManager: Shutting down and abandoning module EditorStyle (171)
[2018.08.24-20.36.13:059][174]LogModuleManager: Shutting down and abandoning module MRMesh (169)
[2018.08.24-20.36.13:059][174]LogModuleManager: Shutting down and abandoning module Messaging (167)
[2018.08.24-20.36.13:059][174]LogModuleManager: Shutting down and abandoning module SourceCodeAccess (165)
[2018.08.24-20.36.13:059][174]LogModuleManager: Shutting down and abandoning module HeadMountedDisplay (163)
[2018.08.24-20.36.13:059][174]LogModuleManager: Shutting down and abandoning module XAudio2 (161)
[2018.08.24-20.36.13:059][174]LogModuleManager: Shutting down and abandoning module Networking (159)
[2018.08.24-20.36.13:059][174]LogModuleManager: Shutting down and abandoning module Core (157)
[2018.08.24-20.36.13:059][174]LogModuleManager: Shutting down and abandoning module LevelSequence (155)
[2018.08.24-20.36.13:059][174]LogModuleManager: Shutting down and abandoning module KismetCompiler (153)
[2018.08.24-20.36.13:059][174]LogModuleManager: Shutting down and abandoning module MeshUtilities (151)
[2018.08.24-20.36.13:059][174]LogModuleManager: Shutting down and abandoning module MeshMergeUtilities (150)
[2018.08.24-20.36.13:059][174]LogModuleManager: Shutting down and abandoning module MeshReductionInterface (149)
[2018.08.24-20.36.13:059][174]LogModuleManager: Shutting down and abandoning module SimplygonSwarm (148)
[2018.08.24-20.36.13:059][174]LogModuleManager: Shutting down and abandoning module ProxyLODMeshReduction (146)
[2018.08.24-20.36.13:059][174]LogModuleManager: Shutting down and abandoning module SimplygonMeshReduction (144)
[2018.08.24-20.36.13:059][174]LogModuleManager: Shutting down and abandoning module QuadricMeshReduction (142)
[2018.08.24-20.36.13:059][174]LogModuleManager: Shutting down and abandoning module MaterialBaking (138)
[2018.08.24-20.36.13:059][174]LogModuleManager: Shutting down and abandoning module DerivedDataCache (133)
[2018.08.24-20.36.13:303][174]LogDerivedDataCache: Shutdown
[2018.08.24-20.36.13:303][174]LogModuleManager: Shutting down and abandoning module XGEController (131)
[2018.08.24-20.36.13:303][174]LogModuleManager: Shutting down and abandoning module TargetPlatform (129)
[2018.08.24-20.36.13:303][174]LogModuleManager: Shutting down and abandoning module VulkanShaderFormat (128)
[2018.08.24-20.36.13:303][174]LogModuleManager: Shutting down and abandoning module ShaderFormatVectorVM (126)
[2018.08.24-20.36.13:303][174]LogModuleManager: Shutting down and abandoning module ShaderFormatOpenGL (124)
[2018.08.24-20.36.13:303][174]LogModuleManager: Shutting down and abandoning module ShaderFormatD3D (122)
[2018.08.24-20.36.13:303][174]LogModuleManager: Shutting down and abandoning module MetalShaderFormat (120)
[2018.08.24-20.36.13:303][174]LogModuleManager: Shutting down and abandoning module TextureFormatUncompressed (118)
[2018.08.24-20.36.13:303][174]LogModuleManager: Shutting down and abandoning module TextureFormatPVR (116)
[2018.08.24-20.36.13:303][174]LogModuleManager: Shutting down and abandoning module TextureFormatDXT (114)
[2018.08.24-20.36.13:303][174]LogModuleManager: Shutting down and abandoning module TextureFormatIntelISPCTexComp (112)
[2018.08.24-20.36.13:304][174]LogModuleManager: Shutting down and abandoning module TextureFormatASTC (110)
[2018.08.24-20.36.13:304][174]LogModuleManager: Shutting down and abandoning module ImageWrapper (109)
[2018.08.24-20.36.13:304][174]LogModuleManager: Shutting down and abandoning module TextureFormatAndroid (106)
[2018.08.24-20.36.13:304][174]LogModuleManager: Shutting down and abandoning module AudioFormatOpus (104)
[2018.08.24-20.36.13:304][174]LogModuleManager: Shutting down and abandoning module AudioFormatOgg (102)
[2018.08.24-20.36.13:304][174]LogModuleManager: Shutting down and abandoning module AudioFormatADPCM (100)
[2018.08.24-20.36.13:304][174]LogModuleManager: Shutting down and abandoning module WindowsTargetPlatform (98)
[2018.08.24-20.36.13:304][174]LogModuleManager: Shutting down and abandoning module WindowsServerTargetPlatform (96)
[2018.08.24-20.36.13:304][174]LogModuleManager: Shutting down and abandoning module WindowsNoEditorTargetPlatform (94)
[2018.08.24-20.36.13:304][174]LogModuleManager: Shutting down and abandoning module WindowsClientTargetPlatform (92)
[2018.08.24-20.36.13:304][174]LogModuleManager: Shutting down and abandoning module InputCore (89)
[2018.08.24-20.36.13:304][174]LogModuleManager: Shutting down and abandoning module Settings (87)
[2018.08.24-20.36.13:304][174]LogModuleManager: Shutting down and abandoning module PhysXCooking (85)
[2018.08.24-20.36.13:304][174]LogModuleManager: Shutting down and abandoning module SteamVR (83)
[2018.08.24-20.36.13:304][174]LogModuleManager: Shutting down and abandoning module OculusHMD (81)
[2018.08.24-20.36.13:304][174]LogModuleManager: Shutting down and abandoning module ExampleDeviceProfileSelector (79)
[2018.08.24-20.36.13:305][174]LogModuleManager: Shutting down and abandoning module LauncherChunkInstaller (77)
[2018.08.24-20.36.13:305][174]LogModuleManager: Shutting down and abandoning module OnlineBlueprintSupport (75)
[2018.08.24-20.36.13:305][174]LogModuleManager: Shutting down and abandoning module OnlineSubsystem (71)
[2018.08.24-20.36.13:306][174]LogModuleManager: Shutting down and abandoning module XMPP (65)
[2018.08.24-20.36.13:306][174]LogModuleManager: Shutting down and abandoning module WebSockets (64)
[2018.08.24-20.36.13:315][174]LogModuleManager: Shutting down and abandoning module HTTP (61)
[2018.08.24-20.36.13:328][174]LogModuleManager: Shutting down and abandoning module SSL (60)
[2018.08.24-20.36.13:332][174]LogModuleManager: Shutting down and abandoning module MagicLeapEmulator (56)
[2018.08.24-20.36.13:332][174]LogModuleManager: Shutting down and abandoning module MagicLeapPrivileges (54)
[2018.08.24-20.36.13:332][174]LogModuleManager: Shutting down and abandoning module MagicLeapIdentity (52)
[2018.08.24-20.36.13:332][174]LogModuleManager: Shutting down and abandoning module MagicLeapHelperVulkan (50)
[2018.08.24-20.36.13:332][174]LogModuleManager: Shutting down and abandoning module MagicLeapHelperOpenGL (48)
[2018.08.24-20.36.13:332][174]LogModuleManager: Shutting down and abandoning module MagicLeapSecureStorage (46)
[2018.08.24-20.36.13:332][174]LogModuleManager: Shutting down and abandoning module MagicLeapGestures (44)
[2018.08.24-20.36.13:332][174]LogModuleManager: Shutting down and abandoning module MagicLeapEyeTracker (42)
[2018.08.24-20.36.13:332][174]LogModuleManager: Shutting down and abandoning module MagicLeapController (40)
[2018.08.24-20.36.13:332][174]LogSlate: Slate User Destroyed.  User Index 0, Is Virtual User: 0
[2018.08.24-20.36.13:332][174]LogModuleManager: Shutting down and abandoning module MagicLeap (38)
[2018.08.24-20.36.13:333][174]LogModuleManager: Shutting down and abandoning module AnimationModifiers (36)
[2018.08.24-20.36.13:333][174]LogModuleManager: Shutting down and abandoning module PropertyEditor (35)
[2018.08.24-20.36.13:333][174]LogModuleManager: Shutting down and abandoning module AudioEditor (32)
[2018.08.24-20.36.13:333][174]LogModuleManager: Shutting down and abandoning module TextureCompressor (30)
[2018.08.24-20.36.13:334][174]LogModuleManager: Shutting down and abandoning module ShaderCore (28)
[2018.08.24-20.36.13:334][174]LogModuleManager: Shutting down and abandoning module Landscape (26)
[2018.08.24-20.36.13:334][174]LogModuleManager: Shutting down and abandoning module SlateRHIRenderer (24)
[2018.08.24-20.36.13:334][174]LogModuleManager: Shutting down and abandoning module OpenGLDrv (22)
[2018.08.24-20.36.13:334][174]LogModuleManager: Shutting down and abandoning module D3D11RHI (20)
[2018.08.24-20.36.13:334][174]LogModuleManager: Shutting down and abandoning module AnimGraphRuntime (18)
[2018.08.24-20.36.13:334][174]LogModuleManager: Shutting down and abandoning module Renderer (16)
[2018.08.24-20.36.13:334][174]LogModuleManager: Shutting down and abandoning module Engine (14)
[2018.08.24-20.36.13:334][174]LogModuleManager: Shutting down and abandoning module CoreUObject (12)
[2018.08.24-20.36.13:334][174]LogModuleManager: Shutting down and abandoning module NetworkFile (10)
[2018.08.24-20.36.13:334][174]LogModuleManager: Shutting down and abandoning module CookedIterativeFile (8)
[2018.08.24-20.36.13:334][174]LogModuleManager: Shutting down and abandoning module StreamingFile (6)
[2018.08.24-20.36.13:334][174]LogModuleManager: Shutting down and abandoning module SandboxFile (4)
[2018.08.24-20.36.13:335][174]LogModuleManager: Shutting down and abandoning module PakFile (2)
[2018.08.24-20.36.13:354][174]LogExit: Exiting.
[2018.08.24-20.36.13:365][174]Log file closed, 08/25/18 08:36:13
